2024-12-24 20:17:42,160 - INFO - Parsing MD results from: pretraining_md_results
2024-12-24 20:17:42,161 - INFO - Found main log file: pretraining_md_results/logs/pretraining_md_simulation.log
2024-12-24 20:17:42,161 - INFO - Found diffusion coefficient for 700.0K: 1.63e-05 cm²/s
2024-12-24 20:17:42,161 - INFO - Found diffusion coefficient for 800.0K: 4.16e-05 cm²/s
2024-12-24 20:17:42,161 - INFO - Found diffusion coefficient for 900.0K: 7.03e-05 cm²/s
2024-12-24 20:17:42,161 - INFO - Found diffusion coefficient for 1000.0K: 1.97e-04 cm²/s
2024-12-24 20:17:42,161 - INFO - 
Extracted diffusion coefficients:
2024-12-24 20:17:42,161 - INFO - Temperature (K) | Diffusion Coefficient (cm²/s)
2024-12-24 20:17:42,161 - INFO - --------------------------------------------------
2024-12-24 20:17:42,162 - INFO -         700.0 | 1.629400e-05
2024-12-24 20:17:42,162 - INFO -         800.0 | 4.162700e-05
2024-12-24 20:17:42,162 - INFO -         900.0 | 7.033600e-05
2024-12-24 20:17:42,162 - INFO -        1000.0 | 1.968000e-04
2024-12-24 20:17:43,766 - INFO - 
Arrhenius Analysis Results:
2024-12-24 20:17:43,767 - INFO - Activation Energy: 0.478 ± 0.057 eV
2024-12-24 20:17:43,767 - INFO - Activation Energy: 46.1 ± 5.5 kJ/mol
2024-12-24 20:17:43,767 - INFO - Pre-exponential factor: 4.22e-02 ± 3.39e-02 cm²/s
2024-12-24 20:17:43,767 - INFO - R-squared: 0.9720
2024-12-24 20:17:43,767 - INFO - Analysis completed successfully
