2024-12-18 14:15:41,133 - INFO - Loading structure from CIF file: ./vasp/test.cif...
2024-12-18 14:15:41,162 - INFO - Successfully read structure from ./vasp/test.cif
2024-12-18 14:15:41,162 - INFO - Initial composition: HBa27O81Y10Zr17
2024-12-18 14:15:41,163 - INFO - Successfully loaded structure
2024-12-18 14:15:41,163 - INFO - Loading potential model...
2024-12-18 14:15:41,163 - INFO - Using cached local file at /Users/brian/.cache/matgl/M3GNet-MP-2021.2.8-PES/model.pt...
2024-12-18 14:15:41,163 - INFO - Using cached local file at /Users/brian/.cache/matgl/M3GNet-MP-2021.2.8-PES/state.pt...
2024-12-18 14:15:41,163 - INFO - Using cached local file at /Users/brian/.cache/matgl/M3GNet-MP-2021.2.8-PES/model.json...
2024-12-18 14:15:41,384 - INFO - Loaded pretrained M3GNet model
2024-12-18 14:15:41,397 - INFO - Added proton 1/1:
2024-12-18 14:15:41,398 - INFO -   Near O atom: 28
2024-12-18 14:15:41,398 - INFO -   Position: [ 1.6959626   1.29588327 12.17589667]
2024-12-18 14:15:41,398 - INFO -   OH distance: 0.980 Å
2024-12-18 14:15:41,398 - INFO - Successfully added 1 protons
2024-12-18 14:15:41,399 - INFO - Final composition: H2Ba27O81Y10Zr17
2024-12-18 14:15:41,399 - INFO - Starting energy minimization...
2024-12-18 14:16:05,103 - INFO - Energy minimization completed in 105 steps
2024-12-18 14:16:05,115 - INFO - 
Starting simulation at 1000K...
2024-12-18 14:16:05,119 - INFO - Running MD at 1000K...
2024-12-18 14:16:05,464 - INFO - Temperature 1000K - Step 0/2000
2024-12-18 14:16:22,720 - INFO - Temperature 1000K - Step 100/2000
2024-12-18 14:16:39,452 - INFO - Temperature 1000K - Step 200/2000
2024-12-18 14:16:57,274 - INFO - Temperature 1000K - Step 300/2000
2024-12-18 14:17:14,643 - INFO - Temperature 1000K - Step 400/2000
2024-12-18 14:17:33,598 - INFO - Temperature 1000K - Step 500/2000
2024-12-18 14:17:54,009 - INFO - Temperature 1000K - Step 600/2000
2024-12-18 14:18:12,573 - INFO - Temperature 1000K - Step 700/2000
2024-12-18 14:18:38,922 - INFO - Loading structure from CIF file: ./vasp/Y_BaZrO3.cif...
2024-12-18 14:18:38,933 - INFO - Successfully read structure from ./vasp/Y_BaZrO3.cif
2024-12-18 14:18:38,933 - INFO - Initial composition: BaO3Zr
2024-12-18 14:18:38,933 - INFO - Successfully loaded structure
2024-12-18 14:18:38,933 - INFO - Loading potential model...
2024-12-18 14:18:38,933 - INFO - Using cached local file at /Users/brian/.cache/matgl/M3GNet-MP-2021.2.8-PES/model.pt...
2024-12-18 14:18:38,933 - INFO - Using cached local file at /Users/brian/.cache/matgl/M3GNet-MP-2021.2.8-PES/state.pt...
2024-12-18 14:18:38,933 - INFO - Using cached local file at /Users/brian/.cache/matgl/M3GNet-MP-2021.2.8-PES/model.json...
2024-12-18 14:18:39,247 - INFO - Loaded pretrained M3GNet model
2024-12-18 14:18:39,249 - INFO - Added proton 1/1:
2024-12-18 14:18:39,249 - INFO -   Near O atom: 2
2024-12-18 14:18:39,249 - INFO -   Position: [1.69591668 1.69591668 3.39183335]
2024-12-18 14:18:39,249 - INFO -   OH distance: 0.980 Å
2024-12-18 14:18:39,250 - INFO - Successfully added 1 protons
2024-12-18 14:18:39,250 - INFO - Final composition: HBaO3Zr
2024-12-18 14:18:39,250 - INFO - Starting energy minimization...
2024-12-18 14:18:40,170 - INFO - Energy minimization completed in 16 steps
2024-12-18 14:18:40,172 - INFO - 
Starting simulation at 1000K...
2024-12-18 14:18:40,175 - INFO - Running MD at 1000K...
2024-12-18 14:18:40,244 - INFO - Temperature 1000K - Step 0/2000
2024-12-18 14:22:10,156 - INFO - Loading structure from CIF file: ./vasp/Y_BaZrO3.cif...
2024-12-18 14:22:10,166 - INFO - Successfully read structure from ./vasp/Y_BaZrO3.cif
2024-12-18 14:22:10,166 - INFO - Initial composition: BaO3Y
2024-12-18 14:22:10,166 - INFO - Successfully loaded structure
2024-12-18 14:22:10,166 - INFO - Loading potential model...
2024-12-18 14:22:10,166 - INFO - Using cached local file at /Users/brian/.cache/matgl/M3GNet-MP-2021.2.8-PES/model.pt...
2024-12-18 14:22:10,166 - INFO - Using cached local file at /Users/brian/.cache/matgl/M3GNet-MP-2021.2.8-PES/state.pt...
2024-12-18 14:22:10,166 - INFO - Using cached local file at /Users/brian/.cache/matgl/M3GNet-MP-2021.2.8-PES/model.json...
2024-12-18 14:22:10,448 - INFO - Loaded pretrained M3GNet model
2024-12-18 14:22:10,451 - INFO - Added proton 1/1:
2024-12-18 14:22:10,451 - INFO -   Near O atom: 2
2024-12-18 14:22:10,452 - INFO -   Position: [1.69591668 1.69591668 3.39183335]
2024-12-18 14:22:10,452 - INFO -   OH distance: 0.980 Å
2024-12-18 14:22:10,452 - INFO - Successfully added 1 protons
2024-12-18 14:22:10,452 - INFO - Final composition: HBaO3Y
2024-12-18 14:22:10,452 - INFO - Starting energy minimization...
2024-12-18 14:22:11,535 - INFO - Energy minimization completed in 22 steps
2024-12-18 14:22:11,538 - INFO - 
Starting simulation at 1000K...
2024-12-18 14:22:11,542 - INFO - Running MD at 1000K...
2024-12-18 14:22:11,606 - INFO - Temperature 1000K - Step 0/2000
2024-12-18 14:22:14,784 - INFO - Temperature 1000K - Step 100/2000
2024-12-18 14:22:18,317 - INFO - Temperature 1000K - Step 200/2000
2024-12-18 14:22:21,948 - INFO - Temperature 1000K - Step 300/2000
2024-12-18 14:22:25,543 - INFO - Temperature 1000K - Step 400/2000
2024-12-18 14:22:28,522 - INFO - Temperature 1000K - Step 500/2000
2024-12-18 14:22:32,419 - INFO - Temperature 1000K - Step 600/2000
2024-12-18 14:22:35,449 - INFO - Temperature 1000K - Step 700/2000
2024-12-18 14:22:38,430 - INFO - Temperature 1000K - Step 800/2000
2024-12-18 14:22:41,539 - INFO - Temperature 1000K - Step 900/2000
2024-12-18 14:22:45,000 - INFO - Temperature 1000K - Step 1000/2000
2024-12-18 14:22:47,917 - INFO - Temperature 1000K - Step 1100/2000
2024-12-18 14:22:50,848 - INFO - Temperature 1000K - Step 1200/2000
2024-12-18 14:22:53,800 - INFO - Temperature 1000K - Step 1300/2000
2024-12-18 14:22:56,687 - INFO - Temperature 1000K - Step 1400/2000
2024-12-18 14:22:59,796 - INFO - Temperature 1000K - Step 1500/2000
2024-12-18 14:23:02,821 - INFO - Temperature 1000K - Step 1600/2000
2024-12-18 14:23:05,632 - INFO - Temperature 1000K - Step 1700/2000
2024-12-18 14:23:08,454 - INFO - Temperature 1000K - Step 1800/2000
2024-12-18 14:23:11,333 - INFO - Temperature 1000K - Step 1900/2000
2024-12-18 14:23:15,171 - INFO - Analyzing trajectory for 1000K...
2024-12-18 14:23:15,504 - INFO - Results for 1000K (x-direction):
2024-12-18 14:23:15,504 - INFO -   Diffusion coefficient: 2.4224e-06 [cm²/s]
2024-12-18 14:23:15,505 - INFO -   Maximum MSD: 0.32 Å²
2024-12-18 14:23:15,505 - INFO -   Average MSD: 0.12 Å²
2024-12-18 14:23:15,506 - INFO - Results for 1000K (y-direction):
2024-12-18 14:23:15,506 - INFO -   Diffusion coefficient: -1.2670e-06 [cm²/s]
2024-12-18 14:23:15,506 - INFO -   Maximum MSD: 0.35 Å²
2024-12-18 14:23:15,506 - INFO -   Average MSD: 0.13 Å²
2024-12-18 14:23:15,508 - INFO - Results for 1000K (z-direction):
2024-12-18 14:23:15,508 - INFO -   Diffusion coefficient: 4.4871e-06 [cm²/s]
2024-12-18 14:23:15,508 - INFO -   Maximum MSD: 0.35 Å²
2024-12-18 14:23:15,508 - INFO -   Average MSD: 0.17 Å²
2024-12-18 14:23:15,509 - INFO - Results for 1000K (total-direction):
2024-12-18 14:23:15,509 - INFO -   Diffusion coefficient: 1.8808e-06 [cm²/s]
2024-12-18 14:23:15,509 - INFO -   Maximum MSD: 0.76 Å²
2024-12-18 14:23:15,509 - INFO -   Average MSD: 0.42 Å²
2024-12-18 14:23:18,945 - INFO - Total Results for 1000K:
2024-12-18 14:23:18,945 - INFO -   Diffusion coefficient: 1.8808e-06 [cm²/s]
2024-12-18 14:23:19,571 - INFO - 
MD simulations completed for all temperatures
2024-12-18 14:27:28,012 - INFO - Loading structure from CIF file: ./vasp/Y_BaZrO3.cif...
2024-12-18 14:27:28,058 - INFO - Successfully read structure from ./vasp/Y_BaZrO3.cif
2024-12-18 14:27:28,058 - INFO - Initial composition: Ba27O81Y3Zr24
2024-12-18 14:27:28,059 - INFO - Successfully loaded structure
2024-12-18 14:27:28,059 - INFO - Loading potential model...
2024-12-18 14:27:28,059 - INFO - Using cached local file at /Users/brian/.cache/matgl/M3GNet-MP-2021.2.8-PES/model.pt...
2024-12-18 14:27:28,059 - INFO - Using cached local file at /Users/brian/.cache/matgl/M3GNet-MP-2021.2.8-PES/state.pt...
2024-12-18 14:27:28,059 - INFO - Using cached local file at /Users/brian/.cache/matgl/M3GNet-MP-2021.2.8-PES/model.json...
2024-12-18 14:27:28,289 - INFO - Loaded pretrained M3GNet model
2024-12-18 14:27:28,309 - INFO - Added proton 1/1:
2024-12-18 14:27:28,309 - INFO -   Near O atom: 2
2024-12-18 14:27:28,310 - INFO -   Position: [2.09789965 2.40501874 0.92549001]
2024-12-18 14:27:28,310 - INFO -   OH distance: 0.980 Å
2024-12-18 14:27:28,310 - INFO - Successfully added 1 protons
2024-12-18 14:27:28,310 - INFO - Final composition: HBa27O81Y3Zr24
2024-12-18 14:27:28,310 - INFO - Starting energy minimization...
2024-12-18 14:27:44,087 - INFO - Energy minimization completed in 65 steps
2024-12-18 14:27:44,102 - INFO - 
Starting simulation at 1000K...
2024-12-18 14:27:44,115 - INFO - Running MD at 1000K...
2024-12-18 14:27:44,445 - INFO - Temperature 1000K - Step 0/2000
2024-12-18 14:28:01,660 - INFO - Temperature 1000K - Step 100/2000
2024-12-18 14:28:19,733 - INFO - Temperature 1000K - Step 200/2000
2024-12-18 14:28:37,251 - INFO - Temperature 1000K - Step 300/2000
2024-12-18 14:29:00,493 - INFO - Temperature 1000K - Step 400/2000
2024-12-18 14:29:19,573 - INFO - Temperature 1000K - Step 500/2000
2024-12-18 14:29:37,632 - INFO - Temperature 1000K - Step 600/2000
2024-12-18 14:29:55,668 - INFO - Temperature 1000K - Step 700/2000
2024-12-18 14:30:13,924 - INFO - Temperature 1000K - Step 800/2000
2024-12-18 14:30:32,308 - INFO - Temperature 1000K - Step 900/2000
2024-12-18 14:30:51,451 - INFO - Temperature 1000K - Step 1000/2000
2024-12-18 14:31:08,390 - INFO - Temperature 1000K - Step 1100/2000
2024-12-18 14:31:25,664 - INFO - Temperature 1000K - Step 1200/2000
2024-12-18 14:31:45,364 - INFO - Temperature 1000K - Step 1300/2000
2024-12-18 14:32:02,199 - INFO - Temperature 1000K - Step 1400/2000
2024-12-18 14:32:18,889 - INFO - Temperature 1000K - Step 1500/2000
2024-12-18 14:32:35,253 - INFO - Temperature 1000K - Step 1600/2000
2024-12-18 14:32:51,888 - INFO - Temperature 1000K - Step 1700/2000
2024-12-18 14:33:08,585 - INFO - Temperature 1000K - Step 1800/2000
2024-12-18 14:33:27,676 - INFO - Temperature 1000K - Step 1900/2000
2024-12-18 14:33:48,134 - INFO - Analyzing trajectory for 1000K...
2024-12-18 14:33:48,955 - INFO - Results for 1000K (x-direction):
2024-12-18 14:33:48,955 - INFO -   Diffusion coefficient: 2.1687e-04 [cm²/s]
2024-12-18 14:33:48,955 - INFO -   Maximum MSD: 2.57 Å²
2024-12-18 14:33:48,955 - INFO -   Average MSD: 0.99 Å²
2024-12-18 14:33:48,957 - INFO - Results for 1000K (y-direction):
2024-12-18 14:33:48,957 - INFO -   Diffusion coefficient: 1.0890e-04 [cm²/s]
2024-12-18 14:33:48,957 - INFO -   Maximum MSD: 1.41 Å²
2024-12-18 14:33:48,957 - INFO -   Average MSD: 0.68 Å²
2024-12-18 14:33:48,958 - INFO - Results for 1000K (z-direction):
2024-12-18 14:33:48,958 - INFO -   Diffusion coefficient: 1.4878e-04 [cm²/s]
2024-12-18 14:33:48,958 - INFO -   Maximum MSD: 1.86 Å²
2024-12-18 14:33:48,958 - INFO -   Average MSD: 0.83 Å²
2024-12-18 14:33:48,960 - INFO - Results for 1000K (total-direction):
2024-12-18 14:33:48,960 - INFO -   Diffusion coefficient: 1.5818e-04 [cm²/s]
2024-12-18 14:33:48,960 - INFO -   Maximum MSD: 5.41 Å²
2024-12-18 14:33:48,960 - INFO -   Average MSD: 2.50 Å²
2024-12-18 14:33:52,913 - INFO - Total Results for 1000K:
2024-12-18 14:33:52,913 - INFO -   Diffusion coefficient: 1.5818e-04 [cm²/s]
2024-12-18 14:33:53,536 - INFO - 
MD simulations completed for all temperatures
2024-12-18 14:50:29,453 - INFO - Loading structure from CIF file: ./vasp/Y_BaZrO3.cif...
2024-12-18 14:50:29,473 - INFO - Successfully read structure from ./vasp/Y_BaZrO3.cif
2024-12-18 14:50:29,473 - INFO - Initial composition: Ba8O24YZr7
2024-12-18 14:50:29,474 - INFO - Successfully loaded structure
2024-12-18 14:50:29,474 - INFO - Loading potential model...
2024-12-18 14:50:29,474 - INFO - Using cached local file at /Users/brian/.cache/matgl/M3GNet-MP-2021.2.8-PES/model.pt...
2024-12-18 14:50:29,474 - INFO - Using cached local file at /Users/brian/.cache/matgl/M3GNet-MP-2021.2.8-PES/state.pt...
2024-12-18 14:50:29,474 - INFO - Using cached local file at /Users/brian/.cache/matgl/M3GNet-MP-2021.2.8-PES/model.json...
2024-12-18 14:50:29,783 - INFO - Loaded pretrained M3GNet model
2024-12-18 14:50:29,788 - INFO - Added proton 1/1:
2024-12-18 14:50:29,788 - INFO -   Near O atom: 2
2024-12-18 14:50:29,789 - INFO -   Position: [2.09220514 2.40307421 7.45859805]
2024-12-18 14:50:29,789 - INFO -   OH distance: 0.980 Å
2024-12-18 14:50:29,789 - INFO - Successfully added 1 protons
2024-12-18 14:50:29,789 - INFO - Final composition: HBa8O24YZr7
2024-12-18 14:50:29,789 - INFO - Starting energy minimization...
2024-12-18 14:50:34,052 - INFO - Energy minimization completed in 45 steps
2024-12-18 14:50:34,056 - INFO - 
Starting simulation at 1000K...
2024-12-18 14:50:34,129 - INFO - Running MD at 1000K...
2024-12-18 14:50:34,305 - INFO - Temperature 1000K - Step 0/2000
2024-12-18 14:50:42,907 - INFO - Temperature 1000K - Step 100/2000
2024-12-18 14:50:51,488 - INFO - Temperature 1000K - Step 200/2000
2024-12-18 14:50:59,711 - INFO - Temperature 1000K - Step 300/2000
2024-12-18 14:51:08,190 - INFO - Temperature 1000K - Step 400/2000
2024-12-18 14:51:16,126 - INFO - Temperature 1000K - Step 500/2000
2024-12-18 14:51:24,038 - INFO - Temperature 1000K - Step 600/2000
2024-12-18 14:51:31,939 - INFO - Temperature 1000K - Step 700/2000
2024-12-18 14:51:39,664 - INFO - Temperature 1000K - Step 800/2000
2024-12-18 14:51:47,684 - INFO - Temperature 1000K - Step 900/2000
2024-12-18 14:51:55,485 - INFO - Temperature 1000K - Step 1000/2000
2024-12-18 14:52:03,299 - INFO - Temperature 1000K - Step 1100/2000
2024-12-18 14:52:11,319 - INFO - Temperature 1000K - Step 1200/2000
2024-12-18 14:52:19,145 - INFO - Temperature 1000K - Step 1300/2000
2024-12-18 14:52:27,310 - INFO - Temperature 1000K - Step 1400/2000
2024-12-18 14:52:35,112 - INFO - Temperature 1000K - Step 1500/2000
2024-12-18 14:52:43,010 - INFO - Temperature 1000K - Step 1600/2000
2024-12-18 14:52:50,815 - INFO - Temperature 1000K - Step 1700/2000
2024-12-18 14:52:58,542 - INFO - Temperature 1000K - Step 1800/2000
2024-12-18 14:53:06,242 - INFO - Temperature 1000K - Step 1900/2000
2024-12-18 14:53:15,188 - INFO - Analyzing trajectory for 1000K...
2024-12-18 14:53:15,645 - INFO - Results for 1000K (x-direction):
2024-12-18 14:53:15,645 - INFO -   Diffusion coefficient: 1.8535e-04 [cm²/s]
2024-12-18 14:53:15,645 - INFO -   Maximum MSD: 1.76 Å²
2024-12-18 14:53:15,645 - INFO -   Average MSD: 0.79 Å²
2024-12-18 14:53:15,647 - INFO - Results for 1000K (y-direction):
2024-12-18 14:53:15,647 - INFO -   Diffusion coefficient: 9.3700e-06 [cm²/s]
2024-12-18 14:53:15,647 - INFO -   Maximum MSD: 0.61 Å²
2024-12-18 14:53:15,647 - INFO -   Average MSD: 0.20 Å²
2024-12-18 14:53:15,648 - INFO - Results for 1000K (z-direction):
2024-12-18 14:53:15,648 - INFO -   Diffusion coefficient: 1.2370e-04 [cm²/s]
2024-12-18 14:53:15,648 - INFO -   Maximum MSD: 1.45 Å²
2024-12-18 14:53:15,648 - INFO -   Average MSD: 0.59 Å²
2024-12-18 14:53:15,650 - INFO - Results for 1000K (total-direction):
2024-12-18 14:53:15,650 - INFO -   Diffusion coefficient: 1.0614e-04 [cm²/s]
2024-12-18 14:53:15,650 - INFO -   Maximum MSD: 3.32 Å²
2024-12-18 14:53:15,650 - INFO -   Average MSD: 1.58 Å²
2024-12-18 14:53:19,271 - INFO - Total Results for 1000K:
2024-12-18 14:53:19,271 - INFO -   Diffusion coefficient: 1.0614e-04 [cm²/s]
2024-12-18 14:53:19,916 - INFO - 
MD simulations completed for all temperatures
2024-12-18 15:04:51,888 - INFO - Loading structure from CIF file: ./vasp/BaZrO3_222.cif...
2024-12-18 15:04:51,912 - INFO - Successfully read structure from ./vasp/BaZrO3_222.cif
2024-12-18 15:04:51,912 - INFO - Initial composition: Ba8O24Zr8
2024-12-18 15:04:51,913 - INFO - Successfully loaded structure
2024-12-18 15:04:51,913 - INFO - Loading potential model...
2024-12-18 15:04:51,913 - INFO - Using cached local file at /Users/brian/.cache/matgl/M3GNet-MP-2021.2.8-PES/model.pt...
2024-12-18 15:04:51,913 - INFO - Using cached local file at /Users/brian/.cache/matgl/M3GNet-MP-2021.2.8-PES/state.pt...
2024-12-18 15:04:51,913 - INFO - Using cached local file at /Users/brian/.cache/matgl/M3GNet-MP-2021.2.8-PES/model.json...
2024-12-18 15:04:52,166 - INFO - Loaded pretrained M3GNet model
2024-12-18 15:04:52,171 - INFO - Added proton 1/1:
2024-12-18 15:04:52,171 - INFO -   Near O atom: 2
2024-12-18 15:04:52,173 - INFO -   Position: [1.69591668 1.29583335 7.98391668]
2024-12-18 15:04:52,173 - INFO -   OH distance: 0.980 Å
2024-12-18 15:04:52,173 - INFO - Successfully added 1 protons
2024-12-18 15:04:52,174 - INFO - Final composition: HBa8O24Zr8
2024-12-18 15:04:52,174 - INFO - Starting energy minimization...
2024-12-18 15:04:58,010 - INFO - Energy minimization completed in 51 steps
2024-12-18 15:04:58,017 - INFO - 
Starting simulation at 1000K...
2024-12-18 15:04:58,022 - INFO - Running MD at 1000K...
2024-12-18 15:04:58,187 - INFO - Temperature 1000K - Step 0/2000
2024-12-18 15:05:06,392 - INFO - Temperature 1000K - Step 100/2000
2024-12-18 15:05:15,539 - INFO - Temperature 1000K - Step 200/2000
2024-12-18 15:05:25,594 - INFO - Temperature 1000K - Step 300/2000
2024-12-18 15:05:35,522 - INFO - Temperature 1000K - Step 400/2000
2024-12-18 15:05:46,056 - INFO - Temperature 1000K - Step 500/2000
2024-12-18 15:05:54,014 - INFO - Temperature 1000K - Step 600/2000
2024-12-18 15:06:01,918 - INFO - Temperature 1000K - Step 700/2000
2024-12-18 15:06:09,879 - INFO - Temperature 1000K - Step 800/2000
2024-12-18 15:06:17,957 - INFO - Temperature 1000K - Step 900/2000
2024-12-18 15:06:25,833 - INFO - Temperature 1000K - Step 1000/2000
2024-12-18 15:06:34,044 - INFO - Temperature 1000K - Step 1100/2000
2024-12-18 15:06:42,054 - INFO - Temperature 1000K - Step 1200/2000
2024-12-18 15:06:50,702 - INFO - Temperature 1000K - Step 1300/2000
2024-12-18 15:06:58,758 - INFO - Temperature 1000K - Step 1400/2000
2024-12-18 15:07:07,523 - INFO - Temperature 1000K - Step 1500/2000
2024-12-18 15:07:16,215 - INFO - Temperature 1000K - Step 1600/2000
2024-12-18 15:07:24,408 - INFO - Temperature 1000K - Step 1700/2000
2024-12-18 15:07:32,612 - INFO - Temperature 1000K - Step 1800/2000
2024-12-18 15:07:40,952 - INFO - Temperature 1000K - Step 1900/2000
2024-12-18 15:07:50,511 - INFO - Analyzing trajectory for 1000K...
2024-12-18 15:07:51,019 - INFO - Results for 1000K (x-direction):
2024-12-18 15:07:51,019 - INFO -   Diffusion coefficient: 9.1040e-05 [cm²/s]
2024-12-18 15:07:51,019 - INFO -   Maximum MSD: 1.36 Å²
2024-12-18 15:07:51,019 - INFO -   Average MSD: 0.78 Å²
2024-12-18 15:07:51,021 - INFO - Results for 1000K (y-direction):
2024-12-18 15:07:51,021 - INFO -   Diffusion coefficient: 5.1379e-05 [cm²/s]
2024-12-18 15:07:51,021 - INFO -   Maximum MSD: 0.84 Å²
2024-12-18 15:07:51,021 - INFO -   Average MSD: 0.35 Å²
2024-12-18 15:07:51,023 - INFO - Results for 1000K (z-direction):
2024-12-18 15:07:51,023 - INFO -   Diffusion coefficient: 5.2104e-05 [cm²/s]
2024-12-18 15:07:51,023 - INFO -   Maximum MSD: 1.08 Å²
2024-12-18 15:07:51,023 - INFO -   Average MSD: 0.33 Å²
2024-12-18 15:07:51,025 - INFO - Results for 1000K (total-direction):
2024-12-18 15:07:51,025 - INFO -   Diffusion coefficient: 6.4841e-05 [cm²/s]
2024-12-18 15:07:51,025 - INFO -   Maximum MSD: 2.87 Å²
2024-12-18 15:07:51,025 - INFO -   Average MSD: 1.46 Å²
2024-12-18 15:07:54,720 - INFO - Total Results for 1000K:
2024-12-18 15:07:54,721 - INFO -   Diffusion coefficient: 6.4841e-05 [cm²/s]
2024-12-18 15:07:55,344 - INFO - 
MD simulations completed for all temperatures
