2025-02-18 16:11:16,835 - INFO - 从 ./data/perovskite_dataset.json 加载数据集...
2025-02-18 16:11:16,847 - INFO - 过滤后得到 197 个结构 (能量范围: [-45, 0] eV)
2025-02-18 16:11:16,848 - INFO - 加载微调模型: ./finetuned_model/final_model/model.pt
2025-02-18 16:11:16,848 - INFO - Downloading from remote location...
2025-02-18 16:12:15,626 - INFO - 从 ./data/perovskite_dataset.json 加载数据集...
2025-02-18 16:12:15,638 - INFO - 过滤后得到 197 个结构 (能量范围: [-45, 0] eV)
2025-02-18 16:12:15,639 - INFO - 加载微调模型: ./finetuned_model/final_model
2025-02-18 16:12:16,135 - INFO - 预测结构 1/197...
2025-02-18 16:12:16,625 - INFO - 预测结构 2/197...
2025-02-18 16:12:16,664 - INFO - 预测结构 3/197...
2025-02-18 16:12:16,693 - INFO - 预测结构 4/197...
2025-02-18 16:12:16,727 - INFO - 预测结构 5/197...
2025-02-18 16:12:16,762 - INFO - 预测结构 6/197...
2025-02-18 16:12:16,794 - INFO - 预测结构 7/197...
2025-02-18 16:12:16,824 - INFO - 预测结构 8/197...
2025-02-18 16:12:16,853 - INFO - 预测结构 9/197...
2025-02-18 16:12:16,890 - INFO - 预测结构 10/197...
2025-02-18 16:12:16,918 - INFO - 预测结构 11/197...
2025-02-18 16:12:16,949 - INFO - 预测结构 12/197...
2025-02-18 16:12:16,982 - INFO - 预测结构 13/197...
2025-02-18 16:12:17,027 - INFO - 预测结构 14/197...
2025-02-18 16:12:17,061 - INFO - 预测结构 15/197...
2025-02-18 16:12:17,094 - INFO - 预测结构 16/197...
2025-02-18 16:12:17,125 - INFO - 预测结构 17/197...
2025-02-18 16:12:17,156 - INFO - 预测结构 18/197...
2025-02-18 16:12:17,188 - INFO - 预测结构 19/197...
2025-02-18 16:12:17,217 - INFO - 预测结构 20/197...
2025-02-18 16:12:17,246 - INFO - 预测结构 21/197...
2025-02-18 16:12:17,276 - INFO - 预测结构 22/197...
2025-02-18 16:12:17,305 - INFO - 预测结构 23/197...
2025-02-18 16:12:17,336 - INFO - 预测结构 24/197...
2025-02-18 16:12:17,364 - INFO - 预测结构 25/197...
2025-02-18 16:12:17,394 - INFO - 预测结构 26/197...
2025-02-18 16:12:17,423 - INFO - 预测结构 27/197...
2025-02-18 16:12:17,456 - INFO - 预测结构 28/197...
2025-02-18 16:12:17,489 - INFO - 预测结构 29/197...
2025-02-18 16:12:17,527 - INFO - 预测结构 30/197...
2025-02-18 16:12:17,574 - INFO - 预测结构 31/197...
2025-02-18 16:12:17,612 - INFO - 预测结构 32/197...
2025-02-18 16:12:17,652 - INFO - 预测结构 33/197...
2025-02-18 16:12:17,690 - INFO - 预测结构 34/197...
2025-02-18 16:12:17,728 - INFO - 预测结构 35/197...
2025-02-18 16:12:17,782 - INFO - 预测结构 36/197...
2025-02-18 16:12:17,814 - INFO - 预测结构 37/197...
2025-02-18 16:12:17,843 - INFO - 预测结构 38/197...
2025-02-18 16:12:17,873 - INFO - 预测结构 39/197...
2025-02-18 16:12:17,909 - INFO - 预测结构 40/197...
2025-02-18 16:12:17,938 - INFO - 预测结构 41/197...
2025-02-18 16:12:17,969 - INFO - 预测结构 42/197...
2025-02-18 16:12:18,005 - INFO - 预测结构 43/197...
2025-02-18 16:12:18,035 - INFO - 预测结构 44/197...
2025-02-18 16:12:18,060 - INFO - 预测结构 45/197...
2025-02-18 16:12:18,083 - INFO - 预测结构 46/197...
2025-02-18 16:12:18,119 - INFO - 预测结构 47/197...
2025-02-18 16:12:18,151 - INFO - 预测结构 48/197...
2025-02-18 16:12:18,191 - INFO - 预测结构 49/197...
2025-02-18 16:12:18,227 - INFO - 预测结构 50/197...
2025-02-18 16:12:18,261 - INFO - 预测结构 51/197...
2025-02-18 16:12:18,304 - INFO - 预测结构 52/197...
2025-02-18 16:12:18,336 - INFO - 预测结构 53/197...
2025-02-18 16:12:18,362 - INFO - 预测结构 54/197...
2025-02-18 16:12:18,394 - INFO - 预测结构 55/197...
2025-02-18 16:12:18,427 - INFO - 预测结构 56/197...
2025-02-18 16:12:18,457 - INFO - 预测结构 57/197...
2025-02-18 16:12:18,491 - INFO - 预测结构 58/197...
2025-02-18 16:12:18,520 - INFO - 预测结构 59/197...
2025-02-18 16:12:18,551 - INFO - 预测结构 60/197...
2025-02-18 16:12:18,582 - INFO - 预测结构 61/197...
2025-02-18 16:12:18,614 - INFO - 预测结构 62/197...
2025-02-18 16:12:18,647 - INFO - 预测结构 63/197...
2025-02-18 16:12:18,678 - INFO - 预测结构 64/197...
2025-02-18 16:12:18,706 - INFO - 预测结构 65/197...
2025-02-18 16:12:18,734 - INFO - 预测结构 66/197...
2025-02-18 16:12:18,759 - INFO - 预测结构 67/197...
2025-02-18 16:12:18,791 - INFO - 预测结构 68/197...
2025-02-18 16:12:18,820 - INFO - 预测结构 69/197...
2025-02-18 16:12:18,847 - INFO - 预测结构 70/197...
2025-02-18 16:12:18,876 - INFO - 预测结构 71/197...
2025-02-18 16:12:18,902 - INFO - 预测结构 72/197...
2025-02-18 16:12:18,933 - INFO - 预测结构 73/197...
2025-02-18 16:12:18,966 - INFO - 预测结构 74/197...
2025-02-18 16:12:18,991 - INFO - 预测结构 75/197...
2025-02-18 16:12:19,022 - INFO - 预测结构 76/197...
2025-02-18 16:12:19,053 - INFO - 预测结构 77/197...
2025-02-18 16:12:19,088 - INFO - 预测结构 78/197...
2025-02-18 16:12:19,117 - INFO - 预测结构 79/197...
2025-02-18 16:12:19,150 - INFO - 预测结构 80/197...
2025-02-18 16:12:19,181 - INFO - 预测结构 81/197...
2025-02-18 16:12:19,214 - INFO - 预测结构 82/197...
2025-02-18 16:12:19,245 - INFO - 预测结构 83/197...
2025-02-18 16:12:19,274 - INFO - 预测结构 84/197...
2025-02-18 16:12:19,302 - INFO - 预测结构 85/197...
2025-02-18 16:12:19,325 - INFO - 预测结构 86/197...
2025-02-18 16:12:19,354 - INFO - 预测结构 87/197...
2025-02-18 16:12:19,377 - INFO - 预测结构 88/197...
2025-02-18 16:12:19,402 - INFO - 预测结构 89/197...
2025-02-18 16:12:19,426 - INFO - 预测结构 90/197...
2025-02-18 16:12:19,456 - INFO - 预测结构 91/197...
2025-02-18 16:12:19,484 - INFO - 预测结构 92/197...
2025-02-18 16:12:19,515 - INFO - 预测结构 93/197...
2025-02-18 16:12:19,540 - INFO - 预测结构 94/197...
2025-02-18 16:12:19,570 - INFO - 预测结构 95/197...
2025-02-18 16:12:19,593 - INFO - 预测结构 96/197...
2025-02-18 16:12:19,617 - INFO - 预测结构 97/197...
2025-02-18 16:12:19,640 - INFO - 预测结构 98/197...
2025-02-18 16:12:19,669 - INFO - 预测结构 99/197...
2025-02-18 16:12:19,692 - INFO - 预测结构 100/197...
2025-02-18 16:12:19,722 - INFO - 预测结构 101/197...
2025-02-18 16:12:19,751 - INFO - 预测结构 102/197...
2025-02-18 16:12:19,775 - INFO - 预测结构 103/197...
2025-02-18 16:12:19,799 - INFO - 预测结构 104/197...
2025-02-18 16:12:19,831 - INFO - 预测结构 105/197...
2025-02-18 16:12:19,860 - INFO - 预测结构 106/197...
2025-02-18 16:12:19,895 - INFO - 预测结构 107/197...
2025-02-18 16:12:19,928 - INFO - 预测结构 108/197...
2025-02-18 16:12:19,960 - INFO - 预测结构 109/197...
2025-02-18 16:12:19,998 - INFO - 预测结构 110/197...
2025-02-18 16:12:20,026 - INFO - 预测结构 111/197...
2025-02-18 16:12:20,059 - INFO - 预测结构 112/197...
2025-02-18 16:12:20,082 - INFO - 预测结构 113/197...
2025-02-18 16:12:20,109 - INFO - 预测结构 114/197...
2025-02-18 16:12:20,140 - INFO - 预测结构 115/197...
2025-02-18 16:12:20,165 - INFO - 预测结构 116/197...
2025-02-18 16:12:20,198 - INFO - 预测结构 117/197...
2025-02-18 16:12:20,228 - INFO - 预测结构 118/197...
2025-02-18 16:12:20,256 - INFO - 预测结构 119/197...
2025-02-18 16:12:20,283 - INFO - 预测结构 120/197...
2025-02-18 16:12:20,317 - INFO - 预测结构 121/197...
2025-02-18 16:12:20,348 - INFO - 预测结构 122/197...
2025-02-18 16:12:20,379 - INFO - 预测结构 123/197...
2025-02-18 16:12:20,406 - INFO - 预测结构 124/197...
2025-02-18 16:12:20,429 - INFO - 预测结构 125/197...
2025-02-18 16:12:20,453 - INFO - 预测结构 126/197...
2025-02-18 16:12:20,482 - INFO - 预测结构 127/197...
2025-02-18 16:12:20,510 - INFO - 预测结构 128/197...
2025-02-18 16:12:20,543 - INFO - 预测结构 129/197...
2025-02-18 16:12:20,573 - INFO - 预测结构 130/197...
2025-02-18 16:12:20,600 - INFO - 预测结构 131/197...
2025-02-18 16:12:20,663 - INFO - 预测结构 132/197...
2025-02-18 16:12:20,697 - INFO - 预测结构 133/197...
2025-02-18 16:12:20,724 - INFO - 预测结构 134/197...
2025-02-18 16:12:20,753 - INFO - 预测结构 135/197...
2025-02-18 16:12:20,784 - INFO - 预测结构 136/197...
2025-02-18 16:12:20,828 - INFO - 预测结构 137/197...
2025-02-18 16:12:20,851 - INFO - 预测结构 138/197...
2025-02-18 16:12:20,876 - INFO - 预测结构 139/197...
2025-02-18 16:12:20,904 - INFO - 预测结构 140/197...
2025-02-18 16:12:20,928 - INFO - 预测结构 141/197...
2025-02-18 16:12:20,966 - INFO - 预测结构 142/197...
2025-02-18 16:12:20,990 - INFO - 预测结构 143/197...
2025-02-18 16:12:21,020 - INFO - 预测结构 144/197...
2025-02-18 16:12:21,049 - INFO - 预测结构 145/197...
2025-02-18 16:12:21,075 - INFO - 预测结构 146/197...
2025-02-18 16:12:21,102 - INFO - 预测结构 147/197...
2025-02-18 16:12:21,132 - INFO - 预测结构 148/197...
2025-02-18 16:12:21,166 - INFO - 预测结构 149/197...
2025-02-18 16:12:21,189 - INFO - 预测结构 150/197...
2025-02-18 16:12:21,219 - INFO - 预测结构 151/197...
2025-02-18 16:12:21,241 - INFO - 预测结构 152/197...
2025-02-18 16:12:21,274 - INFO - 预测结构 153/197...
2025-02-18 16:12:21,308 - INFO - 预测结构 154/197...
2025-02-18 16:12:21,334 - INFO - 预测结构 155/197...
2025-02-18 16:12:21,357 - INFO - 预测结构 156/197...
2025-02-18 16:12:21,382 - INFO - 预测结构 157/197...
2025-02-18 16:12:21,406 - INFO - 预测结构 158/197...
2025-02-18 16:12:21,433 - INFO - 预测结构 159/197...
2025-02-18 16:12:21,459 - INFO - 预测结构 160/197...
2025-02-18 16:12:21,490 - INFO - 预测结构 161/197...
2025-02-18 16:12:21,519 - INFO - 预测结构 162/197...
2025-02-18 16:12:21,570 - INFO - 预测结构 163/197...
2025-02-18 16:12:21,628 - INFO - 预测结构 164/197...
2025-02-18 16:12:21,660 - INFO - 预测结构 165/197...
2025-02-18 16:12:21,699 - INFO - 预测结构 166/197...
2025-02-18 16:12:21,737 - INFO - 预测结构 167/197...
2025-02-18 16:12:21,782 - INFO - 预测结构 168/197...
2025-02-18 16:12:21,815 - INFO - 预测结构 169/197...
2025-02-18 16:12:21,847 - INFO - 预测结构 170/197...
2025-02-18 16:12:21,876 - INFO - 预测结构 171/197...
2025-02-18 16:12:21,905 - INFO - 预测结构 172/197...
2025-02-18 16:12:21,935 - INFO - 预测结构 173/197...
2025-02-18 16:12:21,964 - INFO - 预测结构 174/197...
2025-02-18 16:12:21,992 - INFO - 预测结构 175/197...
2025-02-18 16:12:22,022 - INFO - 预测结构 176/197...
2025-02-18 16:12:22,049 - INFO - 预测结构 177/197...
2025-02-18 16:12:22,081 - INFO - 预测结构 178/197...
2025-02-18 16:12:22,115 - INFO - 预测结构 179/197...
2025-02-18 16:12:22,147 - INFO - 预测结构 180/197...
2025-02-18 16:12:22,176 - INFO - 预测结构 181/197...
2025-02-18 16:12:22,205 - INFO - 预测结构 182/197...
2025-02-18 16:12:22,241 - INFO - 预测结构 183/197...
2025-02-18 16:12:22,276 - INFO - 预测结构 184/197...
2025-02-18 16:12:22,322 - INFO - 预测结构 185/197...
2025-02-18 16:12:22,367 - INFO - 预测结构 186/197...
2025-02-18 16:12:22,415 - INFO - 预测结构 187/197...
2025-02-18 16:12:22,464 - INFO - 预测结构 188/197...
2025-02-18 16:12:22,514 - INFO - 预测结构 189/197...
2025-02-18 16:12:22,600 - INFO - 预测结构 190/197...
2025-02-18 16:12:22,656 - INFO - 预测结构 191/197...
2025-02-18 16:12:22,709 - INFO - 预测结构 192/197...
2025-02-18 16:12:22,767 - INFO - 预测结构 193/197...
2025-02-18 16:12:22,811 - INFO - 预测结构 194/197...
2025-02-18 16:12:22,854 - INFO - 预测结构 195/197...
2025-02-18 16:12:22,912 - INFO - 预测结构 196/197...
2025-02-18 16:12:22,961 - INFO - 预测结构 197/197...
2025-02-18 16:12:23,017 - INFO - 预测结果已保存至 predictions_output/predictions.json
