2025-01-16 17:39:33,447 - INFO - Loading dataset from ./data/dataset.json...
2025-01-16 17:39:33,453 - INFO - Loaded 146 structures from dataset.
2025-01-16 17:39:33,453 - INFO - Loading pre-trained M3GNet model...
2025-01-16 17:39:33,453 - INFO - Using cached local file at /Users/brian/.cache/matgl/M3GNet-MP-2021.2.8-PES/model.pt...
2025-01-16 17:39:33,454 - INFO - Using cached local file at /Users/brian/.cache/matgl/M3GNet-MP-2021.2.8-PES/state.pt...
2025-01-16 17:39:33,454 - INFO - Using cached local file at /Users/brian/.cache/matgl/M3GNet-MP-2021.2.8-PES/model.json...
2025-01-16 17:39:33,937 - INFO - Preparing PES calculator...
2025-01-16 17:39:39,416 - INFO - Predictions saved to predictions_output/predictions_pretrained.json
2025-01-16 17:41:10,375 - INFO - Loading dataset from ./data/dataset.json...
2025-01-16 17:41:10,380 - INFO - Loaded 146 structures from dataset.
2025-01-16 17:41:10,380 - INFO - Loading pre-trained M3GNet model...
2025-01-16 17:41:10,380 - INFO - Using cached local file at /Users/brian/.cache/matgl/M3GNet-MP-2021.2.8-PES/model.pt...
2025-01-16 17:41:10,380 - INFO - Using cached local file at /Users/brian/.cache/matgl/M3GNet-MP-2021.2.8-PES/state.pt...
2025-01-16 17:41:10,380 - INFO - Using cached local file at /Users/brian/.cache/matgl/M3GNet-MP-2021.2.8-PES/model.json...
2025-01-16 17:41:10,888 - INFO - Preparing PES calculator...
2025-01-16 17:41:15,610 - INFO - Predictions saved to predictions_output/predictions_pretrained.json
2025-01-16 17:43:04,335 - INFO - Loading dataset from ./data/dataset.json...
2025-01-16 17:43:04,337 - ERROR - Prediction failed: 'energy'
2025-01-16 17:43:04,337 - ERROR - Program failed: 'energy'
2025-01-16 17:44:44,393 - INFO - Loading dataset from ./data/dataset.json...
2025-01-16 17:44:44,394 - ERROR - Prediction failed: 'energy'
2025-01-16 17:44:44,394 - ERROR - Program failed: 'energy'
2025-01-16 17:45:44,292 - INFO - Loading dataset from ./data/dataset.json...
2025-01-16 17:45:44,298 - ERROR - Prediction failed: too many values to unpack (expected 3)
2025-01-16 17:45:44,298 - ERROR - Program failed: too many values to unpack (expected 3)
2025-01-16 17:46:06,620 - INFO - Loading dataset from ./data/dataset.json...
2025-01-16 17:46:06,625 - INFO - Loaded 146 structures from dataset.
2025-01-16 17:46:06,625 - INFO - Loading pre-trained M3GNet model...
2025-01-16 17:46:06,625 - INFO - Using cached local file at /Users/brian/.cache/matgl/M3GNet-MP-2021.2.8-PES/model.pt...
2025-01-16 17:46:06,626 - INFO - Using cached local file at /Users/brian/.cache/matgl/M3GNet-MP-2021.2.8-PES/state.pt...
2025-01-16 17:46:06,626 - INFO - Using cached local file at /Users/brian/.cache/matgl/M3GNet-MP-2021.2.8-PES/model.json...
2025-01-16 17:46:07,124 - INFO - Preparing PES calculator...
2025-01-16 17:46:07,124 - ERROR - Prediction failed: name 'dft_energies' is not defined
2025-01-16 17:46:07,124 - ERROR - Program failed: name 'dft_energies' is not defined
2025-01-16 17:46:20,493 - INFO - Loading dataset from ./data/dataset.json...
2025-01-16 17:46:20,499 - INFO - Loaded 146 structures from dataset.
2025-01-16 17:46:20,499 - INFO - Loading pre-trained M3GNet model...
2025-01-16 17:46:20,499 - INFO - Using cached local file at /Users/brian/.cache/matgl/M3GNet-MP-2021.2.8-PES/model.pt...
2025-01-16 17:46:20,499 - INFO - Using cached local file at /Users/brian/.cache/matgl/M3GNet-MP-2021.2.8-PES/state.pt...
2025-01-16 17:46:20,499 - INFO - Using cached local file at /Users/brian/.cache/matgl/M3GNet-MP-2021.2.8-PES/model.json...
2025-01-16 17:46:20,959 - INFO - Preparing PES calculator...
2025-01-16 17:46:20,959 - ERROR - Prediction failed: not enough values to unpack (expected 3, got 1)
2025-01-16 17:46:20,959 - ERROR - Program failed: not enough values to unpack (expected 3, got 1)
2025-01-16 17:46:42,366 - INFO - Loading dataset from ./data/dataset.json...
2025-01-16 17:46:42,371 - INFO - Loaded 146 structures from dataset.
2025-01-16 17:46:42,371 - INFO - Loading pre-trained M3GNet model...
2025-01-16 17:46:42,371 - INFO - Using cached local file at /Users/brian/.cache/matgl/M3GNet-MP-2021.2.8-PES/model.pt...
2025-01-16 17:46:42,371 - INFO - Using cached local file at /Users/brian/.cache/matgl/M3GNet-MP-2021.2.8-PES/state.pt...
2025-01-16 17:46:42,371 - INFO - Using cached local file at /Users/brian/.cache/matgl/M3GNet-MP-2021.2.8-PES/model.json...
2025-01-16 17:46:42,841 - INFO - Preparing PES calculator...
2025-01-16 17:46:42,841 - ERROR - Prediction failed: not enough values to unpack (expected 3, got 1)
2025-01-16 17:46:42,841 - ERROR - Program failed: not enough values to unpack (expected 3, got 1)
2025-01-16 17:49:55,978 - INFO - Loading dataset from ./data/dataset.json...
2025-01-16 17:49:55,984 - INFO - Loaded 146 structures from dataset.
2025-01-16 17:49:55,984 - INFO - Loading pre-trained M3GNet model...
2025-01-16 17:49:55,984 - INFO - Using cached local file at /Users/brian/.cache/matgl/M3GNet-MP-2021.2.8-PES/model.pt...
2025-01-16 17:49:55,984 - INFO - Using cached local file at /Users/brian/.cache/matgl/M3GNet-MP-2021.2.8-PES/state.pt...
2025-01-16 17:49:55,984 - INFO - Using cached local file at /Users/brian/.cache/matgl/M3GNet-MP-2021.2.8-PES/model.json...
2025-01-16 17:49:56,506 - INFO - Preparing PES calculator...
2025-01-16 17:49:56,506 - ERROR - Prediction failed: not enough values to unpack (expected 3, got 1)
2025-01-16 17:49:56,506 - ERROR - Program failed: not enough values to unpack (expected 3, got 1)
2025-01-16 17:50:26,573 - INFO - Loading dataset from ./data/dataset.json...
2025-01-16 17:50:26,578 - INFO - Loaded 146 structures from dataset.
2025-01-16 17:50:26,578 - INFO - Loading pre-trained M3GNet model...
2025-01-16 17:50:26,578 - INFO - Using cached local file at /Users/brian/.cache/matgl/M3GNet-MP-2021.2.8-PES/model.pt...
2025-01-16 17:50:26,578 - INFO - Using cached local file at /Users/brian/.cache/matgl/M3GNet-MP-2021.2.8-PES/state.pt...
2025-01-16 17:50:26,578 - INFO - Using cached local file at /Users/brian/.cache/matgl/M3GNet-MP-2021.2.8-PES/model.json...
2025-01-16 17:50:27,040 - INFO - Preparing PES calculator...
2025-01-16 17:50:27,040 - ERROR - Prediction failed: 'tuple' object has no attribute 'is_ordered'
2025-01-16 17:50:27,040 - ERROR - Program failed: 'tuple' object has no attribute 'is_ordered'
