2025-01-27 12:35:50,632 - INFO - Preparing datasets...
2025-01-27 12:35:52,141 - INFO - Loading pretrained M3GNet model...
2025-01-27 12:35:52,142 - INFO - Using cached local file at /Users/brian/.cache/matgl/M3GNet-MP-2021.2.8-PES/model.pt...
2025-01-27 12:35:52,142 - INFO - Using cached local file at /Users/brian/.cache/matgl/M3GNet-MP-2021.2.8-PES/state.pt...
2025-01-27 12:35:52,142 - INFO - Using cached local file at /Users/brian/.cache/matgl/M3GNet-MP-2021.2.8-PES/model.json...
2025-01-27 12:35:52,672 - INFO - Starting pretraining...
2025-01-27 12:48:48,830 - INFO - Model saved to trained_model/final_model
2025-01-27 12:48:48,834 - INFO - Cleanup completed
2025-01-27 13:42:45,017 - INFO - Preparing datasets...
2025-01-27 13:42:45,844 - INFO - Loading pretrained M3GNet model...
2025-01-27 13:42:45,844 - INFO - Using cached local file at /Users/brian/.cache/matgl/M3GNet-MP-2021.2.8-PES/model.pt...
2025-01-27 13:42:45,844 - INFO - Using cached local file at /Users/brian/.cache/matgl/M3GNet-MP-2021.2.8-PES/state.pt...
2025-01-27 13:42:45,844 - INFO - Using cached local file at /Users/brian/.cache/matgl/M3GNet-MP-2021.2.8-PES/model.json...
2025-01-27 13:42:46,244 - INFO - Starting pretraining...
2025-01-27 14:37:57,113 - INFO - Model saved to trained_model/final_model
2025-01-27 14:37:57,115 - INFO - Cleanup completed
2025-01-27 14:47:54,374 - INFO - Preparing datasets...
2025-01-27 14:47:57,807 - INFO - Loading pretrained M3GNet model...
2025-01-27 14:47:57,809 - INFO - Using cached local file at /Users/brian/.cache/matgl/M3GNet-MP-2021.2.8-PES/model.pt...
2025-01-27 14:47:57,809 - INFO - Using cached local file at /Users/brian/.cache/matgl/M3GNet-MP-2021.2.8-PES/state.pt...
2025-01-27 14:47:57,809 - INFO - Using cached local file at /Users/brian/.cache/matgl/M3GNet-MP-2021.2.8-PES/model.json...
2025-01-27 14:47:59,406 - INFO - Starting pretraining...
2025-01-27 15:20:04,252 - INFO - Model saved to trained_model/final_model
2025-01-27 15:20:04,255 - INFO - Cleanup completed
2025-01-27 15:39:02,304 - INFO - Preparing datasets...
2025-01-27 15:39:04,117 - INFO - Loading pretrained M3GNet model...
2025-01-27 15:39:04,118 - INFO - Using cached local file at /Users/brian/.cache/matgl/M3GNet-MP-2021.2.8-PES/model.pt...
2025-01-27 15:39:04,118 - INFO - Using cached local file at /Users/brian/.cache/matgl/M3GNet-MP-2021.2.8-PES/state.pt...
2025-01-27 15:39:04,118 - INFO - Using cached local file at /Users/brian/.cache/matgl/M3GNet-MP-2021.2.8-PES/model.json...
2025-01-27 15:39:05,074 - INFO - Starting pretraining...
2025-01-27 16:28:34,675 - INFO - Model saved to trained_model/final_model
2025-01-27 16:28:34,678 - INFO - Cleanup completed
2025-01-27 16:34:14,678 - INFO - Preparing datasets...
2025-01-27 16:34:15,507 - INFO - Loading pretrained M3GNet model...
2025-01-27 16:34:15,508 - INFO - Using cached local file at /Users/brian/.cache/matgl/M3GNet-MP-2021.2.8-PES/model.pt...
2025-01-27 16:34:15,508 - INFO - Using cached local file at /Users/brian/.cache/matgl/M3GNet-MP-2021.2.8-PES/state.pt...
2025-01-27 16:34:15,508 - INFO - Using cached local file at /Users/brian/.cache/matgl/M3GNet-MP-2021.2.8-PES/model.json...
2025-01-27 16:34:16,000 - INFO - Starting pretraining...
2025-01-27 17:29:00,057 - INFO - Model saved to trained_model/final_model
2025-01-27 17:29:00,058 - INFO - Cleanup completed
2025-01-27 20:09:35,628 - INFO - Preparing datasets...
2025-01-27 20:09:37,757 - INFO - Loading pretrained M3GNet model...
2025-01-27 20:09:37,758 - INFO - Using cached local file at /Users/brian/.cache/matgl/M3GNet-MP-2021.2.8-PES/model.pt...
2025-01-27 20:09:37,759 - INFO - Using cached local file at /Users/brian/.cache/matgl/M3GNet-MP-2021.2.8-PES/state.pt...
2025-01-27 20:09:37,759 - INFO - Using cached local file at /Users/brian/.cache/matgl/M3GNet-MP-2021.2.8-PES/model.json...
2025-01-27 20:09:38,565 - INFO - Starting pretraining...
2025-01-27 20:54:06,943 - INFO - Model saved to trained_model/final_model
2025-01-27 20:54:06,946 - INFO - Cleanup completed
2025-01-27 21:56:20,261 - INFO - Preparing datasets...
2025-01-27 21:56:21,504 - INFO - Loading pretrained M3GNet model...
2025-01-27 21:56:21,505 - INFO - Using cached local file at /Users/brian/.cache/matgl/M3GNet-MP-2021.2.8-PES/model.pt...
2025-01-27 21:56:21,505 - INFO - Using cached local file at /Users/brian/.cache/matgl/M3GNet-MP-2021.2.8-PES/state.pt...
2025-01-27 21:56:21,505 - INFO - Using cached local file at /Users/brian/.cache/matgl/M3GNet-MP-2021.2.8-PES/model.json...
2025-01-27 21:56:22,009 - INFO - Starting pretraining...
2025-01-27 22:41:35,478 - INFO - Model saved to trained_model/final_model
2025-01-27 22:41:35,482 - INFO - Cleanup completed
2025-01-27 22:55:47,410 - INFO - Preparing datasets...
2025-01-27 22:55:49,560 - INFO - Loading pretrained M3GNet model...
2025-01-27 22:55:49,562 - INFO - Using cached local file at /Users/brian/.cache/matgl/M3GNet-MP-2021.2.8-PES/model.pt...
2025-01-27 22:55:49,562 - INFO - Using cached local file at /Users/brian/.cache/matgl/M3GNet-MP-2021.2.8-PES/state.pt...
2025-01-27 22:55:49,562 - INFO - Using cached local file at /Users/brian/.cache/matgl/M3GNet-MP-2021.2.8-PES/model.json...
2025-01-27 22:55:50,277 - INFO - Starting pretraining...
