2024-12-18 17:27:28,289 - INFO - Loading structure from CIF file: ./vasp/BaZrO3_333.cif...
2024-12-18 17:27:28,375 - INFO - Successfully read structure from ./vasp/BaZrO3_333.cif
2024-12-18 17:27:28,376 - INFO - Initial composition: Ba27O81Zr27
2024-12-18 17:27:28,379 - INFO - Successfully loaded structure
2024-12-18 17:27:28,379 - INFO - Loading potential model...
2024-12-18 17:27:28,798 - INFO - Loaded fine-tuned model from ./finetuned_model/final_model
2024-12-18 17:27:28,818 - INFO - Added proton 1/1:
2024-12-18 17:27:28,818 - INFO -   Near O atom: 2
2024-12-18 17:27:28,819 - INFO -   Position: [2.40590321 2.096      0.92970963]
2024-12-18 17:27:28,819 - INFO -   OH distance: 0.980 Å
2024-12-18 17:27:28,819 - INFO - Successfully added 1 protons
2024-12-18 17:27:28,819 - INFO - Final composition: HBa27O81Zr27
2024-12-18 17:27:28,819 - INFO - Starting energy minimization...
2024-12-18 17:27:35,767 - INFO - Energy minimization completed in 30 steps
2024-12-18 17:27:35,775 - INFO - 
Starting simulation at 1000K...
2024-12-18 17:27:35,778 - INFO - Running MD at 1000K...
2024-12-18 17:27:36,087 - INFO - Temperature 1000K - Step 0/2000
2024-12-18 17:27:53,259 - INFO - Temperature 1000K - Step 100/2000
2024-12-18 17:28:11,546 - INFO - Temperature 1000K - Step 200/2000
2024-12-18 17:28:28,467 - INFO - Temperature 1000K - Step 300/2000
2024-12-18 17:28:46,203 - INFO - Temperature 1000K - Step 400/2000
2024-12-18 17:29:03,293 - INFO - Temperature 1000K - Step 500/2000
2024-12-18 17:29:20,045 - INFO - Temperature 1000K - Step 600/2000
2024-12-18 17:29:37,298 - INFO - Temperature 1000K - Step 700/2000
2024-12-18 17:29:54,013 - INFO - Temperature 1000K - Step 800/2000
2024-12-18 17:30:11,213 - INFO - Temperature 1000K - Step 900/2000
2024-12-18 17:30:27,880 - INFO - Temperature 1000K - Step 1000/2000
2024-12-18 17:30:45,918 - INFO - Temperature 1000K - Step 1100/2000
2024-12-18 17:31:05,715 - INFO - Temperature 1000K - Step 1200/2000
2024-12-18 17:31:27,432 - INFO - Temperature 1000K - Step 1300/2000
2024-12-18 17:31:47,050 - INFO - Temperature 1000K - Step 1400/2000
2024-12-18 17:32:03,746 - INFO - Temperature 1000K - Step 1500/2000
2024-12-18 17:32:21,813 - INFO - Temperature 1000K - Step 1600/2000
2024-12-18 17:32:39,632 - INFO - Temperature 1000K - Step 1700/2000
2024-12-18 17:32:57,209 - INFO - Temperature 1000K - Step 1800/2000
2024-12-18 17:33:15,214 - INFO - Temperature 1000K - Step 1900/2000
2024-12-18 17:33:33,331 - INFO - Analyzing trajectory for 1000K...
2024-12-18 17:33:44,342 - INFO - Results for 1000K (x-direction):
2024-12-18 17:33:44,343 - INFO -   Diffusion coefficient: 7.7494e-05 [cm²/s]
2024-12-18 17:33:44,343 - INFO -   Maximum MSD: 0.48 Å²
2024-12-18 17:33:44,343 - INFO -   Average MSD: 0.28 Å²
2024-12-18 17:33:44,345 - INFO - Results for 1000K (y-direction):
2024-12-18 17:33:44,345 - INFO -   Diffusion coefficient: 2.4102e-04 [cm²/s]
2024-12-18 17:33:44,345 - INFO -   Maximum MSD: 1.26 Å²
2024-12-18 17:33:44,345 - INFO -   Average MSD: 0.79 Å²
2024-12-18 17:33:44,347 - INFO - Results for 1000K (z-direction):
2024-12-18 17:33:44,347 - INFO -   Diffusion coefficient: 2.0132e-04 [cm²/s]
2024-12-18 17:33:44,347 - INFO -   Maximum MSD: 1.04 Å²
2024-12-18 17:33:44,347 - INFO -   Average MSD: 0.53 Å²
2024-12-18 17:33:44,348 - INFO - Results for 1000K (total-direction):
2024-12-18 17:33:44,348 - INFO -   Diffusion coefficient: 1.7328e-04 [cm²/s]
2024-12-18 17:33:44,348 - INFO -   Maximum MSD: 2.60 Å²
2024-12-18 17:33:44,348 - INFO -   Average MSD: 1.60 Å²
2024-12-18 17:33:58,429 - INFO - Total Results for 1000K:
2024-12-18 17:33:58,430 - INFO -   Diffusion coefficient: 1.7328e-04 [cm²/s]
2024-12-18 17:33:59,048 - INFO - 
MD simulations completed for all temperatures
