2024-12-18 15:48:25,245 - INFO - Loading structure from CIF file: ./vasp/test.cif...
2024-12-18 15:48:25,279 - INFO - Successfully read structure from ./vasp/test.cif
2024-12-18 15:48:25,279 - INFO - Initial composition: HBa27O81Y10Zr17
2024-12-18 15:48:25,282 - INFO - Successfully loaded structure
2024-12-18 15:48:25,282 - INFO - Loading potential model...
2024-12-18 15:48:25,282 - INFO - Using cached local file at /Users/brian/.cache/matgl/M3GNet-MP-2021.2.8-PES/model.pt...
2024-12-18 15:48:25,282 - INFO - Using cached local file at /Users/brian/.cache/matgl/M3GNet-MP-2021.2.8-PES/state.pt...
2024-12-18 15:48:25,282 - INFO - Using cached local file at /Users/brian/.cache/matgl/M3GNet-MP-2021.2.8-PES/model.json...
2024-12-18 15:48:25,562 - INFO - Loaded pretrained M3GNet model
2024-12-18 15:48:25,573 - INFO - Added proton 1/1:
2024-12-18 15:48:25,573 - INFO -   Near O atom: 28
2024-12-18 15:48:25,574 - INFO -   Position: [ 1.6959626   1.29588327 12.17589667]
2024-12-18 15:48:25,574 - INFO -   OH distance: 0.980 Å
2024-12-18 15:48:25,574 - INFO - Successfully added 1 protons
2024-12-18 15:48:25,574 - INFO - Final composition: H2Ba27O81Y10Zr17
2024-12-18 15:48:25,574 - INFO - Starting energy minimization...
2024-12-18 15:48:56,655 - INFO - Energy minimization completed in 105 steps
2024-12-18 15:48:56,682 - INFO - 
Starting simulation at 1000K...
2024-12-18 15:48:56,688 - INFO - Running MD at 1000K...
2024-12-18 15:48:57,147 - INFO - Temperature 1000K - Step 0/2000
2024-12-18 15:49:21,485 - INFO - Temperature 1000K - Step 100/2000
2024-12-18 15:49:47,669 - INFO - Temperature 1000K - Step 200/2000
2024-12-18 15:50:06,046 - INFO - Temperature 1000K - Step 300/2000
2024-12-18 15:50:27,216 - INFO - Temperature 1000K - Step 400/2000
2024-12-18 15:50:49,035 - INFO - Temperature 1000K - Step 500/2000
2024-12-18 15:51:08,888 - INFO - Temperature 1000K - Step 600/2000
2024-12-18 15:51:26,206 - INFO - Temperature 1000K - Step 700/2000
2024-12-18 15:51:43,540 - INFO - Temperature 1000K - Step 800/2000
2024-12-18 15:52:00,837 - INFO - Temperature 1000K - Step 900/2000
2024-12-18 15:52:18,577 - INFO - Temperature 1000K - Step 1000/2000
2024-12-18 15:52:36,808 - INFO - Temperature 1000K - Step 1100/2000
2024-12-18 15:52:54,418 - INFO - Temperature 1000K - Step 1200/2000
2024-12-18 15:53:11,555 - INFO - Temperature 1000K - Step 1300/2000
2024-12-18 15:53:29,541 - INFO - Temperature 1000K - Step 1400/2000
2024-12-18 15:53:48,277 - INFO - Temperature 1000K - Step 1500/2000
2024-12-18 15:54:07,107 - INFO - Temperature 1000K - Step 1600/2000
2024-12-18 15:54:26,019 - INFO - Temperature 1000K - Step 1700/2000
2024-12-18 15:54:46,324 - INFO - Temperature 1000K - Step 1800/2000
2024-12-18 15:55:07,737 - INFO - Temperature 1000K - Step 1900/2000
2024-12-18 15:55:27,424 - INFO - Analyzing trajectory for 1000K...
2024-12-18 15:55:28,199 - INFO - Results for 1000K (x-direction):
2024-12-18 15:55:28,199 - INFO -   Diffusion coefficient: 8.3463e-05 [cm²/s]
2024-12-18 15:55:28,199 - INFO -   Maximum MSD: 0.52 Å²
2024-12-18 15:55:28,199 - INFO -   Average MSD: 0.21 Å²
2024-12-18 15:55:28,201 - INFO - Results for 1000K (y-direction):
2024-12-18 15:55:28,201 - INFO -   Diffusion coefficient: 1.3715e-04 [cm²/s]
2024-12-18 15:55:28,201 - INFO -   Maximum MSD: 0.88 Å²
2024-12-18 15:55:28,201 - INFO -   Average MSD: 0.33 Å²
2024-12-18 15:55:28,202 - INFO - Results for 1000K (z-direction):
2024-12-18 15:55:28,202 - INFO -   Diffusion coefficient: 1.1728e-04 [cm²/s]
2024-12-18 15:55:28,202 - INFO -   Maximum MSD: 0.68 Å²
2024-12-18 15:55:28,202 - INFO -   Average MSD: 0.26 Å²
2024-12-18 15:55:28,203 - INFO - Results for 1000K (total-direction):
2024-12-18 15:55:28,204 - INFO -   Diffusion coefficient: 1.1263e-04 [cm²/s]
2024-12-18 15:55:28,204 - INFO -   Maximum MSD: 1.81 Å²
2024-12-18 15:55:28,204 - INFO -   Average MSD: 0.80 Å²
2024-12-18 15:55:32,316 - INFO - Total Results for 1000K:
2024-12-18 15:55:32,317 - INFO -   Diffusion coefficient: 1.1263e-04 [cm²/s]
2024-12-18 15:55:32,953 - INFO - 
MD simulations completed for all temperatures
