2024-12-18 18:35:33,299 - INFO - Loading structure from CIF file: ./vasp/Y_BaZrO3_MC.cif...
2024-12-18 18:35:33,332 - INFO - Successfully read structure from ./vasp/Y_BaZrO3_MC.cif
2024-12-18 18:35:33,332 - INFO - Initial composition: Ba27O81Y10Zr17
2024-12-18 18:35:33,334 - INFO - Successfully loaded structure
2024-12-18 18:35:33,334 - INFO - Loading potential model...
2024-12-18 18:35:33,334 - INFO - Using cached local file at /Users/brian/.cache/matgl/M3GNet-MP-2021.2.8-PES/model.pt...
2024-12-18 18:35:33,334 - INFO - Using cached local file at /Users/brian/.cache/matgl/M3GNet-MP-2021.2.8-PES/state.pt...
2024-12-18 18:35:33,334 - INFO - Using cached local file at /Users/brian/.cache/matgl/M3GNet-MP-2021.2.8-PES/model.json...
2024-12-18 18:35:33,599 - INFO - Loaded pretrained M3GNet model
2024-12-18 18:35:33,610 - INFO - Added proton 1/1:
2024-12-18 18:35:33,611 - INFO -   Near O atom: 44
2024-12-18 18:35:33,611 - INFO -   Position: [2.096      2.40590321 0.92970963]
2024-12-18 18:35:33,611 - INFO -   OH distance: 0.980 Å
2024-12-18 18:35:33,612 - INFO - Successfully added 1 protons
2024-12-18 18:35:33,612 - INFO - Final composition: HBa27O81Y10Zr17
2024-12-18 18:35:33,612 - INFO - Starting energy minimization...
2024-12-18 18:36:11,448 - INFO - Energy minimization completed in 143 steps
2024-12-18 18:36:11,484 - INFO - 
Starting simulation at 1000K...
2024-12-18 18:36:11,494 - INFO - Running MD simulation...
2024-12-18 18:36:12,019 - INFO - Temperature 1000K - Step 0/2000
2024-12-18 18:36:34,459 - INFO - Temperature 1000K - Step 100/2000
2024-12-18 18:36:53,558 - INFO - Temperature 1000K - Step 200/2000
2024-12-18 18:37:13,227 - INFO - Temperature 1000K - Step 300/2000
2024-12-18 18:37:35,000 - INFO - Temperature 1000K - Step 400/2000
2024-12-18 18:37:54,437 - INFO - Temperature 1000K - Step 500/2000
2024-12-18 18:38:16,938 - INFO - Temperature 1000K - Step 600/2000
2024-12-18 18:38:40,379 - INFO - Temperature 1000K - Step 700/2000
2024-12-18 18:38:57,712 - INFO - Temperature 1000K - Step 800/2000
2024-12-18 18:39:16,054 - INFO - Temperature 1000K - Step 900/2000
2024-12-18 18:39:36,011 - INFO - Temperature 1000K - Step 1000/2000
2024-12-18 18:39:53,635 - INFO - Temperature 1000K - Step 1100/2000
2024-12-18 18:40:11,056 - INFO - Temperature 1000K - Step 1200/2000
2024-12-18 18:40:27,966 - INFO - Temperature 1000K - Step 1300/2000
2024-12-18 18:40:49,261 - INFO - Temperature 1000K - Step 1400/2000
2024-12-18 18:41:06,513 - INFO - Temperature 1000K - Step 1500/2000
2024-12-18 18:41:23,416 - INFO - Temperature 1000K - Step 1600/2000
2024-12-18 18:41:45,658 - INFO - Temperature 1000K - Step 1700/2000
2024-12-18 18:42:02,673 - INFO - Temperature 1000K - Step 1800/2000
2024-12-18 18:42:20,932 - INFO - Temperature 1000K - Step 1900/2000
2024-12-18 18:42:40,362 - INFO - Analyzing trajectory for 1000K...
2024-12-18 18:42:41,181 - INFO - Results for 1000K (x-direction):
2024-12-18 18:42:41,181 - INFO -   Diffusion coefficient: 1.9567e-05 [cm²/s]
2024-12-18 18:42:41,181 - INFO -   Maximum MSD: 0.24 Å²
2024-12-18 18:42:41,181 - INFO -   Average MSD: 0.10 Å²
2024-12-18 18:42:41,183 - INFO - Results for 1000K (y-direction):
2024-12-18 18:42:41,183 - INFO -   Diffusion coefficient: 6.9373e-05 [cm²/s]
2024-12-18 18:42:41,183 - INFO -   Maximum MSD: 0.45 Å²
2024-12-18 18:42:41,183 - INFO -   Average MSD: 0.18 Å²
2024-12-18 18:42:41,185 - INFO - Results for 1000K (z-direction):
2024-12-18 18:42:41,185 - INFO -   Diffusion coefficient: 9.1310e-06 [cm²/s]
2024-12-18 18:42:41,185 - INFO -   Maximum MSD: 0.15 Å²
2024-12-18 18:42:41,185 - INFO -   Average MSD: 0.05 Å²
2024-12-18 18:42:41,186 - INFO - Results for 1000K (total-direction):
2024-12-18 18:42:41,186 - INFO -   Diffusion coefficient: 3.2691e-05 [cm²/s]
2024-12-18 18:42:41,186 - INFO -   Maximum MSD: 0.60 Å²
2024-12-18 18:42:41,186 - INFO -   Average MSD: 0.33 Å²
2024-12-18 18:42:45,698 - INFO - Total Results for 1000K:
2024-12-18 18:42:45,698 - INFO -   Diffusion coefficient: 3.2691e-05 [cm²/s]
2024-12-18 18:42:46,333 - INFO - 
MD simulations completed for all temperatures
2024-12-18 19:05:43,506 - INFO - Loading structure from CIF file: ./vasp/Y_BaZrO3_MC.cif...
2024-12-18 19:05:43,533 - INFO - Successfully read structure from ./vasp/Y_BaZrO3_MC.cif
2024-12-18 19:05:43,533 - INFO - Initial composition: Ba27O81Y10Zr17
2024-12-18 19:05:43,535 - INFO - Successfully loaded structure
2024-12-18 19:05:43,535 - INFO - Loading potential model...
2024-12-18 19:05:43,535 - INFO - Using cached local file at /Users/brian/.cache/matgl/M3GNet-MP-2021.2.8-PES/model.pt...
2024-12-18 19:05:43,535 - INFO - Using cached local file at /Users/brian/.cache/matgl/M3GNet-MP-2021.2.8-PES/state.pt...
2024-12-18 19:05:43,535 - INFO - Using cached local file at /Users/brian/.cache/matgl/M3GNet-MP-2021.2.8-PES/model.json...
2024-12-18 19:05:43,797 - INFO - Loaded pretrained M3GNet model
2024-12-18 19:05:43,809 - INFO - Added proton 1/1:
2024-12-18 19:05:43,809 - INFO -   Near O atom: 44
2024-12-18 19:05:43,809 - INFO -   Position: [2.096      2.40590321 0.92970963]
2024-12-18 19:05:43,809 - INFO -   OH distance: 0.980 Å
2024-12-18 19:05:43,809 - INFO - Successfully added 1 protons
2024-12-18 19:05:43,810 - INFO - Final composition: HBa27O81Y10Zr17
2024-12-18 19:05:43,810 - INFO - Starting energy minimization...
2024-12-18 19:06:18,199 - INFO - Energy minimization completed in 143 steps
2024-12-18 19:06:18,218 - INFO - 
Starting simulation at 1000K...
2024-12-18 19:06:18,240 - INFO - Running MD simulation...
2024-12-18 19:06:18,591 - INFO - Temperature 1000K - Step 0/2000
2024-12-18 19:06:39,639 - INFO - Temperature 1000K - Step 100/2000
2024-12-18 19:06:58,089 - INFO - Temperature 1000K - Step 200/2000
2024-12-18 19:07:15,598 - INFO - Temperature 1000K - Step 300/2000
2024-12-18 19:07:33,149 - INFO - Temperature 1000K - Step 400/2000
2024-12-18 19:07:50,786 - INFO - Temperature 1000K - Step 500/2000
2024-12-18 19:08:08,131 - INFO - Temperature 1000K - Step 600/2000
2024-12-18 19:08:25,291 - INFO - Temperature 1000K - Step 700/2000
2024-12-18 19:08:42,626 - INFO - Temperature 1000K - Step 800/2000
2024-12-18 19:09:00,242 - INFO - Temperature 1000K - Step 900/2000
2024-12-18 19:09:18,223 - INFO - Temperature 1000K - Step 1000/2000
2024-12-18 19:09:35,071 - INFO - Temperature 1000K - Step 1100/2000
2024-12-18 19:09:52,305 - INFO - Temperature 1000K - Step 1200/2000
2024-12-18 19:10:09,280 - INFO - Temperature 1000K - Step 1300/2000
2024-12-18 19:10:26,816 - INFO - Temperature 1000K - Step 1400/2000
2024-12-18 19:10:50,413 - INFO - Temperature 1000K - Step 1500/2000
2024-12-18 19:11:14,080 - INFO - Temperature 1000K - Step 1600/2000
2024-12-18 19:11:33,617 - INFO - Temperature 1000K - Step 1700/2000
2024-12-18 19:11:52,670 - INFO - Temperature 1000K - Step 1800/2000
2024-12-18 19:12:11,168 - INFO - Temperature 1000K - Step 1900/2000
2024-12-18 19:12:30,950 - INFO - Analyzing trajectory for 1000K...
2024-12-18 19:12:31,792 - INFO - Results for 1000K (x-direction):
2024-12-18 19:12:31,792 - INFO -   Diffusion coefficient: 3.0526e-05 [cm²/s]
2024-12-18 19:12:31,793 - INFO -   Maximum MSD: 0.32 Å²
2024-12-18 19:12:31,793 - INFO -   Average MSD: 0.08 Å²
2024-12-18 19:12:31,794 - INFO - Results for 1000K (y-direction):
2024-12-18 19:12:31,794 - INFO -   Diffusion coefficient: 6.2887e-05 [cm²/s]
2024-12-18 19:12:31,794 - INFO -   Maximum MSD: 0.60 Å²
2024-12-18 19:12:31,794 - INFO -   Average MSD: 0.19 Å²
2024-12-18 19:12:31,796 - INFO - Results for 1000K (z-direction):
2024-12-18 19:12:31,796 - INFO -   Diffusion coefficient: 6.0765e-05 [cm²/s]
2024-12-18 19:12:31,796 - INFO -   Maximum MSD: 0.59 Å²
2024-12-18 19:12:31,796 - INFO -   Average MSD: 0.15 Å²
2024-12-18 19:12:31,797 - INFO - Results for 1000K (total-direction):
2024-12-18 19:12:31,797 - INFO -   Diffusion coefficient: 5.1393e-05 [cm²/s]
2024-12-18 19:12:31,797 - INFO -   Maximum MSD: 1.16 Å²
2024-12-18 19:12:31,797 - INFO -   Average MSD: 0.42 Å²
2024-12-18 19:12:35,881 - INFO - Total Results for 1000K:
2024-12-18 19:12:35,881 - INFO -   Diffusion coefficient: 5.1393e-05 [cm²/s]
2024-12-18 19:12:36,526 - INFO - 
MD simulations completed for all temperatures
