2024-12-06 12:11:19,575 - INFO - Preparing datasets...
2024-12-06 12:11:20,114 - INFO - Loading pretrained M3GNet model...
2024-12-06 12:11:20,114 - INFO - Using cached local file at /Users/brian/.cache/matgl/M3GNet-MP-2021.2.8-PES/model.pt...
2024-12-06 12:11:20,114 - INFO - Using cached local file at /Users/brian/.cache/matgl/M3GNet-MP-2021.2.8-PES/state.pt...
2024-12-06 12:11:20,114 - INFO - Using cached local file at /Users/brian/.cache/matgl/M3GNet-MP-2021.2.8-PES/model.json...
2024-12-06 12:11:20,430 - INFO - Starting pretraining...
2024-12-06 12:11:21,197 - INFO - Model saved to trained_model/final_model
2024-12-06 12:11:21,198 - INFO - Cleanup completed
2024-12-06 12:11:56,566 - INFO - Preparing datasets...
2024-12-06 12:11:56,679 - INFO - Loading pretrained M3GNet model...
2024-12-06 12:11:56,680 - INFO - Using cached local file at /Users/brian/.cache/matgl/M3GNet-MP-2021.2.8-PES/model.pt...
2024-12-06 12:11:56,680 - INFO - Using cached local file at /Users/brian/.cache/matgl/M3GNet-MP-2021.2.8-PES/state.pt...
2024-12-06 12:11:56,680 - INFO - Using cached local file at /Users/brian/.cache/matgl/M3GNet-MP-2021.2.8-PES/model.json...
2024-12-06 12:11:57,605 - INFO - Starting pretraining...
2024-12-06 12:11:58,407 - INFO - Model saved to trained_model/final_model
2024-12-06 12:11:58,407 - INFO - Cleanup completed
2024-12-09 12:43:23,996 - INFO - Preparing datasets...
2024-12-09 12:43:24,093 - INFO - Loading pretrained M3GNet model...
2024-12-09 12:43:24,094 - INFO - Using cached local file at /Users/brian/.cache/matgl/M3GNet-MP-2021.2.8-PES/model.pt...
2024-12-09 12:43:24,094 - INFO - Using cached local file at /Users/brian/.cache/matgl/M3GNet-MP-2021.2.8-PES/state.pt...
2024-12-09 12:43:24,094 - INFO - Using cached local file at /Users/brian/.cache/matgl/M3GNet-MP-2021.2.8-PES/model.json...
2024-12-09 12:43:24,375 - INFO - Starting pretraining...
2024-12-09 12:43:24,819 - INFO - Model saved to trained_model/final_model
2024-12-09 12:43:24,819 - INFO - Cleanup completed
2024-12-09 12:44:36,330 - INFO - Preparing datasets...
2024-12-09 12:44:36,445 - INFO - Loading pretrained M3GNet model...
2024-12-09 12:44:36,446 - INFO - Using cached local file at /Users/brian/.cache/matgl/M3GNet-MP-2021.2.8-PES/model.pt...
2024-12-09 12:44:36,446 - INFO - Using cached local file at /Users/brian/.cache/matgl/M3GNet-MP-2021.2.8-PES/state.pt...
2024-12-09 12:44:36,446 - INFO - Using cached local file at /Users/brian/.cache/matgl/M3GNet-MP-2021.2.8-PES/model.json...
2024-12-09 12:44:36,738 - INFO - Starting pretraining...
2024-12-09 12:44:37,201 - INFO - Model saved to trained_model/final_model
2024-12-09 12:44:37,201 - INFO - Cleanup completed
2024-12-09 12:45:42,229 - INFO - Preparing datasets...
2024-12-09 12:45:42,354 - INFO - Loading pretrained M3GNet model...
2024-12-09 12:45:42,354 - INFO - Using cached local file at /Users/brian/.cache/matgl/M3GNet-MP-2021.2.8-PES/model.pt...
2024-12-09 12:45:42,354 - INFO - Using cached local file at /Users/brian/.cache/matgl/M3GNet-MP-2021.2.8-PES/state.pt...
2024-12-09 12:45:42,355 - INFO - Using cached local file at /Users/brian/.cache/matgl/M3GNet-MP-2021.2.8-PES/model.json...
2024-12-09 12:45:42,650 - INFO - Starting pretraining...
2024-12-09 12:45:53,048 - INFO - Model saved to trained_model/final_model
2024-12-09 12:45:53,049 - INFO - Cleanup completed
