2024-12-18 17:06:13,069 - INFO - Loading structure from CIF file: ./vasp/Y_BaZrO3_MC.cif...
2024-12-18 17:06:13,070 - ERROR - MD simulation failed: get_structure_from_cif() missing 1 required positional argument: 'cif_file'
2024-12-18 17:06:13,070 - ERROR - Program failed: get_structure_from_cif() missing 1 required positional argument: 'cif_file'
2024-12-18 17:07:35,100 - INFO - Loading structure from CIF file: ./vasp/Y_BaZrO3_MC.cif...
2024-12-18 17:07:35,127 - INFO - Successfully read structure from ./vasp/Y_BaZrO3_MC.cif
2024-12-18 17:07:35,128 - INFO - Initial composition: Ba27O81Y10Zr17
2024-12-18 17:07:35,129 - INFO - Successfully loaded structure
2024-12-18 17:07:35,129 - INFO - Loading potential model...
2024-12-18 17:07:35,360 - INFO - Loaded fine-tuned model from ./finetuned_model/final_model
2024-12-18 17:07:35,372 - INFO - Added proton 1/1:
2024-12-18 17:07:35,372 - INFO -   Near O atom: 44
2024-12-18 17:07:35,373 - INFO -   Position: [2.096      2.40590321 0.92970963]
2024-12-18 17:07:35,373 - INFO -   OH distance: 0.980 Å
2024-12-18 17:07:35,373 - INFO - Successfully added 1 protons
2024-12-18 17:07:35,373 - INFO - Final composition: HBa27O81Y10Zr17
2024-12-18 17:07:35,373 - INFO - Starting energy minimization...
2024-12-18 17:07:45,452 - INFO - Energy minimization completed in 49 steps
2024-12-18 17:07:45,462 - INFO - 
Starting simulation at 1000K...
2024-12-18 17:07:45,466 - INFO - Running MD at 1000K...
2024-12-18 17:07:45,784 - INFO - Temperature 1000K - Step 0/2000
2024-12-18 17:08:04,576 - INFO - Temperature 1000K - Step 100/2000
2024-12-18 17:08:21,653 - INFO - Temperature 1000K - Step 200/2000
2024-12-18 17:08:38,920 - INFO - Temperature 1000K - Step 300/2000
2024-12-18 17:08:57,793 - INFO - Temperature 1000K - Step 400/2000
2024-12-18 17:09:15,097 - INFO - Temperature 1000K - Step 500/2000
2024-12-18 17:09:32,442 - INFO - Temperature 1000K - Step 600/2000
2024-12-18 17:09:50,464 - INFO - Temperature 1000K - Step 700/2000
2024-12-18 17:10:08,501 - INFO - Temperature 1000K - Step 800/2000
2024-12-18 17:10:25,508 - INFO - Temperature 1000K - Step 900/2000
2024-12-18 17:10:45,616 - INFO - Temperature 1000K - Step 1000/2000
2024-12-18 17:11:03,060 - INFO - Temperature 1000K - Step 1100/2000
2024-12-18 17:11:20,410 - INFO - Temperature 1000K - Step 1200/2000
2024-12-18 17:11:39,254 - INFO - Temperature 1000K - Step 1300/2000
2024-12-18 17:11:55,701 - INFO - Temperature 1000K - Step 1400/2000
2024-12-18 17:12:12,672 - INFO - Temperature 1000K - Step 1500/2000
2024-12-18 17:12:29,407 - INFO - Temperature 1000K - Step 1600/2000
2024-12-18 17:12:47,550 - INFO - Temperature 1000K - Step 1700/2000
2024-12-18 17:13:11,476 - INFO - Temperature 1000K - Step 1800/2000
2024-12-18 17:13:32,557 - INFO - Temperature 1000K - Step 1900/2000
2024-12-18 17:13:55,976 - INFO - Analyzing trajectory for 1000K...
2024-12-18 17:14:07,319 - INFO - Results for 1000K (x-direction):
2024-12-18 17:14:07,322 - INFO -   Diffusion coefficient: 1.7408e-04 [cm²/s]
2024-12-18 17:14:07,322 - INFO -   Maximum MSD: 0.92 Å²
2024-12-18 17:14:07,322 - INFO -   Average MSD: 0.49 Å²
2024-12-18 17:14:07,324 - INFO - Results for 1000K (y-direction):
2024-12-18 17:14:07,324 - INFO -   Diffusion coefficient: 2.6582e-04 [cm²/s]
2024-12-18 17:14:07,324 - INFO -   Maximum MSD: 1.56 Å²
2024-12-18 17:14:07,324 - INFO -   Average MSD: 0.57 Å²
2024-12-18 17:14:07,329 - INFO - Results for 1000K (z-direction):
2024-12-18 17:14:07,329 - INFO -   Diffusion coefficient: 1.8248e-04 [cm²/s]
2024-12-18 17:14:07,329 - INFO -   Maximum MSD: 0.96 Å²
2024-12-18 17:14:07,329 - INFO -   Average MSD: 0.55 Å²
2024-12-18 17:14:07,331 - INFO - Results for 1000K (total-direction):
2024-12-18 17:14:07,331 - INFO -   Diffusion coefficient: 2.0746e-04 [cm²/s]
2024-12-18 17:14:07,331 - INFO -   Maximum MSD: 3.25 Å²
2024-12-18 17:14:07,331 - INFO -   Average MSD: 1.61 Å²
2024-12-18 17:14:22,138 - INFO - Total Results for 1000K:
2024-12-18 17:14:22,140 - INFO -   Diffusion coefficient: 2.0746e-04 [cm²/s]
2024-12-18 17:14:22,800 - INFO - 
MD simulations completed for all temperatures
