2024-12-18 17:39:53,514 - INFO - Loading structure from CIF file: ./vasp/test.cif...
2024-12-18 17:39:53,538 - INFO - Successfully read structure from ./vasp/test.cif
2024-12-18 17:39:53,538 - INFO - Initial composition: HBa27O81Y10Zr17
2024-12-18 17:39:53,539 - INFO - Successfully loaded structure
2024-12-18 17:39:53,539 - INFO - Loading potential model...
2024-12-18 17:39:53,897 - INFO - Loaded fine-tuned model from ./finetuned_model/final_model
2024-12-18 17:39:53,909 - INFO - Added proton 1/1:
2024-12-18 17:39:53,909 - INFO -   Near O atom: 28
2024-12-18 17:39:53,909 - INFO -   Position: [ 1.6959626   1.29588327 12.17589667]
2024-12-18 17:39:53,909 - INFO -   OH distance: 0.980 Å
2024-12-18 17:39:53,909 - INFO - Successfully added 1 protons
2024-12-18 17:39:53,909 - INFO - Final composition: H2Ba27O81Y10Zr17
2024-12-18 17:39:53,909 - INFO - Starting energy minimization...
2024-12-18 17:40:12,292 - INFO - Energy minimization completed in 65 steps
2024-12-18 17:40:12,317 - INFO - 
Starting simulation at 1000K...
2024-12-18 17:40:12,321 - INFO - Running MD at 1000K...
2024-12-18 17:40:12,946 - INFO - Temperature 1000K - Step 0/2000
2024-12-18 17:40:31,611 - INFO - Temperature 1000K - Step 100/2000
2024-12-18 17:40:53,832 - INFO - Temperature 1000K - Step 200/2000
2024-12-18 17:41:26,395 - INFO - Temperature 1000K - Step 300/2000
2024-12-18 17:41:51,831 - INFO - Temperature 1000K - Step 400/2000
2024-12-18 17:42:12,484 - INFO - Temperature 1000K - Step 500/2000
2024-12-18 17:42:29,742 - INFO - Temperature 1000K - Step 600/2000
2024-12-18 17:42:51,775 - INFO - Temperature 1000K - Step 700/2000
2024-12-18 17:43:10,128 - INFO - Temperature 1000K - Step 800/2000
2024-12-18 17:43:31,804 - INFO - Temperature 1000K - Step 900/2000
2024-12-18 17:43:53,247 - INFO - Temperature 1000K - Step 1000/2000
2024-12-18 17:44:10,479 - INFO - Temperature 1000K - Step 1100/2000
2024-12-18 17:44:30,225 - INFO - Temperature 1000K - Step 1200/2000
2024-12-18 17:44:50,537 - INFO - Temperature 1000K - Step 1300/2000
2024-12-18 17:45:10,090 - INFO - Temperature 1000K - Step 1400/2000
2024-12-18 17:45:28,578 - INFO - Temperature 1000K - Step 1500/2000
2024-12-18 17:45:46,611 - INFO - Temperature 1000K - Step 1600/2000
2024-12-18 17:46:04,609 - INFO - Temperature 1000K - Step 1700/2000
2024-12-18 17:46:23,258 - INFO - Temperature 1000K - Step 1800/2000
2024-12-18 17:46:41,880 - INFO - Temperature 1000K - Step 1900/2000
2024-12-18 17:47:02,034 - INFO - Analyzing trajectory for 1000K...
2024-12-18 17:47:12,890 - INFO - Results for 1000K (x-direction):
2024-12-18 17:47:12,891 - INFO -   Diffusion coefficient: 2.0954e-04 [cm²/s]
2024-12-18 17:47:12,891 - INFO -   Maximum MSD: 1.04 Å²
2024-12-18 17:47:12,891 - INFO -   Average MSD: 0.49 Å²
2024-12-18 17:47:12,893 - INFO - Results for 1000K (y-direction):
2024-12-18 17:47:12,893 - INFO -   Diffusion coefficient: 3.1593e-04 [cm²/s]
2024-12-18 17:47:12,893 - INFO -   Maximum MSD: 1.69 Å²
2024-12-18 17:47:12,893 - INFO -   Average MSD: 0.62 Å²
2024-12-18 17:47:12,894 - INFO - Results for 1000K (z-direction):
2024-12-18 17:47:12,895 - INFO -   Diffusion coefficient: 1.2276e-04 [cm²/s]
2024-12-18 17:47:12,895 - INFO -   Maximum MSD: 0.61 Å²
2024-12-18 17:47:12,895 - INFO -   Average MSD: 0.30 Å²
2024-12-18 17:47:12,896 - INFO - Results for 1000K (total-direction):
2024-12-18 17:47:12,896 - INFO -   Diffusion coefficient: 2.1608e-04 [cm²/s]
2024-12-18 17:47:12,896 - INFO -   Maximum MSD: 3.29 Å²
2024-12-18 17:47:12,896 - INFO -   Average MSD: 1.41 Å²
2024-12-18 17:47:26,786 - INFO - Total Results for 1000K:
2024-12-18 17:47:26,787 - INFO -   Diffusion coefficient: 2.1608e-04 [cm²/s]
2024-12-18 17:47:27,431 - INFO - 
MD simulations completed for all temperatures
