2024-12-18 15:20:19,503 - INFO - Loading structure from CIF file: ./vasp/Y_BaZrO3_222.cif...
2024-12-18 15:20:19,519 - INFO - Successfully read structure from ./vasp/Y_BaZrO3_222.cif
2024-12-18 15:20:19,519 - INFO - Initial composition: Ba8O24YZr7
2024-12-18 15:20:19,519 - INFO - Successfully loaded structure
2024-12-18 15:20:19,520 - INFO - Loading potential model...
2024-12-18 15:20:19,520 - INFO - Using cached local file at /Users/brian/.cache/matgl/M3GNet-MP-2021.2.8-PES/model.pt...
2024-12-18 15:20:19,520 - INFO - Using cached local file at /Users/brian/.cache/matgl/M3GNet-MP-2021.2.8-PES/state.pt...
2024-12-18 15:20:19,520 - INFO - Using cached local file at /Users/brian/.cache/matgl/M3GNet-MP-2021.2.8-PES/model.json...
2024-12-18 15:20:19,822 - INFO - Loaded pretrained M3GNet model
2024-12-18 15:20:19,827 - INFO - Added proton 1/1:
2024-12-18 15:20:19,827 - INFO -   Near O atom: 2
2024-12-18 15:20:19,828 - INFO -   Position: [2.0980984  1.40943664 0.69409867]
2024-12-18 15:20:19,828 - INFO -   OH distance: 0.980 Å
2024-12-18 15:20:19,828 - INFO - Successfully added 1 protons
2024-12-18 15:20:19,828 - INFO - Final composition: HBa8O24YZr7
2024-12-18 15:20:19,828 - INFO - Starting energy minimization...
2024-12-18 15:20:26,024 - INFO - Energy minimization completed in 64 steps
2024-12-18 15:20:26,027 - INFO - 
Starting simulation at 1000K...
2024-12-18 15:20:26,031 - INFO - Running MD at 1000K...
2024-12-18 15:20:26,236 - INFO - Temperature 1000K - Step 0/2000
2024-12-18 15:20:35,471 - INFO - Temperature 1000K - Step 100/2000
2024-12-18 15:20:45,866 - INFO - Temperature 1000K - Step 200/2000
2024-12-18 15:20:55,099 - INFO - Temperature 1000K - Step 300/2000
2024-12-18 15:21:03,459 - INFO - Temperature 1000K - Step 400/2000
2024-12-18 15:21:11,895 - INFO - Temperature 1000K - Step 500/2000
2024-12-18 15:21:19,900 - INFO - Temperature 1000K - Step 600/2000
2024-12-18 15:21:28,757 - INFO - Temperature 1000K - Step 700/2000
2024-12-18 15:21:36,941 - INFO - Temperature 1000K - Step 800/2000
2024-12-18 15:21:45,026 - INFO - Temperature 1000K - Step 900/2000
2024-12-18 15:21:52,966 - INFO - Temperature 1000K - Step 1000/2000
2024-12-18 15:22:00,813 - INFO - Temperature 1000K - Step 1100/2000
2024-12-18 15:22:08,814 - INFO - Temperature 1000K - Step 1200/2000
2024-12-18 15:22:17,166 - INFO - Temperature 1000K - Step 1300/2000
2024-12-18 15:22:26,046 - INFO - Temperature 1000K - Step 1400/2000
2024-12-18 15:22:35,669 - INFO - Temperature 1000K - Step 1500/2000
2024-12-18 15:22:44,484 - INFO - Temperature 1000K - Step 1600/2000
2024-12-18 15:22:52,650 - INFO - Temperature 1000K - Step 1700/2000
2024-12-18 15:23:00,684 - INFO - Temperature 1000K - Step 1800/2000
2024-12-18 15:23:08,627 - INFO - Temperature 1000K - Step 1900/2000
2024-12-18 15:23:17,704 - INFO - Analyzing trajectory for 1000K...
2024-12-18 15:23:18,291 - INFO - Results for 1000K (x-direction):
2024-12-18 15:23:18,291 - INFO -   Diffusion coefficient: 9.8174e-05 [cm²/s]
2024-12-18 15:23:18,292 - INFO -   Maximum MSD: 1.33 Å²
2024-12-18 15:23:18,292 - INFO -   Average MSD: 0.47 Å²
2024-12-18 15:23:18,293 - INFO - Results for 1000K (y-direction):
2024-12-18 15:23:18,293 - INFO -   Diffusion coefficient: 1.0474e-04 [cm²/s]
2024-12-18 15:23:18,294 - INFO -   Maximum MSD: 1.15 Å²
2024-12-18 15:23:18,294 - INFO -   Average MSD: 0.46 Å²
2024-12-18 15:23:18,295 - INFO - Results for 1000K (z-direction):
2024-12-18 15:23:18,295 - INFO -   Diffusion coefficient: 1.8620e-04 [cm²/s]
2024-12-18 15:23:18,295 - INFO -   Maximum MSD: 1.79 Å²
2024-12-18 15:23:18,296 - INFO -   Average MSD: 0.83 Å²
2024-12-18 15:23:18,297 - INFO - Results for 1000K (total-direction):
2024-12-18 15:23:18,297 - INFO -   Diffusion coefficient: 1.2970e-04 [cm²/s]
2024-12-18 15:23:18,297 - INFO -   Maximum MSD: 3.37 Å²
2024-12-18 15:23:18,297 - INFO -   Average MSD: 1.76 Å²
2024-12-18 15:23:21,947 - INFO - Total Results for 1000K:
2024-12-18 15:23:21,947 - INFO -   Diffusion coefficient: 1.2970e-04 [cm²/s]
2024-12-18 15:23:22,580 - INFO - 
MD simulations completed for all temperatures
