2024-12-18 15:10:01,892 - INFO - Loading structure from CIF file: ./vasp/BaZrO3_333.cif...
2024-12-18 15:10:01,929 - INFO - Successfully read structure from ./vasp/BaZrO3_333.cif
2024-12-18 15:10:01,930 - INFO - Initial composition: Ba27O81Zr27
2024-12-18 15:10:01,931 - INFO - Successfully loaded structure
2024-12-18 15:10:01,931 - INFO - Loading potential model...
2024-12-18 15:10:01,931 - INFO - Using cached local file at /Users/brian/.cache/matgl/M3GNet-MP-2021.2.8-PES/model.pt...
2024-12-18 15:10:01,931 - INFO - Using cached local file at /Users/brian/.cache/matgl/M3GNet-MP-2021.2.8-PES/state.pt...
2024-12-18 15:10:01,931 - INFO - Using cached local file at /Users/brian/.cache/matgl/M3GNet-MP-2021.2.8-PES/model.json...
2024-12-18 15:10:02,204 - INFO - Loaded pretrained M3GNet model
2024-12-18 15:10:02,215 - INFO - Added proton 1/1:
2024-12-18 15:10:02,215 - INFO -   Near O atom: 2
2024-12-18 15:10:02,216 - INFO -   Position: [2.40590321 2.096      0.92970963]
2024-12-18 15:10:02,216 - INFO -   OH distance: 0.980 Å
2024-12-18 15:10:02,216 - INFO - Successfully added 1 protons
2024-12-18 15:10:02,216 - INFO - Final composition: HBa27O81Zr27
2024-12-18 15:10:02,216 - INFO - Starting energy minimization...
2024-12-18 15:10:10,219 - INFO - Energy minimization completed in 31 steps
2024-12-18 15:10:10,248 - INFO - 
Starting simulation at 1000K...
2024-12-18 15:10:10,258 - INFO - Running MD at 1000K...
2024-12-18 15:10:10,657 - INFO - Temperature 1000K - Step 0/2000
2024-12-18 15:10:31,893 - INFO - Temperature 1000K - Step 100/2000
2024-12-18 15:10:55,582 - INFO - Temperature 1000K - Step 200/2000
2024-12-18 15:11:21,658 - INFO - Temperature 1000K - Step 300/2000
2024-12-18 15:11:40,048 - INFO - Temperature 1000K - Step 400/2000
2024-12-18 15:11:59,594 - INFO - Temperature 1000K - Step 500/2000
2024-12-18 15:12:16,713 - INFO - Temperature 1000K - Step 600/2000
2024-12-18 15:12:33,628 - INFO - Temperature 1000K - Step 700/2000
2024-12-18 15:12:51,082 - INFO - Temperature 1000K - Step 800/2000
2024-12-18 15:13:08,074 - INFO - Temperature 1000K - Step 900/2000
2024-12-18 15:13:24,930 - INFO - Temperature 1000K - Step 1000/2000
2024-12-18 15:13:42,130 - INFO - Temperature 1000K - Step 1100/2000
2024-12-18 15:14:01,827 - INFO - Temperature 1000K - Step 1200/2000
2024-12-18 15:14:19,490 - INFO - Temperature 1000K - Step 1300/2000
2024-12-18 15:14:36,564 - INFO - Temperature 1000K - Step 1400/2000
2024-12-18 15:14:54,643 - INFO - Temperature 1000K - Step 1500/2000
2024-12-18 15:15:11,468 - INFO - Temperature 1000K - Step 1600/2000
2024-12-18 15:15:28,277 - INFO - Temperature 1000K - Step 1700/2000
2024-12-18 15:15:48,127 - INFO - Temperature 1000K - Step 1800/2000
2024-12-18 15:16:07,804 - INFO - Temperature 1000K - Step 1900/2000
2024-12-18 15:16:28,929 - INFO - Analyzing trajectory for 1000K...
2024-12-18 15:16:29,778 - INFO - Results for 1000K (x-direction):
2024-12-18 15:16:29,779 - INFO -   Diffusion coefficient: 8.6032e-05 [cm²/s]
2024-12-18 15:16:29,779 - INFO -   Maximum MSD: 1.34 Å²
2024-12-18 15:16:29,779 - INFO -   Average MSD: 0.38 Å²
2024-12-18 15:16:29,780 - INFO - Results for 1000K (y-direction):
2024-12-18 15:16:29,780 - INFO -   Diffusion coefficient: 7.5507e-05 [cm²/s]
2024-12-18 15:16:29,780 - INFO -   Maximum MSD: 1.09 Å²
2024-12-18 15:16:29,780 - INFO -   Average MSD: 0.49 Å²
2024-12-18 15:16:29,782 - INFO - Results for 1000K (z-direction):
2024-12-18 15:16:29,782 - INFO -   Diffusion coefficient: 4.5698e-04 [cm²/s]
2024-12-18 15:16:29,782 - INFO -   Maximum MSD: 4.21 Å²
2024-12-18 15:16:29,782 - INFO -   Average MSD: 2.04 Å²
2024-12-18 15:16:29,783 - INFO - Results for 1000K (total-direction):
2024-12-18 15:16:29,783 - INFO -   Diffusion coefficient: 2.0617e-04 [cm²/s]
2024-12-18 15:16:29,783 - INFO -   Maximum MSD: 5.54 Å²
2024-12-18 15:16:29,783 - INFO -   Average MSD: 2.91 Å²
2024-12-18 15:16:33,714 - INFO - Total Results for 1000K:
2024-12-18 15:16:33,714 - INFO -   Diffusion coefficient: 2.0617e-04 [cm²/s]
2024-12-18 15:16:34,331 - INFO - 
MD simulations completed for all temperatures
