2024-12-24 20:26:17,026 - INFO - Parsing MD results from: pretraining_md_results
2024-12-24 20:26:17,026 - INFO - Found main log file: pretraining_md_results/logs/pretraining_md_simulation.log
2024-12-24 20:26:17,027 - INFO - Found diffusion coefficient for 700.0K: 1.63e-05 cm²/s
2024-12-24 20:26:17,027 - INFO - Found diffusion coefficient for 800.0K: 4.16e-05 cm²/s
2024-12-24 20:26:17,027 - INFO - Found diffusion coefficient for 900.0K: 7.03e-05 cm²/s
2024-12-24 20:26:17,027 - INFO - Found diffusion coefficient for 1000.0K: 1.97e-04 cm²/s
2024-12-24 20:26:17,027 - INFO - 
Extracted diffusion coefficients:
2024-12-24 20:26:17,027 - INFO - Temperature (K) | Diffusion Coefficient (cm²/s)
2024-12-24 20:26:17,027 - INFO - --------------------------------------------------
2024-12-24 20:26:17,027 - INFO -         700.0 | 1.629400e-05
2024-12-24 20:26:17,027 - INFO -         800.0 | 4.162700e-05
2024-12-24 20:26:17,027 - INFO -         900.0 | 7.033600e-05
2024-12-24 20:26:17,027 - INFO -        1000.0 | 1.968000e-04
2024-12-24 20:26:18,557 - INFO - 
Arrhenius Analysis Results:
2024-12-24 20:26:18,557 - INFO - Activation Energy: 0.478 ± 0.057 eV
2024-12-24 20:26:18,557 - INFO - Activation Energy: 46.1 ± 5.5 kJ/mol
2024-12-24 20:26:18,557 - INFO - Pre-exponential factor: 4.22e-02 ± 3.39e-02 cm²/s
2024-12-24 20:26:18,557 - INFO - R-squared: 0.9720
2024-12-24 20:26:18,558 - INFO - Analysis completed successfully
2024-12-25 16:01:46,000 - INFO - Parsing MD results from: pretraining_md_results
2024-12-25 16:01:46,001 - INFO - Found main log file: pretraining_md_results/logs/pretraining_md_simulation.log
2024-12-25 16:01:46,002 - INFO - Found diffusion coefficient for 700.0K: 2.92e-05 cm²/s
2024-12-25 16:01:46,002 - INFO - Found diffusion coefficient for 800.0K: 7.91e-05 cm²/s
2024-12-25 16:01:46,002 - INFO - Found diffusion coefficient for 900.0K: 2.11e-04 cm²/s
2024-12-25 16:01:46,002 - INFO - Found diffusion coefficient for 1000.0K: 2.93e-04 cm²/s
2024-12-25 16:01:46,002 - INFO - Found diffusion coefficient for 1000.0K: 3.28e-04 cm²/s
2024-12-25 16:01:46,002 - INFO - 
Extracted diffusion coefficients:
2024-12-25 16:01:46,002 - INFO - Temperature (K) | Diffusion Coefficient (cm²/s)
2024-12-25 16:01:46,002 - INFO - --------------------------------------------------
2024-12-25 16:01:46,002 - INFO -         700.0 | 2.915000e-05
2024-12-25 16:01:46,002 - INFO -         800.0 | 7.905400e-05
2024-12-25 16:01:46,002 - INFO -         900.0 | 2.110500e-04
2024-12-25 16:01:46,002 - INFO -        1000.0 | 2.930000e-04
2024-12-25 16:01:46,002 - INFO -        1000.0 | 3.280000e-04
2024-12-25 16:01:47,424 - INFO - 
Arrhenius Analysis Results:
2024-12-25 16:01:47,424 - INFO - Activation Energy: 0.482 ± 0.029 eV
2024-12-25 16:01:47,424 - INFO - Activation Energy: 46.5 ± 2.8 kJ/mol
2024-12-25 16:01:47,424 - INFO - Pre-exponential factor: 8.79e-02 ± 3.49e-02 cm²/s
2024-12-25 16:01:47,424 - INFO - R-squared: 0.9890
2024-12-25 16:01:47,425 - INFO - Analysis completed successfully
2024-12-25 16:02:09,883 - INFO - Parsing MD results from: pretraining_md_results
2024-12-25 16:02:09,884 - INFO - Found main log file: pretraining_md_results/logs/pretraining_md_simulation.log
2024-12-25 16:02:09,884 - INFO - Found diffusion coefficient for 700.0K: 2.92e-05 cm²/s
2024-12-25 16:02:09,884 - INFO - Found diffusion coefficient for 800.0K: 7.91e-05 cm²/s
2024-12-25 16:02:09,884 - INFO - Found diffusion coefficient for 900.0K: 2.11e-04 cm²/s
2024-12-25 16:02:09,884 - INFO - Found diffusion coefficient for 1000.0K: 2.93e-04 cm²/s
2024-12-25 16:02:09,884 - INFO - Found diffusion coefficient for 1100.0K: 3.28e-04 cm²/s
2024-12-25 16:02:09,884 - INFO - 
Extracted diffusion coefficients:
2024-12-25 16:02:09,884 - INFO - Temperature (K) | Diffusion Coefficient (cm²/s)
2024-12-25 16:02:09,884 - INFO - --------------------------------------------------
2024-12-25 16:02:09,885 - INFO -         700.0 | 2.915000e-05
2024-12-25 16:02:09,885 - INFO -         800.0 | 7.905400e-05
2024-12-25 16:02:09,885 - INFO -         900.0 | 2.110500e-04
2024-12-25 16:02:09,885 - INFO -        1000.0 | 2.930000e-04
2024-12-25 16:02:09,885 - INFO -        1100.0 | 3.280000e-04
2024-12-25 16:02:11,201 - INFO - 
Arrhenius Analysis Results:
2024-12-25 16:02:11,201 - INFO - Activation Energy: 0.422 ± 0.051 eV
2024-12-25 16:02:11,201 - INFO - Activation Energy: 40.7 ± 4.9 kJ/mol
2024-12-25 16:02:11,201 - INFO - Pre-exponential factor: 3.60e-02 ± 2.43e-02 cm²/s
2024-12-25 16:02:11,201 - INFO - R-squared: 0.9587
2024-12-25 16:02:11,202 - INFO - Analysis completed successfully
2024-12-25 16:02:21,606 - INFO - Parsing MD results from: pretraining_md_results
2024-12-25 16:02:21,607 - INFO - Found main log file: pretraining_md_results/logs/pretraining_md_simulation.log
2024-12-25 16:02:21,607 - INFO - Found diffusion coefficient for 700.0K: 2.92e-05 cm²/s
2024-12-25 16:02:21,607 - INFO - Found diffusion coefficient for 800.0K: 7.91e-05 cm²/s
2024-12-25 16:02:21,607 - INFO - Found diffusion coefficient for 900.0K: 2.11e-04 cm²/s
2024-12-25 16:02:21,607 - INFO - Found diffusion coefficient for 1000.0K: 2.93e-04 cm²/s
2024-12-25 16:02:21,607 - INFO - Found diffusion coefficient for 1100.0K: 3.08e-04 cm²/s
2024-12-25 16:02:21,607 - INFO - 
Extracted diffusion coefficients:
2024-12-25 16:02:21,607 - INFO - Temperature (K) | Diffusion Coefficient (cm²/s)
2024-12-25 16:02:21,607 - INFO - --------------------------------------------------
2024-12-25 16:02:21,607 - INFO -         700.0 | 2.915000e-05
2024-12-25 16:02:21,607 - INFO -         800.0 | 7.905400e-05
2024-12-25 16:02:21,607 - INFO -         900.0 | 2.110500e-04
2024-12-25 16:02:21,607 - INFO -        1000.0 | 2.930000e-04
2024-12-25 16:02:21,607 - INFO -        1100.0 | 3.080000e-04
2024-12-25 16:02:22,954 - INFO - 
Arrhenius Analysis Results:
2024-12-25 16:02:22,954 - INFO - Activation Energy: 0.414 ± 0.055 eV
2024-12-25 16:02:22,955 - INFO - Activation Energy: 40.0 ± 5.3 kJ/mol
2024-12-25 16:02:22,955 - INFO - Pre-exponential factor: 3.22e-02 ± 2.38e-02 cm²/s
2024-12-25 16:02:22,955 - INFO - R-squared: 0.9496
2024-12-25 16:02:22,955 - INFO - Analysis completed successfully
2024-12-25 16:04:32,773 - INFO - Parsing MD results from: pretraining_md_results
2024-12-25 16:04:32,774 - INFO - Found main log file: pretraining_md_results/logs/pretraining_md_simulation.log
2024-12-25 16:04:32,774 - INFO - Found diffusion coefficient for 700.0K: 2.92e-05 cm²/s
2024-12-25 16:04:32,774 - INFO - Found diffusion coefficient for 800.0K: 7.91e-05 cm²/s
2024-12-25 16:04:32,774 - INFO - Found diffusion coefficient for 900.0K: 2.11e-04 cm²/s
2024-12-25 16:04:32,774 - INFO - Found diffusion coefficient for 1000.0K: 2.93e-04 cm²/s
2024-12-25 16:04:32,774 - INFO - Found diffusion coefficient for 1100.0K: 3.28e-04 cm²/s
2024-12-25 16:04:32,774 - INFO - 
Extracted diffusion coefficients:
2024-12-25 16:04:32,774 - INFO - Temperature (K) | Diffusion Coefficient (cm²/s)
2024-12-25 16:04:32,774 - INFO - --------------------------------------------------
2024-12-25 16:04:32,774 - INFO -         700.0 | 2.915000e-05
2024-12-25 16:04:32,774 - INFO -         800.0 | 7.905400e-05
2024-12-25 16:04:32,774 - INFO -         900.0 | 2.110500e-04
2024-12-25 16:04:32,774 - INFO -        1000.0 | 2.930000e-04
2024-12-25 16:04:32,774 - INFO -        1100.0 | 3.280000e-04
2024-12-25 16:04:34,226 - INFO - 
Arrhenius Analysis Results:
2024-12-25 16:04:34,227 - INFO - Activation Energy: 0.422 ± 0.051 eV
2024-12-25 16:04:34,227 - INFO - Activation Energy: 40.7 ± 4.9 kJ/mol
2024-12-25 16:04:34,227 - INFO - Pre-exponential factor: 3.60e-02 ± 2.43e-02 cm²/s
2024-12-25 16:04:34,227 - INFO - R-squared: 0.9587
2024-12-25 16:04:34,228 - INFO - Analysis completed successfully
2024-12-25 16:26:50,003 - INFO - Parsing MD results from: pretraining_md_results
2024-12-25 16:26:50,003 - INFO - Found main log file: pretraining_md_results/logs/pretraining_md_simulation.log
2024-12-25 16:26:50,003 - INFO - Found diffusion coefficient for 700.0K: 2.92e-05 cm²/s
2024-12-25 16:26:50,003 - INFO - Found diffusion coefficient for 800.0K: 7.91e-05 cm²/s
2024-12-25 16:26:50,004 - INFO - Found diffusion coefficient for 900.0K: 2.11e-04 cm²/s
2024-12-25 16:26:50,004 - INFO - Found diffusion coefficient for 1000.0K: 2.93e-04 cm²/s
2024-12-25 16:26:50,004 - INFO - Found diffusion coefficient for 1100.0K: 3.28e-04 cm²/s
2024-12-25 16:26:50,004 - INFO - 
Extracted diffusion coefficients:
2024-12-25 16:26:50,004 - INFO - Temperature (K) | Diffusion Coefficient (cm²/s)
2024-12-25 16:26:50,004 - INFO - --------------------------------------------------
2024-12-25 16:26:50,004 - INFO -         700.0 | 2.915000e-05
2024-12-25 16:26:50,004 - INFO -         800.0 | 7.905400e-05
2024-12-25 16:26:50,004 - INFO -         900.0 | 2.110500e-04
2024-12-25 16:26:50,004 - INFO -        1000.0 | 2.930000e-04
2024-12-25 16:26:50,004 - INFO -        1100.0 | 3.280000e-04
2024-12-25 16:26:51,382 - INFO - 
Arrhenius Analysis Results:
2024-12-25 16:26:51,382 - INFO - Activation Energy: 0.422 ± 0.051 eV
2024-12-25 16:26:51,382 - INFO - Activation Energy: 40.7 ± 4.9 kJ/mol
2024-12-25 16:26:51,382 - INFO - Pre-exponential factor: 3.60e-02 ± 2.43e-02 cm²/s
2024-12-25 16:26:51,382 - INFO - R-squared: 0.9587
2024-12-25 16:26:51,383 - INFO - Analysis completed successfully
2024-12-25 16:28:34,045 - INFO - Parsing MD results from: pretraining_md_results
2024-12-25 16:28:34,046 - INFO - Found main log file: pretraining_md_results/logs/pretraining_md_simulation.log
2024-12-25 16:28:34,046 - INFO - Found diffusion coefficient for 700.0K: 2.92e-05 cm²/s
2024-12-25 16:28:34,046 - INFO - Found diffusion coefficient for 800.0K: 7.91e-05 cm²/s
2024-12-25 16:28:34,046 - INFO - Found diffusion coefficient for 900.0K: 1.11e-04 cm²/s
2024-12-25 16:28:34,046 - INFO - Found diffusion coefficient for 1000.0K: 1.93e-04 cm²/s
2024-12-25 16:28:34,046 - INFO - Found diffusion coefficient for 1100.0K: 3.28e-04 cm²/s
2024-12-25 16:28:34,046 - INFO - 
Extracted diffusion coefficients:
2024-12-25 16:28:34,046 - INFO - Temperature (K) | Diffusion Coefficient (cm²/s)
2024-12-25 16:28:34,046 - INFO - --------------------------------------------------
2024-12-25 16:28:34,047 - INFO -         700.0 | 2.915000e-05
2024-12-25 16:28:34,047 - INFO -         800.0 | 7.905400e-05
2024-12-25 16:28:34,047 - INFO -         900.0 | 1.110500e-04
2024-12-25 16:28:34,047 - INFO -        1000.0 | 1.930000e-04
2024-12-25 16:28:34,047 - INFO -        1100.0 | 3.280000e-04
2024-12-25 16:28:35,400 - INFO - 
Arrhenius Analysis Results:
2024-12-25 16:28:35,400 - INFO - Activation Energy: 0.383 ± 0.027 eV
2024-12-25 16:28:35,400 - INFO - Activation Energy: 36.9 ± 2.6 kJ/mol
2024-12-25 16:28:35,400 - INFO - Pre-exponential factor: 1.74e-02 ± 6.25e-03 cm²/s
2024-12-25 16:28:35,400 - INFO - R-squared: 0.9854
2024-12-25 16:28:35,401 - INFO - Analysis completed successfully
2024-12-25 16:28:49,255 - INFO - Parsing MD results from: pretraining_md_results
2024-12-25 16:28:49,256 - INFO - Found main log file: pretraining_md_results/logs/pretraining_md_simulation.log
2024-12-25 16:28:49,256 - INFO - Found diffusion coefficient for 700.0K: 2.92e-05 cm²/s
2024-12-25 16:28:49,256 - INFO - Found diffusion coefficient for 800.0K: 7.91e-05 cm²/s
2024-12-25 16:28:49,256 - INFO - Found diffusion coefficient for 900.0K: 2.11e-04 cm²/s
2024-12-25 16:28:49,256 - INFO - Found diffusion coefficient for 1000.0K: 2.93e-04 cm²/s
2024-12-25 16:28:49,256 - INFO - Found diffusion coefficient for 1100.0K: 3.28e-04 cm²/s
2024-12-25 16:28:49,256 - INFO - 
Extracted diffusion coefficients:
2024-12-25 16:28:49,256 - INFO - Temperature (K) | Diffusion Coefficient (cm²/s)
2024-12-25 16:28:49,256 - INFO - --------------------------------------------------
2024-12-25 16:28:49,257 - INFO -         700.0 | 2.915000e-05
2024-12-25 16:28:49,257 - INFO -         800.0 | 7.905400e-05
2024-12-25 16:28:49,257 - INFO -         900.0 | 2.110500e-04
2024-12-25 16:28:49,257 - INFO -        1000.0 | 2.930000e-04
2024-12-25 16:28:49,257 - INFO -        1100.0 | 3.280000e-04
2024-12-25 16:28:49,945 - INFO - 
Arrhenius Analysis Results:
2024-12-25 16:28:49,945 - INFO - Activation Energy: 0.422 ± 0.051 eV
2024-12-25 16:28:49,945 - INFO - Activation Energy: 40.7 ± 4.9 kJ/mol
2024-12-25 16:28:49,945 - INFO - Pre-exponential factor: 3.60e-02 ± 2.43e-02 cm²/s
2024-12-25 16:28:49,945 - INFO - R-squared: 0.9587
2024-12-25 16:28:49,946 - INFO - Analysis completed successfully
2024-12-25 16:31:29,632 - INFO - Parsing MD results from: pretraining_md_results
2024-12-25 16:31:29,632 - INFO - Found main log file: pretraining_md_results/logs/pretraining_md_simulation.log
2024-12-25 16:31:29,633 - INFO - Found diffusion coefficient for 700.0K: 2.92e-05 cm²/s
2024-12-25 16:31:29,633 - INFO - Found diffusion coefficient for 800.0K: 7.91e-05 cm²/s
2024-12-25 16:31:29,633 - INFO - Found diffusion coefficient for 900.0K: 2.11e-04 cm²/s
2024-12-25 16:31:29,633 - INFO - Found diffusion coefficient for 1000.0K: 2.93e-04 cm²/s
2024-12-25 16:31:29,633 - INFO - Found diffusion coefficient for 1100.0K: 3.28e-04 cm²/s
2024-12-25 16:31:29,633 - INFO - 
Extracted diffusion coefficients:
2024-12-25 16:31:29,633 - INFO - Temperature (K) | Diffusion Coefficient (cm²/s)
2024-12-25 16:31:29,633 - INFO - --------------------------------------------------
2024-12-25 16:31:29,633 - INFO -         700.0 | 2.915000e-05
2024-12-25 16:31:29,633 - INFO -         800.0 | 7.905400e-05
2024-12-25 16:31:29,633 - INFO -         900.0 | 2.110500e-04
2024-12-25 16:31:29,633 - INFO -        1000.0 | 2.930000e-04
2024-12-25 16:31:29,633 - INFO -        1100.0 | 3.280000e-04
2024-12-25 16:31:31,038 - INFO - 
Arrhenius Analysis Results:
2024-12-25 16:31:31,038 - INFO - Activation Energy: 0.422 ± 0.051 eV
2024-12-25 16:31:31,038 - INFO - Activation Energy: 40.7 ± 4.9 kJ/mol
2024-12-25 16:31:31,038 - INFO - Pre-exponential factor: 3.60e-02 ± 2.43e-02 cm²/s
2024-12-25 16:31:31,038 - INFO - R-squared: 0.9587
2024-12-25 16:31:31,039 - INFO - Analysis completed successfully
2024-12-25 16:43:42,787 - INFO - Parsing MD results from: pretraining_md_results
2024-12-25 16:43:42,788 - INFO - Found main log file: pretraining_md_results/logs/pretraining_md_simulation.log
2024-12-25 16:43:42,788 - INFO - Found diffusion coefficient for 700.0K: 2.92e-05 cm²/s
2024-12-25 16:43:42,789 - INFO - Found diffusion coefficient for 800.0K: 7.91e-05 cm²/s
2024-12-25 16:43:42,789 - INFO - Found diffusion coefficient for 900.0K: 2.11e-04 cm²/s
2024-12-25 16:43:42,789 - INFO - Found diffusion coefficient for 1000.0K: 2.93e-04 cm²/s
2024-12-25 16:43:42,789 - INFO - Found diffusion coefficient for 1100.0K: 3.28e-04 cm²/s
2024-12-25 16:43:42,789 - INFO - 
Extracted diffusion coefficients:
2024-12-25 16:43:42,789 - INFO - Temperature (K) | Diffusion Coefficient (cm²/s)
2024-12-25 16:43:42,789 - INFO - --------------------------------------------------
2024-12-25 16:43:42,789 - INFO -         700.0 | 2.915000e-05
2024-12-25 16:43:42,789 - INFO -         800.0 | 7.905400e-05
2024-12-25 16:43:42,789 - INFO -         900.0 | 2.110500e-04
2024-12-25 16:43:42,789 - INFO -        1000.0 | 2.930000e-04
2024-12-25 16:43:42,789 - INFO -        1100.0 | 3.280000e-04
2024-12-25 16:43:44,235 - INFO - 
Arrhenius Analysis Results:
2024-12-25 16:43:44,235 - INFO - Activation Energy: 0.422 ± 0.051 eV
2024-12-25 16:43:44,235 - INFO - Activation Energy: 40.7 ± 4.9 kJ/mol
2024-12-25 16:43:44,235 - INFO - Pre-exponential factor: 3.60e-02 ± 2.43e-02 cm²/s
2024-12-25 16:43:44,235 - INFO - R-squared: 0.9587
2024-12-25 16:43:44,236 - INFO - Analysis completed successfully
2024-12-25 16:49:38,871 - INFO - Parsing MD results from: pretraining_md_results
2024-12-25 16:49:38,872 - INFO - Found main log file: pretraining_md_results/logs/pretraining_md_simulation.log
2024-12-25 16:49:38,872 - INFO - Found diffusion coefficient for 700.0K: 2.92e-05 cm²/s
2024-12-25 16:49:38,872 - INFO - Found diffusion coefficient for 800.0K: 7.91e-05 cm²/s
2024-12-25 16:49:38,872 - INFO - Found diffusion coefficient for 900.0K: 2.11e-04 cm²/s
2024-12-25 16:49:38,872 - INFO - Found diffusion coefficient for 1000.0K: 2.93e-04 cm²/s
2024-12-25 16:49:38,872 - INFO - Found diffusion coefficient for 1100.0K: 3.28e-04 cm²/s
2024-12-25 16:49:38,872 - INFO - 
Extracted diffusion coefficients:
2024-12-25 16:49:38,872 - INFO - Temperature (K) | Diffusion Coefficient (cm²/s)
2024-12-25 16:49:38,872 - INFO - --------------------------------------------------
2024-12-25 16:49:38,873 - INFO -         700.0 | 2.915000e-05
2024-12-25 16:49:38,873 - INFO -         800.0 | 7.905400e-05
2024-12-25 16:49:38,873 - INFO -         900.0 | 2.110500e-04
2024-12-25 16:49:38,873 - INFO -        1000.0 | 2.930000e-04
2024-12-25 16:49:38,873 - INFO -        1100.0 | 3.280000e-04
2024-12-25 16:49:40,211 - INFO - 
Arrhenius Analysis Results:
2024-12-25 16:49:40,211 - INFO - Activation Energy: 0.422 ± 0.051 eV
2024-12-25 16:49:40,211 - INFO - Activation Energy: 40.7 ± 4.9 kJ/mol
2024-12-25 16:49:40,211 - INFO - Pre-exponential factor: 3.60e-02 ± 2.43e-02 cm²/s
2024-12-25 16:49:40,211 - INFO - R-squared: 0.9587
2024-12-25 16:49:40,212 - INFO - Analysis completed successfully
2024-12-25 16:52:43,479 - INFO - Parsing MD results from: pretraining_md_results
2024-12-25 16:52:43,479 - INFO - Found main log file: pretraining_md_results/logs/pretraining_md_simulation.log
2024-12-25 16:52:43,480 - INFO - Found diffusion coefficient for 700.0K: 2.92e-05 cm²/s
2024-12-25 16:52:43,480 - INFO - Found diffusion coefficient for 800.0K: 7.91e-05 cm²/s
2024-12-25 16:52:43,480 - INFO - Found diffusion coefficient for 900.0K: 2.11e-04 cm²/s
2024-12-25 16:52:43,480 - INFO - Found diffusion coefficient for 1000.0K: 2.93e-04 cm²/s
2024-12-25 16:52:43,480 - INFO - Found diffusion coefficient for 1100.0K: 3.28e-04 cm²/s
2024-12-25 16:52:43,480 - INFO - 
Extracted diffusion coefficients:
2024-12-25 16:52:43,480 - INFO - Temperature (K) | Diffusion Coefficient (cm²/s)
2024-12-25 16:52:43,480 - INFO - --------------------------------------------------
2024-12-25 16:52:43,480 - INFO -         700.0 | 2.915000e-05
2024-12-25 16:52:43,480 - INFO -         800.0 | 7.905400e-05
2024-12-25 16:52:43,480 - INFO -         900.0 | 2.110500e-04
2024-12-25 16:52:43,480 - INFO -        1000.0 | 2.930000e-04
2024-12-25 16:52:43,480 - INFO -        1100.0 | 3.280000e-04
2024-12-25 16:52:44,950 - INFO - 
Arrhenius Analysis Results:
2024-12-25 16:52:44,950 - INFO - Activation Energy: 0.422 ± 0.051 eV
2024-12-25 16:52:44,950 - INFO - Activation Energy: 40.7 ± 4.9 kJ/mol
2024-12-25 16:52:44,950 - INFO - Pre-exponential factor: 3.60e-02 ± 2.43e-02 cm²/s
2024-12-25 16:52:44,950 - INFO - R-squared: 0.9587
2024-12-25 16:52:44,951 - INFO - Analysis completed successfully
2024-12-25 16:55:25,298 - INFO - Parsing MD results from: pretraining_md_results
2024-12-25 16:55:25,299 - INFO - Found main log file: pretraining_md_results/logs/pretraining_md_simulation.log
2024-12-25 16:55:25,299 - INFO - Found diffusion coefficient for 700.0K: 2.92e-05 cm²/s
2024-12-25 16:55:25,299 - INFO - Found diffusion coefficient for 800.0K: 7.91e-05 cm²/s
2024-12-25 16:55:25,299 - INFO - Found diffusion coefficient for 900.0K: 2.11e-04 cm²/s
2024-12-25 16:55:25,299 - INFO - Found diffusion coefficient for 1000.0K: 2.93e-04 cm²/s
2024-12-25 16:55:25,299 - INFO - Found diffusion coefficient for 1100.0K: 3.28e-04 cm²/s
2024-12-25 16:55:25,299 - INFO - 
Extracted diffusion coefficients:
2024-12-25 16:55:25,300 - INFO - Temperature (K) | Diffusion Coefficient (cm²/s)
2024-12-25 16:55:25,300 - INFO - --------------------------------------------------
2024-12-25 16:55:25,300 - INFO -         700.0 | 2.915000e-05
2024-12-25 16:55:25,300 - INFO -         800.0 | 7.905400e-05
2024-12-25 16:55:25,300 - INFO -         900.0 | 2.110500e-04
2024-12-25 16:55:25,300 - INFO -        1000.0 | 2.930000e-04
2024-12-25 16:55:25,300 - INFO -        1100.0 | 3.280000e-04
2024-12-25 16:55:26,819 - INFO - 
Arrhenius Analysis Results:
2024-12-25 16:55:26,819 - ERROR - Analysis failed: name 'Ea_err' is not defined
2024-12-25 16:55:26,819 - ERROR - Program failed: name 'Ea_err' is not defined
2024-12-25 16:58:01,529 - INFO - Parsing MD results from: pretraining_md_results
2024-12-25 16:58:01,530 - INFO - Found main log file: pretraining_md_results/logs/pretraining_md_simulation.log
2024-12-25 16:58:01,530 - INFO - Found diffusion coefficient for 700.0K: 2.92e-05 cm²/s
2024-12-25 16:58:01,530 - INFO - Found diffusion coefficient for 800.0K: 7.91e-05 cm²/s
2024-12-25 16:58:01,530 - INFO - Found diffusion coefficient for 900.0K: 2.11e-04 cm²/s
2024-12-25 16:58:01,530 - INFO - Found diffusion coefficient for 1000.0K: 2.93e-04 cm²/s
2024-12-25 16:58:01,530 - INFO - Found diffusion coefficient for 1100.0K: 3.28e-04 cm²/s
2024-12-25 16:58:01,530 - INFO - 
Extracted diffusion coefficients:
2024-12-25 16:58:01,530 - INFO - Temperature (K) | Diffusion Coefficient (cm²/s)
2024-12-25 16:58:01,530 - INFO - --------------------------------------------------
2024-12-25 16:58:01,531 - INFO -         700.0 | 2.915000e-05
2024-12-25 16:58:01,531 - INFO -         800.0 | 7.905400e-05
2024-12-25 16:58:01,531 - INFO -         900.0 | 2.110500e-04
2024-12-25 16:58:01,531 - INFO -        1000.0 | 2.930000e-04
2024-12-25 16:58:01,531 - INFO -        1100.0 | 3.280000e-04
2024-12-25 16:58:02,962 - INFO - 
Arrhenius Analysis Results:
2024-12-25 16:58:02,962 - ERROR - Analysis failed: name 'Ea_err' is not defined
2024-12-25 16:58:02,963 - ERROR - Program failed: name 'Ea_err' is not defined
2024-12-25 16:58:09,833 - INFO - Parsing MD results from: pretraining_md_results
2024-12-25 16:58:09,833 - INFO - Found main log file: pretraining_md_results/logs/pretraining_md_simulation.log
2024-12-25 16:58:09,834 - INFO - Found diffusion coefficient for 700.0K: 2.92e-05 cm²/s
2024-12-25 16:58:09,834 - INFO - Found diffusion coefficient for 800.0K: 7.91e-05 cm²/s
2024-12-25 16:58:09,834 - INFO - Found diffusion coefficient for 900.0K: 2.11e-04 cm²/s
2024-12-25 16:58:09,834 - INFO - Found diffusion coefficient for 1000.0K: 2.93e-04 cm²/s
2024-12-25 16:58:09,834 - INFO - Found diffusion coefficient for 1100.0K: 3.28e-04 cm²/s
2024-12-25 16:58:09,834 - INFO - 
Extracted diffusion coefficients:
2024-12-25 16:58:09,834 - INFO - Temperature (K) | Diffusion Coefficient (cm²/s)
2024-12-25 16:58:09,834 - INFO - --------------------------------------------------
2024-12-25 16:58:09,834 - INFO -         700.0 | 2.915000e-05
2024-12-25 16:58:09,834 - INFO -         800.0 | 7.905400e-05
2024-12-25 16:58:09,834 - INFO -         900.0 | 2.110500e-04
2024-12-25 16:58:09,834 - INFO -        1000.0 | 2.930000e-04
2024-12-25 16:58:09,834 - INFO -        1100.0 | 3.280000e-04
2024-12-25 16:58:10,623 - INFO - 
Arrhenius Analysis Results:
2024-12-25 16:58:10,623 - ERROR - Analysis failed: name 'Ea_err' is not defined
2024-12-25 16:58:10,624 - ERROR - Program failed: name 'Ea_err' is not defined
2024-12-25 16:59:44,980 - INFO - Parsing MD results from: pretraining_md_results
2024-12-25 16:59:44,981 - INFO - Found main log file: pretraining_md_results/logs/pretraining_md_simulation.log
2024-12-25 16:59:44,981 - INFO - Found diffusion coefficient for 700.0K: 2.92e-05 cm²/s
2024-12-25 16:59:44,982 - INFO - Found diffusion coefficient for 800.0K: 7.91e-05 cm²/s
2024-12-25 16:59:44,982 - INFO - Found diffusion coefficient for 900.0K: 2.11e-04 cm²/s
2024-12-25 16:59:44,982 - INFO - Found diffusion coefficient for 1000.0K: 2.93e-04 cm²/s
2024-12-25 16:59:44,982 - INFO - Found diffusion coefficient for 1100.0K: 3.28e-04 cm²/s
2024-12-25 16:59:44,982 - INFO - 
Extracted diffusion coefficients:
2024-12-25 16:59:44,982 - INFO - Temperature (K) | Diffusion Coefficient (cm²/s)
2024-12-25 16:59:44,982 - INFO - --------------------------------------------------
2024-12-25 16:59:44,982 - INFO -         700.0 | 2.915000e-05
2024-12-25 16:59:44,982 - INFO -         800.0 | 7.905400e-05
2024-12-25 16:59:44,982 - INFO -         900.0 | 2.110500e-04
2024-12-25 16:59:44,982 - INFO -        1000.0 | 2.930000e-04
2024-12-25 16:59:44,982 - INFO -        1100.0 | 3.280000e-04
2024-12-25 16:59:46,379 - INFO - 
Arrhenius Analysis Results:
2024-12-25 16:59:46,379 - ERROR - Analysis failed: name 'Ea_err' is not defined
2024-12-25 16:59:46,379 - ERROR - Program failed: name 'Ea_err' is not defined
2024-12-25 16:59:57,132 - INFO - Parsing MD results from: pretraining_md_results
2024-12-25 16:59:57,132 - INFO - Found main log file: pretraining_md_results/logs/pretraining_md_simulation.log
2024-12-25 16:59:57,133 - INFO - Found diffusion coefficient for 700.0K: 2.92e-05 cm²/s
2024-12-25 16:59:57,133 - INFO - Found diffusion coefficient for 800.0K: 7.91e-05 cm²/s
2024-12-25 16:59:57,133 - INFO - Found diffusion coefficient for 900.0K: 2.11e-04 cm²/s
2024-12-25 16:59:57,133 - INFO - Found diffusion coefficient for 1000.0K: 2.93e-04 cm²/s
2024-12-25 16:59:57,133 - INFO - Found diffusion coefficient for 1100.0K: 3.28e-04 cm²/s
2024-12-25 16:59:57,133 - INFO - 
Extracted diffusion coefficients:
2024-12-25 16:59:57,133 - INFO - Temperature (K) | Diffusion Coefficient (cm²/s)
2024-12-25 16:59:57,133 - INFO - --------------------------------------------------
2024-12-25 16:59:57,133 - INFO -         700.0 | 2.915000e-05
2024-12-25 16:59:57,133 - INFO -         800.0 | 7.905400e-05
2024-12-25 16:59:57,133 - INFO -         900.0 | 2.110500e-04
2024-12-25 16:59:57,133 - INFO -        1000.0 | 2.930000e-04
2024-12-25 16:59:57,133 - INFO -        1100.0 | 3.280000e-04
2024-12-25 16:59:57,907 - INFO - 
Arrhenius Analysis Results:
2024-12-25 16:59:57,907 - ERROR - Analysis failed: name 'Ea_err' is not defined
2024-12-25 16:59:57,907 - ERROR - Program failed: name 'Ea_err' is not defined
2024-12-25 17:00:21,637 - INFO - Parsing MD results from: pretraining_md_results
2024-12-25 17:00:21,638 - INFO - Found main log file: pretraining_md_results/logs/pretraining_md_simulation.log
2024-12-25 17:00:21,638 - INFO - Found diffusion coefficient for 700.0K: 2.92e-05 cm²/s
2024-12-25 17:00:21,638 - INFO - Found diffusion coefficient for 800.0K: 7.91e-05 cm²/s
2024-12-25 17:00:21,638 - INFO - Found diffusion coefficient for 900.0K: 2.11e-04 cm²/s
2024-12-25 17:00:21,638 - INFO - Found diffusion coefficient for 1000.0K: 2.93e-04 cm²/s
2024-12-25 17:00:21,638 - INFO - Found diffusion coefficient for 1100.0K: 3.28e-04 cm²/s
2024-12-25 17:00:21,639 - INFO - 
Extracted diffusion coefficients:
2024-12-25 17:00:21,639 - INFO - Temperature (K) | Diffusion Coefficient (cm²/s)
2024-12-25 17:00:21,639 - INFO - --------------------------------------------------
2024-12-25 17:00:21,639 - INFO -         700.0 | 2.915000e-05
2024-12-25 17:00:21,639 - INFO -         800.0 | 7.905400e-05
2024-12-25 17:00:21,639 - INFO -         900.0 | 2.110500e-04
2024-12-25 17:00:21,639 - INFO -        1000.0 | 2.930000e-04
2024-12-25 17:00:21,639 - INFO -        1100.0 | 3.280000e-04
2024-12-25 17:00:22,410 - INFO - 
Arrhenius Analysis Results:
2024-12-25 17:00:22,411 - ERROR - Analysis failed: name 'Ea_err' is not defined
2024-12-25 17:00:22,411 - ERROR - Program failed: name 'Ea_err' is not defined
2024-12-25 17:00:28,454 - INFO - Parsing MD results from: pretraining_md_results
2024-12-25 17:00:28,455 - INFO - Found main log file: pretraining_md_results/logs/pretraining_md_simulation.log
2024-12-25 17:00:28,455 - INFO - Found diffusion coefficient for 700.0K: 2.92e-05 cm²/s
2024-12-25 17:00:28,455 - INFO - Found diffusion coefficient for 800.0K: 7.91e-05 cm²/s
2024-12-25 17:00:28,455 - INFO - Found diffusion coefficient for 900.0K: 2.11e-04 cm²/s
2024-12-25 17:00:28,455 - INFO - Found diffusion coefficient for 1000.0K: 2.93e-04 cm²/s
2024-12-25 17:00:28,455 - INFO - Found diffusion coefficient for 1100.0K: 3.28e-04 cm²/s
2024-12-25 17:00:28,455 - INFO - 
Extracted diffusion coefficients:
2024-12-25 17:00:28,455 - INFO - Temperature (K) | Diffusion Coefficient (cm²/s)
2024-12-25 17:00:28,455 - INFO - --------------------------------------------------
2024-12-25 17:00:28,455 - INFO -         700.0 | 2.915000e-05
2024-12-25 17:00:28,455 - INFO -         800.0 | 7.905400e-05
2024-12-25 17:00:28,455 - INFO -         900.0 | 2.110500e-04
2024-12-25 17:00:28,456 - INFO -        1000.0 | 2.930000e-04
2024-12-25 17:00:28,456 - INFO -        1100.0 | 3.280000e-04
2024-12-25 17:00:29,211 - INFO - 
Arrhenius Analysis Results:
2024-12-25 17:00:29,211 - ERROR - Analysis failed: name 'Ea_err' is not defined
2024-12-25 17:00:29,211 - ERROR - Program failed: name 'Ea_err' is not defined
2024-12-25 17:00:45,972 - INFO - Parsing MD results from: pretraining_md_results
2024-12-25 17:00:45,973 - INFO - Found main log file: pretraining_md_results/logs/pretraining_md_simulation.log
2024-12-25 17:00:45,973 - INFO - Found diffusion coefficient for 700.0K: 2.92e-05 cm²/s
2024-12-25 17:00:45,973 - INFO - Found diffusion coefficient for 800.0K: 7.91e-05 cm²/s
2024-12-25 17:00:45,973 - INFO - Found diffusion coefficient for 900.0K: 2.11e-04 cm²/s
2024-12-25 17:00:45,973 - INFO - Found diffusion coefficient for 1000.0K: 2.93e-04 cm²/s
2024-12-25 17:00:45,973 - INFO - Found diffusion coefficient for 1100.0K: 3.28e-04 cm²/s
2024-12-25 17:00:45,973 - INFO - 
Extracted diffusion coefficients:
2024-12-25 17:00:45,973 - INFO - Temperature (K) | Diffusion Coefficient (cm²/s)
2024-12-25 17:00:45,973 - INFO - --------------------------------------------------
2024-12-25 17:00:45,973 - INFO -         700.0 | 2.915000e-05
2024-12-25 17:00:45,973 - INFO -         800.0 | 7.905400e-05
2024-12-25 17:00:45,973 - INFO -         900.0 | 2.110500e-04
2024-12-25 17:00:45,974 - INFO -        1000.0 | 2.930000e-04
2024-12-25 17:00:45,974 - INFO -        1100.0 | 3.280000e-04
2024-12-25 17:00:46,748 - INFO - 
Arrhenius Analysis Results:
2024-12-25 17:00:46,748 - ERROR - Analysis failed: name 'Ea_err' is not defined
2024-12-25 17:00:46,748 - ERROR - Program failed: name 'Ea_err' is not defined
2024-12-25 17:01:09,031 - INFO - Parsing MD results from: pretraining_md_results
2024-12-25 17:01:09,031 - INFO - Found main log file: pretraining_md_results/logs/pretraining_md_simulation.log
2024-12-25 17:01:09,032 - INFO - Found diffusion coefficient for 700.0K: 2.92e-05 cm²/s
2024-12-25 17:01:09,032 - INFO - Found diffusion coefficient for 800.0K: 7.91e-05 cm²/s
2024-12-25 17:01:09,032 - INFO - Found diffusion coefficient for 900.0K: 2.11e-04 cm²/s
2024-12-25 17:01:09,032 - INFO - Found diffusion coefficient for 1000.0K: 2.93e-04 cm²/s
2024-12-25 17:01:09,032 - INFO - Found diffusion coefficient for 1100.0K: 3.28e-04 cm²/s
2024-12-25 17:01:09,032 - INFO - 
Extracted diffusion coefficients:
2024-12-25 17:01:09,032 - INFO - Temperature (K) | Diffusion Coefficient (cm²/s)
2024-12-25 17:01:09,032 - INFO - --------------------------------------------------
2024-12-25 17:01:09,032 - INFO -         700.0 | 2.915000e-05
2024-12-25 17:01:09,032 - INFO -         800.0 | 7.905400e-05
2024-12-25 17:01:09,032 - INFO -         900.0 | 2.110500e-04
2024-12-25 17:01:09,032 - INFO -        1000.0 | 2.930000e-04
2024-12-25 17:01:09,032 - INFO -        1100.0 | 3.280000e-04
2024-12-25 17:01:10,071 - INFO - 
Arrhenius Analysis Results:
2024-12-25 17:01:10,071 - ERROR - Analysis failed: name 'Ea_err' is not defined
2024-12-25 17:01:10,071 - ERROR - Program failed: name 'Ea_err' is not defined
2024-12-25 17:04:14,313 - INFO - Parsing MD results from: pretraining_md_results
2024-12-25 17:04:14,314 - INFO - Found main log file: pretraining_md_results/logs/pretraining_md_simulation.log
2024-12-25 17:04:14,314 - INFO - Found diffusion coefficient for 700.0K: 2.92e-05 cm²/s
2024-12-25 17:04:14,314 - INFO - Found diffusion coefficient for 800.0K: 7.91e-05 cm²/s
2024-12-25 17:04:14,314 - INFO - Found diffusion coefficient for 900.0K: 2.11e-04 cm²/s
2024-12-25 17:04:14,314 - INFO - Found diffusion coefficient for 1000.0K: 2.93e-04 cm²/s
2024-12-25 17:04:14,314 - INFO - Found diffusion coefficient for 1100.0K: 3.28e-04 cm²/s
2024-12-25 17:04:14,314 - INFO - 
Extracted diffusion coefficients:
2024-12-25 17:04:14,314 - INFO - Temperature (K) | Diffusion Coefficient (cm²/s)
2024-12-25 17:04:14,314 - INFO - --------------------------------------------------
2024-12-25 17:04:14,315 - INFO -         700.0 | 2.915000e-05
2024-12-25 17:04:14,315 - INFO -         800.0 | 7.905400e-05
2024-12-25 17:04:14,315 - INFO -         900.0 | 2.110500e-04
2024-12-25 17:04:14,315 - INFO -        1000.0 | 2.930000e-04
2024-12-25 17:04:14,315 - INFO -        1100.0 | 3.280000e-04
2024-12-25 17:04:15,761 - INFO - 
Arrhenius Analysis Results:
2024-12-25 17:04:15,761 - ERROR - Analysis failed: name 'Ea_err' is not defined
2024-12-25 17:04:15,761 - ERROR - Program failed: name 'Ea_err' is not defined
2024-12-25 17:10:06,976 - INFO - Parsing MD results from: pretraining_md_results
2024-12-25 17:10:06,976 - INFO - Found main log file: pretraining_md_results/logs/pretraining_md_simulation.log
2024-12-25 17:10:06,977 - INFO - Found diffusion coefficient for 700.0K: 2.92e-05 cm²/s
2024-12-25 17:10:06,977 - INFO - Found diffusion coefficient for 800.0K: 7.91e-05 cm²/s
2024-12-25 17:10:06,977 - INFO - Found diffusion coefficient for 900.0K: 2.11e-04 cm²/s
2024-12-25 17:10:06,977 - INFO - Found diffusion coefficient for 1000.0K: 2.93e-04 cm²/s
2024-12-25 17:10:06,977 - INFO - Found diffusion coefficient for 1100.0K: 3.28e-04 cm²/s
2024-12-25 17:10:06,977 - INFO - 
Extracted diffusion coefficients:
2024-12-25 17:10:06,977 - INFO - Temperature (K) | Diffusion Coefficient (cm²/s)
2024-12-25 17:10:06,977 - INFO - --------------------------------------------------
2024-12-25 17:10:06,977 - INFO -         700.0 | 2.915000e-05
2024-12-25 17:10:06,977 - INFO -         800.0 | 7.905400e-05
2024-12-25 17:10:06,977 - INFO -         900.0 | 2.110500e-04
2024-12-25 17:10:06,977 - INFO -        1000.0 | 2.930000e-04
2024-12-25 17:10:06,977 - INFO -        1100.0 | 3.280000e-04
2024-12-25 17:10:08,376 - INFO - 
Arrhenius Analysis Results:
2024-12-25 17:10:08,376 - INFO - Activation Energy: 0.422 eV
2024-12-25 17:10:08,376 - INFO - Pre-exponential factor: 3.60e-02 cm²/s
2024-12-25 17:10:08,376 - INFO - R-squared: 0.9587
2024-12-25 17:10:08,377 - INFO - Analysis completed successfully
2024-12-25 17:10:23,303 - INFO - Parsing MD results from: pretraining_md_results
2024-12-25 17:10:23,303 - INFO - Found main log file: pretraining_md_results/logs/pretraining_md_simulation.log
2024-12-25 17:10:23,304 - INFO - Found diffusion coefficient for 700.0K: 2.92e-05 cm²/s
2024-12-25 17:10:23,304 - INFO - Found diffusion coefficient for 800.0K: 7.91e-05 cm²/s
2024-12-25 17:10:23,304 - INFO - Found diffusion coefficient for 900.0K: 2.11e-04 cm²/s
2024-12-25 17:10:23,304 - INFO - Found diffusion coefficient for 1000.0K: 2.93e-04 cm²/s
2024-12-25 17:10:23,304 - INFO - Found diffusion coefficient for 1100.0K: 3.28e-04 cm²/s
2024-12-25 17:10:23,304 - INFO - 
Extracted diffusion coefficients:
2024-12-25 17:10:23,304 - INFO - Temperature (K) | Diffusion Coefficient (cm²/s)
2024-12-25 17:10:23,304 - INFO - --------------------------------------------------
2024-12-25 17:10:23,304 - INFO -         700.0 | 2.915000e-05
2024-12-25 17:10:23,304 - INFO -         800.0 | 7.905400e-05
2024-12-25 17:10:23,304 - INFO -         900.0 | 2.110500e-04
2024-12-25 17:10:23,304 - INFO -        1000.0 | 2.930000e-04
2024-12-25 17:10:23,304 - INFO -        1100.0 | 3.280000e-04
2024-12-25 17:10:24,045 - INFO - 
Arrhenius Analysis Results:
2024-12-25 17:10:24,045 - INFO - Activation Energy: 0.422 eV
2024-12-25 17:10:24,045 - INFO - Pre-exponential factor: 3.60e-02 cm²/s
2024-12-25 17:10:24,045 - INFO - R-squared: 0.9587
2024-12-25 17:10:24,046 - INFO - Analysis completed successfully
2024-12-25 17:10:51,773 - INFO - Parsing MD results from: pretraining_md_results
2024-12-25 17:10:51,773 - INFO - Found main log file: pretraining_md_results/logs/pretraining_md_simulation.log
2024-12-25 17:10:51,774 - INFO - Found diffusion coefficient for 700.0K: 2.92e-05 cm²/s
2024-12-25 17:10:51,774 - INFO - Found diffusion coefficient for 800.0K: 7.91e-05 cm²/s
2024-12-25 17:10:51,774 - INFO - Found diffusion coefficient for 900.0K: 2.11e-04 cm²/s
2024-12-25 17:10:51,774 - INFO - Found diffusion coefficient for 1000.0K: 2.93e-04 cm²/s
2024-12-25 17:10:51,774 - INFO - Found diffusion coefficient for 1100.0K: 3.28e-04 cm²/s
2024-12-25 17:10:51,774 - INFO - 
Extracted diffusion coefficients:
2024-12-25 17:10:51,774 - INFO - Temperature (K) | Diffusion Coefficient (cm²/s)
2024-12-25 17:10:51,774 - INFO - --------------------------------------------------
2024-12-25 17:10:51,774 - INFO -         700.0 | 2.915000e-05
2024-12-25 17:10:51,774 - INFO -         800.0 | 7.905400e-05
2024-12-25 17:10:51,774 - INFO -         900.0 | 2.110500e-04
2024-12-25 17:10:51,774 - INFO -        1000.0 | 2.930000e-04
2024-12-25 17:10:51,774 - INFO -        1100.0 | 3.280000e-04
2024-12-25 17:10:52,518 - INFO - 
Arrhenius Analysis Results:
2024-12-25 17:10:52,518 - INFO - Activation Energy: 0.422 eV
2024-12-25 17:10:52,518 - INFO - Pre-exponential factor: 3.60e-02 cm²/s
2024-12-25 17:10:52,518 - INFO - R-squared: 0.9587
2024-12-25 17:10:52,519 - INFO - Analysis completed successfully
2024-12-25 17:12:39,433 - INFO - Parsing MD results from: pretraining_md_results
2024-12-25 17:12:39,434 - INFO - Found main log file: pretraining_md_results/logs/pretraining_md_simulation.log
2024-12-25 17:12:39,434 - INFO - Found diffusion coefficient for 700.0K: 2.21e-05 cm²/s
2024-12-25 17:12:39,434 - INFO - Found diffusion coefficient for 800.0K: 7.91e-05 cm²/s
2024-12-25 17:12:39,434 - INFO - Found diffusion coefficient for 900.0K: 2.11e-04 cm²/s
2024-12-25 17:12:39,434 - INFO - Found diffusion coefficient for 1000.0K: 2.93e-04 cm²/s
2024-12-25 17:12:39,434 - INFO - Found diffusion coefficient for 1100.0K: 3.28e-04 cm²/s
2024-12-25 17:12:39,434 - INFO - 
Extracted diffusion coefficients:
2024-12-25 17:12:39,434 - INFO - Temperature (K) | Diffusion Coefficient (cm²/s)
2024-12-25 17:12:39,434 - INFO - --------------------------------------------------
2024-12-25 17:12:39,435 - INFO -         700.0 | 2.215000e-05
2024-12-25 17:12:39,435 - INFO -         800.0 | 7.905400e-05
2024-12-25 17:12:39,435 - INFO -         900.0 | 2.110500e-04
2024-12-25 17:12:39,435 - INFO -        1000.0 | 2.930000e-04
2024-12-25 17:12:39,435 - INFO -        1100.0 | 3.280000e-04
2024-12-25 17:12:40,813 - INFO - 
Arrhenius Analysis Results:
2024-12-25 17:12:40,813 - INFO - Activation Energy: 0.462 eV
2024-12-25 17:12:40,813 - INFO - Pre-exponential factor: 5.81e-02 cm²/s
2024-12-25 17:12:40,813 - INFO - R-squared: 0.9478
2024-12-25 17:12:40,814 - INFO - Analysis completed successfully
2024-12-25 17:12:58,810 - INFO - Parsing MD results from: pretraining_md_results
2024-12-25 17:12:58,810 - INFO - Found main log file: pretraining_md_results/logs/pretraining_md_simulation.log
2024-12-25 17:12:58,810 - INFO - Found diffusion coefficient for 700.0K: 2.92e-05 cm²/s
2024-12-25 17:12:58,810 - INFO - Found diffusion coefficient for 800.0K: 7.91e-05 cm²/s
2024-12-25 17:12:58,810 - INFO - Found diffusion coefficient for 900.0K: 1.11e-04 cm²/s
2024-12-25 17:12:58,810 - INFO - Found diffusion coefficient for 1000.0K: 2.93e-04 cm²/s
2024-12-25 17:12:58,810 - INFO - Found diffusion coefficient for 1100.0K: 3.28e-04 cm²/s
2024-12-25 17:12:58,811 - INFO - 
Extracted diffusion coefficients:
2024-12-25 17:12:58,811 - INFO - Temperature (K) | Diffusion Coefficient (cm²/s)
2024-12-25 17:12:58,811 - INFO - --------------------------------------------------
2024-12-25 17:12:58,811 - INFO -         700.0 | 2.915000e-05
2024-12-25 17:12:58,811 - INFO -         800.0 | 7.905400e-05
2024-12-25 17:12:58,811 - INFO -         900.0 | 1.110500e-04
2024-12-25 17:12:58,811 - INFO -        1000.0 | 2.930000e-04
2024-12-25 17:12:58,811 - INFO -        1100.0 | 3.280000e-04
2024-12-25 17:12:59,555 - INFO - 
Arrhenius Analysis Results:
2024-12-25 17:12:59,555 - INFO - Activation Energy: 0.412 eV
2024-12-25 17:12:59,555 - INFO - Pre-exponential factor: 2.80e-02 cm²/s
2024-12-25 17:12:59,555 - INFO - R-squared: 0.9702
2024-12-25 17:12:59,555 - INFO - Analysis completed successfully
2024-12-25 17:13:30,680 - INFO - Parsing MD results from: pretraining_md_results
2024-12-25 17:13:30,680 - INFO - Found main log file: pretraining_md_results/logs/pretraining_md_simulation.log
2024-12-25 17:13:30,681 - INFO - Found diffusion coefficient for 700.0K: 2.92e-06 cm²/s
2024-12-25 17:13:30,681 - INFO - Found diffusion coefficient for 800.0K: 1.91e-06 cm²/s
2024-12-25 17:13:30,681 - INFO - Found diffusion coefficient for 900.0K: 2.11e-05 cm²/s
2024-12-25 17:13:30,681 - INFO - Found diffusion coefficient for 1000.0K: 2.93e-05 cm²/s
2024-12-25 17:13:30,681 - INFO - Found diffusion coefficient for 1100.0K: 3.28e-05 cm²/s
2024-12-25 17:13:30,681 - INFO - 
Extracted diffusion coefficients:
2024-12-25 17:13:30,681 - INFO - Temperature (K) | Diffusion Coefficient (cm²/s)
2024-12-25 17:13:30,681 - INFO - --------------------------------------------------
2024-12-25 17:13:30,681 - INFO -         700.0 | 2.915000e-06
2024-12-25 17:13:30,681 - INFO -         800.0 | 1.905400e-06
2024-12-25 17:13:30,681 - INFO -         900.0 | 2.110500e-05
2024-12-25 17:13:30,681 - INFO -        1000.0 | 2.930000e-05
2024-12-25 17:13:30,681 - INFO -        1100.0 | 3.280000e-05
2024-12-25 17:13:31,422 - INFO - 
Arrhenius Analysis Results:
2024-12-25 17:13:31,422 - INFO - Activation Energy: 0.502 eV
2024-12-25 17:13:31,422 - INFO - Pre-exponential factor: 7.79e-03 cm²/s
2024-12-25 17:13:31,423 - INFO - R-squared: 0.7754
2024-12-25 17:13:31,423 - INFO - Analysis completed successfully
2024-12-25 17:13:50,084 - INFO - Parsing MD results from: pretraining_md_results
2024-12-25 17:13:50,084 - INFO - Found main log file: pretraining_md_results/logs/pretraining_md_simulation.log
2024-12-25 17:13:50,084 - INFO - Found diffusion coefficient for 700.0K: 2.92e-06 cm²/s
2024-12-25 17:13:50,084 - INFO - Found diffusion coefficient for 800.0K: 1.91e-06 cm²/s
2024-12-25 17:13:50,085 - INFO - Found diffusion coefficient for 900.0K: 2.11e-05 cm²/s
2024-12-25 17:13:50,085 - INFO - Found diffusion coefficient for 1000.0K: 2.93e-05 cm²/s
2024-12-25 17:13:50,085 - INFO - Found diffusion coefficient for 1100.0K: 4.28e-05 cm²/s
2024-12-25 17:13:50,085 - INFO - 
Extracted diffusion coefficients:
2024-12-25 17:13:50,085 - INFO - Temperature (K) | Diffusion Coefficient (cm²/s)
2024-12-25 17:13:50,085 - INFO - --------------------------------------------------
2024-12-25 17:13:50,085 - INFO -         700.0 | 2.915000e-06
2024-12-25 17:13:50,085 - INFO -         800.0 | 1.905400e-06
2024-12-25 17:13:50,085 - INFO -         900.0 | 2.110500e-05
2024-12-25 17:13:50,085 - INFO -        1000.0 | 2.930000e-05
2024-12-25 17:13:50,085 - INFO -        1100.0 | 4.280000e-05
2024-12-25 17:13:50,816 - INFO - 
Arrhenius Analysis Results:
2024-12-25 17:13:50,816 - INFO - Activation Energy: 0.533 eV
2024-12-25 17:13:50,816 - INFO - Pre-exponential factor: 1.24e-02 cm²/s
2024-12-25 17:13:50,816 - INFO - R-squared: 0.8017
2024-12-25 17:13:50,817 - INFO - Analysis completed successfully
2024-12-25 17:14:04,531 - INFO - Parsing MD results from: pretraining_md_results
2024-12-25 17:14:04,531 - INFO - Found main log file: pretraining_md_results/logs/pretraining_md_simulation.log
2024-12-25 17:14:04,532 - INFO - Found diffusion coefficient for 700.0K: 7.91e-06 cm²/s
2024-12-25 17:14:04,532 - INFO - Found diffusion coefficient for 800.0K: 1.91e-06 cm²/s
2024-12-25 17:14:04,532 - INFO - Found diffusion coefficient for 900.0K: 2.11e-05 cm²/s
2024-12-25 17:14:04,532 - INFO - Found diffusion coefficient for 1000.0K: 2.93e-05 cm²/s
2024-12-25 17:14:04,532 - INFO - Found diffusion coefficient for 1100.0K: 3.28e-05 cm²/s
2024-12-25 17:14:04,532 - INFO - 
Extracted diffusion coefficients:
2024-12-25 17:14:04,532 - INFO - Temperature (K) | Diffusion Coefficient (cm²/s)
2024-12-25 17:14:04,532 - INFO - --------------------------------------------------
2024-12-25 17:14:04,532 - INFO -         700.0 | 7.915000e-06
2024-12-25 17:14:04,532 - INFO -         800.0 | 1.905400e-06
2024-12-25 17:14:04,532 - INFO -         900.0 | 2.110500e-05
2024-12-25 17:14:04,532 - INFO -        1000.0 | 2.930000e-05
2024-12-25 17:14:04,532 - INFO -        1100.0 | 3.280000e-05
2024-12-25 17:14:05,248 - INFO - 
Arrhenius Analysis Results:
2024-12-25 17:14:05,248 - INFO - Activation Energy: 0.355 eV
2024-12-25 17:14:05,248 - INFO - Pre-exponential factor: 1.36e-03 cm²/s
2024-12-25 17:14:05,248 - INFO - R-squared: 0.5044
2024-12-25 17:14:05,249 - INFO - Analysis completed successfully
2024-12-25 17:14:35,970 - INFO - Parsing MD results from: pretraining_md_results
2024-12-25 17:14:35,970 - INFO - Found main log file: pretraining_md_results/logs/pretraining_md_simulation.log
2024-12-25 17:14:35,970 - INFO - Found diffusion coefficient for 700.0K: 2.92e-06 cm²/s
2024-12-25 17:14:35,971 - INFO - Found diffusion coefficient for 800.0K: 8.91e-06 cm²/s
2024-12-25 17:14:35,971 - INFO - Found diffusion coefficient for 900.0K: 2.11e-05 cm²/s
2024-12-25 17:14:35,971 - INFO - Found diffusion coefficient for 1000.0K: 2.93e-05 cm²/s
2024-12-25 17:14:35,971 - INFO - Found diffusion coefficient for 1100.0K: 3.28e-05 cm²/s
2024-12-25 17:14:35,971 - INFO - 
Extracted diffusion coefficients:
2024-12-25 17:14:35,971 - INFO - Temperature (K) | Diffusion Coefficient (cm²/s)
2024-12-25 17:14:35,971 - INFO - --------------------------------------------------
2024-12-25 17:14:35,971 - INFO -         700.0 | 2.915000e-06
2024-12-25 17:14:35,971 - INFO -         800.0 | 8.905400e-06
2024-12-25 17:14:35,971 - INFO -         900.0 | 2.110500e-05
2024-12-25 17:14:35,971 - INFO -        1000.0 | 2.930000e-05
2024-12-25 17:14:35,971 - INFO -        1100.0 | 3.280000e-05
2024-12-25 17:14:36,711 - INFO - 
Arrhenius Analysis Results:
2024-12-25 17:14:36,711 - INFO - Activation Energy: 0.415 eV
2024-12-25 17:14:36,711 - INFO - Pre-exponential factor: 3.37e-03 cm²/s
2024-12-25 17:14:36,711 - INFO - R-squared: 0.9552
2024-12-25 17:14:36,712 - INFO - Analysis completed successfully
2024-12-25 17:15:11,154 - INFO - Parsing MD results from: pretraining_md_results
2024-12-25 17:15:11,155 - INFO - Found main log file: pretraining_md_results/logs/pretraining_md_simulation.log
2024-12-25 17:15:11,155 - INFO - Found diffusion coefficient for 700.0K: 2.92e-06 cm²/s
2024-12-25 17:15:11,155 - INFO - Found diffusion coefficient for 800.0K: 7.91e-06 cm²/s
2024-12-25 17:15:11,155 - INFO - Found diffusion coefficient for 900.0K: 2.11e-05 cm²/s
2024-12-25 17:15:11,155 - INFO - Found diffusion coefficient for 1000.0K: 2.93e-05 cm²/s
2024-12-25 17:15:11,155 - INFO - Found diffusion coefficient for 1100.0K: 3.28e-05 cm²/s
2024-12-25 17:15:11,155 - INFO - 
Extracted diffusion coefficients:
2024-12-25 17:15:11,155 - INFO - Temperature (K) | Diffusion Coefficient (cm²/s)
2024-12-25 17:15:11,155 - INFO - --------------------------------------------------
2024-12-25 17:15:11,156 - INFO -         700.0 | 2.915000e-06
2024-12-25 17:15:11,156 - INFO -         800.0 | 7.905400e-06
2024-12-25 17:15:11,156 - INFO -         900.0 | 2.110500e-05
2024-12-25 17:15:11,156 - INFO -        1000.0 | 2.930000e-05
2024-12-25 17:15:11,156 - INFO -        1100.0 | 3.280000e-05
2024-12-25 17:15:11,885 - INFO - 
Arrhenius Analysis Results:
2024-12-25 17:15:11,885 - INFO - Activation Energy: 0.422 eV
2024-12-25 17:15:11,885 - INFO - Pre-exponential factor: 3.60e-03 cm²/s
2024-12-25 17:15:11,885 - INFO - R-squared: 0.9587
2024-12-25 17:15:11,886 - INFO - Analysis completed successfully
2024-12-25 17:15:21,173 - INFO - Parsing MD results from: pretraining_md_results
2024-12-25 17:15:21,173 - INFO - Found main log file: pretraining_md_results/logs/pretraining_md_simulation.log
2024-12-25 17:15:21,173 - INFO - Found diffusion coefficient for 700.0K: 2.92e-06 cm²/s
2024-12-25 17:15:21,173 - INFO - Found diffusion coefficient for 800.0K: 6.91e-06 cm²/s
2024-12-25 17:15:21,173 - INFO - Found diffusion coefficient for 900.0K: 2.11e-05 cm²/s
2024-12-25 17:15:21,174 - INFO - Found diffusion coefficient for 1000.0K: 2.93e-05 cm²/s
2024-12-25 17:15:21,174 - INFO - Found diffusion coefficient for 1100.0K: 3.28e-05 cm²/s
2024-12-25 17:15:21,174 - INFO - 
Extracted diffusion coefficients:
2024-12-25 17:15:21,174 - INFO - Temperature (K) | Diffusion Coefficient (cm²/s)
2024-12-25 17:15:21,174 - INFO - --------------------------------------------------
2024-12-25 17:15:21,174 - INFO -         700.0 | 2.915000e-06
2024-12-25 17:15:21,174 - INFO -         800.0 | 6.905400e-06
2024-12-25 17:15:21,174 - INFO -         900.0 | 2.110500e-05
2024-12-25 17:15:21,174 - INFO -        1000.0 | 2.930000e-05
2024-12-25 17:15:21,174 - INFO -        1100.0 | 3.280000e-05
2024-12-25 17:15:21,890 - INFO - 
Arrhenius Analysis Results:
2024-12-25 17:15:21,890 - INFO - Activation Energy: 0.429 eV
2024-12-25 17:15:21,890 - INFO - Pre-exponential factor: 3.87e-03 cm²/s
2024-12-25 17:15:21,891 - INFO - R-squared: 0.9570
2024-12-25 17:15:21,891 - INFO - Analysis completed successfully
2024-12-25 17:15:38,775 - INFO - Parsing MD results from: pretraining_md_results
2024-12-25 17:15:38,776 - INFO - Found main log file: pretraining_md_results/logs/pretraining_md_simulation.log
2024-12-25 17:15:38,776 - INFO - Found diffusion coefficient for 700.0K: 2.92e-06 cm²/s
2024-12-25 17:15:38,776 - INFO - Found diffusion coefficient for 800.0K: 9.91e-06 cm²/s
2024-12-25 17:15:38,776 - INFO - Found diffusion coefficient for 900.0K: 2.11e-05 cm²/s
2024-12-25 17:15:38,776 - INFO - Found diffusion coefficient for 1000.0K: 2.93e-05 cm²/s
2024-12-25 17:15:38,776 - INFO - Found diffusion coefficient for 1100.0K: 3.28e-05 cm²/s
2024-12-25 17:15:38,776 - INFO - 
Extracted diffusion coefficients:
2024-12-25 17:15:38,776 - INFO - Temperature (K) | Diffusion Coefficient (cm²/s)
2024-12-25 17:15:38,776 - INFO - --------------------------------------------------
2024-12-25 17:15:38,777 - INFO -         700.0 | 2.915000e-06
2024-12-25 17:15:38,777 - INFO -         800.0 | 9.905400e-06
2024-12-25 17:15:38,777 - INFO -         900.0 | 2.110500e-05
2024-12-25 17:15:38,777 - INFO -        1000.0 | 2.930000e-05
2024-12-25 17:15:38,777 - INFO -        1100.0 | 3.280000e-05
2024-12-25 17:15:39,501 - INFO - 
Arrhenius Analysis Results:
2024-12-25 17:15:39,501 - INFO - Activation Energy: 0.409 eV
2024-12-25 17:15:39,501 - INFO - Pre-exponential factor: 3.18e-03 cm²/s
2024-12-25 17:15:39,501 - INFO - R-squared: 0.9479
2024-12-25 17:15:39,502 - INFO - Analysis completed successfully
2024-12-25 17:15:58,681 - INFO - Parsing MD results from: pretraining_md_results
2024-12-25 17:15:58,682 - INFO - Found main log file: pretraining_md_results/logs/pretraining_md_simulation.log
2024-12-25 17:15:58,682 - INFO - Found diffusion coefficient for 700.0K: 2.92e-06 cm²/s
2024-12-25 17:15:58,682 - INFO - Found diffusion coefficient for 800.0K: 1.91e-05 cm²/s
2024-12-25 17:15:58,682 - INFO - Found diffusion coefficient for 900.0K: 2.11e-05 cm²/s
2024-12-25 17:15:58,682 - INFO - Found diffusion coefficient for 1000.0K: 2.93e-05 cm²/s
2024-12-25 17:15:58,682 - INFO - Found diffusion coefficient for 1100.0K: 3.28e-05 cm²/s
2024-12-25 17:15:58,682 - INFO - 
Extracted diffusion coefficients:
2024-12-25 17:15:58,682 - INFO - Temperature (K) | Diffusion Coefficient (cm²/s)
2024-12-25 17:15:58,682 - INFO - --------------------------------------------------
2024-12-25 17:15:58,683 - INFO -         700.0 | 2.915000e-06
2024-12-25 17:15:58,683 - INFO -         800.0 | 1.905400e-05
2024-12-25 17:15:58,683 - INFO -         900.0 | 2.110500e-05
2024-12-25 17:15:58,683 - INFO -        1000.0 | 2.930000e-05
2024-12-25 17:15:58,683 - INFO -        1100.0 | 3.280000e-05
2024-12-25 17:15:59,419 - INFO - 
Arrhenius Analysis Results:
2024-12-25 17:15:59,419 - INFO - Activation Energy: 0.372 eV
2024-12-25 17:15:59,419 - INFO - Pre-exponential factor: 2.23e-03 cm²/s
2024-12-25 17:15:59,419 - INFO - R-squared: 0.8120
2024-12-25 17:15:59,420 - INFO - Analysis completed successfully
2024-12-25 17:16:08,035 - INFO - Parsing MD results from: pretraining_md_results
2024-12-25 17:16:08,035 - INFO - Found main log file: pretraining_md_results/logs/pretraining_md_simulation.log
2024-12-25 17:16:08,036 - INFO - Found diffusion coefficient for 700.0K: 2.92e-06 cm²/s
2024-12-25 17:16:08,036 - INFO - Found diffusion coefficient for 800.0K: 3.91e-06 cm²/s
2024-12-25 17:16:08,036 - INFO - Found diffusion coefficient for 900.0K: 2.11e-05 cm²/s
2024-12-25 17:16:08,036 - INFO - Found diffusion coefficient for 1000.0K: 2.93e-05 cm²/s
2024-12-25 17:16:08,036 - INFO - Found diffusion coefficient for 1100.0K: 3.28e-05 cm²/s
2024-12-25 17:16:08,036 - INFO - 
Extracted diffusion coefficients:
2024-12-25 17:16:08,036 - INFO - Temperature (K) | Diffusion Coefficient (cm²/s)
2024-12-25 17:16:08,036 - INFO - --------------------------------------------------
2024-12-25 17:16:08,036 - INFO -         700.0 | 2.915000e-06
2024-12-25 17:16:08,036 - INFO -         800.0 | 3.905400e-06
2024-12-25 17:16:08,036 - INFO -         900.0 | 2.110500e-05
2024-12-25 17:16:08,036 - INFO -        1000.0 | 2.930000e-05
2024-12-25 17:16:08,036 - INFO -        1100.0 | 3.280000e-05
2024-12-25 17:16:08,744 - INFO - 
Arrhenius Analysis Results:
2024-12-25 17:16:08,744 - INFO - Activation Energy: 0.461 eV
2024-12-25 17:16:08,745 - INFO - Pre-exponential factor: 5.28e-03 cm²/s
2024-12-25 17:16:08,745 - INFO - R-squared: 0.8994
2024-12-25 17:16:08,745 - INFO - Analysis completed successfully
2024-12-25 17:16:14,887 - INFO - Parsing MD results from: pretraining_md_results
2024-12-25 17:16:14,887 - INFO - Found main log file: pretraining_md_results/logs/pretraining_md_simulation.log
2024-12-25 17:16:14,887 - INFO - Found diffusion coefficient for 700.0K: 2.92e-06 cm²/s
2024-12-25 17:16:14,887 - INFO - Found diffusion coefficient for 800.0K: 6.91e-06 cm²/s
2024-12-25 17:16:14,887 - INFO - Found diffusion coefficient for 900.0K: 2.11e-05 cm²/s
2024-12-25 17:16:14,887 - INFO - Found diffusion coefficient for 1000.0K: 2.93e-05 cm²/s
2024-12-25 17:16:14,887 - INFO - Found diffusion coefficient for 1100.0K: 3.28e-05 cm²/s
2024-12-25 17:16:14,887 - INFO - 
Extracted diffusion coefficients:
2024-12-25 17:16:14,887 - INFO - Temperature (K) | Diffusion Coefficient (cm²/s)
2024-12-25 17:16:14,887 - INFO - --------------------------------------------------
2024-12-25 17:16:14,887 - INFO -         700.0 | 2.915000e-06
2024-12-25 17:16:14,887 - INFO -         800.0 | 6.905400e-06
2024-12-25 17:16:14,888 - INFO -         900.0 | 2.110500e-05
2024-12-25 17:16:14,888 - INFO -        1000.0 | 2.930000e-05
2024-12-25 17:16:14,888 - INFO -        1100.0 | 3.280000e-05
2024-12-25 17:16:15,603 - INFO - 
Arrhenius Analysis Results:
2024-12-25 17:16:15,603 - INFO - Activation Energy: 0.429 eV
2024-12-25 17:16:15,603 - INFO - Pre-exponential factor: 3.87e-03 cm²/s
2024-12-25 17:16:15,603 - INFO - R-squared: 0.9570
2024-12-25 17:16:15,603 - INFO - Analysis completed successfully
2024-12-25 17:16:22,904 - INFO - Parsing MD results from: pretraining_md_results
2024-12-25 17:16:22,904 - INFO - Found main log file: pretraining_md_results/logs/pretraining_md_simulation.log
2024-12-25 17:16:22,904 - INFO - Found diffusion coefficient for 700.0K: 2.92e-06 cm²/s
2024-12-25 17:16:22,904 - INFO - Found diffusion coefficient for 800.0K: 8.91e-06 cm²/s
2024-12-25 17:16:22,904 - INFO - Found diffusion coefficient for 900.0K: 2.11e-05 cm²/s
2024-12-25 17:16:22,905 - INFO - Found diffusion coefficient for 1000.0K: 2.93e-05 cm²/s
2024-12-25 17:16:22,905 - INFO - Found diffusion coefficient for 1100.0K: 3.28e-05 cm²/s
2024-12-25 17:16:22,905 - INFO - 
Extracted diffusion coefficients:
2024-12-25 17:16:22,905 - INFO - Temperature (K) | Diffusion Coefficient (cm²/s)
2024-12-25 17:16:22,905 - INFO - --------------------------------------------------
2024-12-25 17:16:22,905 - INFO -         700.0 | 2.915000e-06
2024-12-25 17:16:22,905 - INFO -         800.0 | 8.905400e-06
2024-12-25 17:16:22,905 - INFO -         900.0 | 2.110500e-05
2024-12-25 17:16:22,905 - INFO -        1000.0 | 2.930000e-05
2024-12-25 17:16:22,905 - INFO -        1100.0 | 3.280000e-05
2024-12-25 17:16:23,618 - INFO - 
Arrhenius Analysis Results:
2024-12-25 17:16:23,618 - INFO - Activation Energy: 0.415 eV
2024-12-25 17:16:23,618 - INFO - Pre-exponential factor: 3.37e-03 cm²/s
2024-12-25 17:16:23,618 - INFO - R-squared: 0.9552
2024-12-25 17:16:23,618 - INFO - Analysis completed successfully
2024-12-25 17:16:31,639 - INFO - Parsing MD results from: pretraining_md_results
2024-12-25 17:16:31,639 - INFO - Found main log file: pretraining_md_results/logs/pretraining_md_simulation.log
2024-12-25 17:16:31,640 - INFO - Found diffusion coefficient for 700.0K: 2.92e-06 cm²/s
2024-12-25 17:16:31,640 - INFO - Found diffusion coefficient for 800.0K: 6.91e-06 cm²/s
2024-12-25 17:16:31,640 - INFO - Found diffusion coefficient for 900.0K: 2.11e-05 cm²/s
2024-12-25 17:16:31,640 - INFO - Found diffusion coefficient for 1000.0K: 2.93e-05 cm²/s
2024-12-25 17:16:31,640 - INFO - Found diffusion coefficient for 1100.0K: 3.28e-05 cm²/s
2024-12-25 17:16:31,640 - INFO - 
Extracted diffusion coefficients:
2024-12-25 17:16:31,640 - INFO - Temperature (K) | Diffusion Coefficient (cm²/s)
2024-12-25 17:16:31,640 - INFO - --------------------------------------------------
2024-12-25 17:16:31,640 - INFO -         700.0 | 2.915000e-06
2024-12-25 17:16:31,640 - INFO -         800.0 | 6.905400e-06
2024-12-25 17:16:31,640 - INFO -         900.0 | 2.110500e-05
2024-12-25 17:16:31,640 - INFO -        1000.0 | 2.930000e-05
2024-12-25 17:16:31,640 - INFO -        1100.0 | 3.280000e-05
2024-12-25 17:16:32,397 - INFO - 
Arrhenius Analysis Results:
2024-12-25 17:16:32,397 - INFO - Activation Energy: 0.429 eV
2024-12-25 17:16:32,397 - INFO - Pre-exponential factor: 3.87e-03 cm²/s
2024-12-25 17:16:32,397 - INFO - R-squared: 0.9570
2024-12-25 17:16:32,398 - INFO - Analysis completed successfully
2024-12-25 17:16:42,747 - INFO - Parsing MD results from: pretraining_md_results
2024-12-25 17:16:42,747 - INFO - Found main log file: pretraining_md_results/logs/pretraining_md_simulation.log
2024-12-25 17:16:42,747 - INFO - Found diffusion coefficient for 700.0K: 2.92e-06 cm²/s
2024-12-25 17:16:42,747 - INFO - Found diffusion coefficient for 800.0K: 6.91e-06 cm²/s
2024-12-25 17:16:42,747 - INFO - Found diffusion coefficient for 900.0K: 1.11e-05 cm²/s
2024-12-25 17:16:42,747 - INFO - Found diffusion coefficient for 1000.0K: 2.93e-05 cm²/s
2024-12-25 17:16:42,747 - INFO - Found diffusion coefficient for 1100.0K: 3.28e-05 cm²/s
2024-12-25 17:16:42,747 - INFO - 
Extracted diffusion coefficients:
2024-12-25 17:16:42,747 - INFO - Temperature (K) | Diffusion Coefficient (cm²/s)
2024-12-25 17:16:42,747 - INFO - --------------------------------------------------
2024-12-25 17:16:42,748 - INFO -         700.0 | 2.915000e-06
2024-12-25 17:16:42,748 - INFO -         800.0 | 6.905400e-06
2024-12-25 17:16:42,748 - INFO -         900.0 | 1.110500e-05
2024-12-25 17:16:42,748 - INFO -        1000.0 | 2.930000e-05
2024-12-25 17:16:42,748 - INFO -        1100.0 | 3.280000e-05
2024-12-25 17:16:43,471 - INFO - 
Arrhenius Analysis Results:
2024-12-25 17:16:43,471 - INFO - Activation Energy: 0.420 eV
2024-12-25 17:16:43,471 - INFO - Pre-exponential factor: 3.01e-03 cm²/s
2024-12-25 17:16:43,471 - INFO - R-squared: 0.9752
2024-12-25 17:16:43,471 - INFO - Analysis completed successfully
2024-12-25 17:16:55,075 - INFO - Parsing MD results from: pretraining_md_results
2024-12-25 17:16:55,076 - INFO - Found main log file: pretraining_md_results/logs/pretraining_md_simulation.log
2024-12-25 17:16:55,076 - INFO - Found diffusion coefficient for 700.0K: 2.92e-06 cm²/s
2024-12-25 17:16:55,076 - INFO - Found diffusion coefficient for 800.0K: 7.91e-06 cm²/s
2024-12-25 17:16:55,076 - INFO - Found diffusion coefficient for 900.0K: 1.11e-05 cm²/s
2024-12-25 17:16:55,076 - INFO - Found diffusion coefficient for 1000.0K: 2.93e-05 cm²/s
2024-12-25 17:16:55,076 - INFO - Found diffusion coefficient for 1100.0K: 3.28e-05 cm²/s
2024-12-25 17:16:55,076 - INFO - 
Extracted diffusion coefficients:
2024-12-25 17:16:55,076 - INFO - Temperature (K) | Diffusion Coefficient (cm²/s)
2024-12-25 17:16:55,076 - INFO - --------------------------------------------------
2024-12-25 17:16:55,076 - INFO -         700.0 | 2.915000e-06
2024-12-25 17:16:55,076 - INFO -         800.0 | 7.905400e-06
2024-12-25 17:16:55,076 - INFO -         900.0 | 1.110500e-05
2024-12-25 17:16:55,077 - INFO -        1000.0 | 2.930000e-05
2024-12-25 17:16:55,077 - INFO -        1100.0 | 3.280000e-05
2024-12-25 17:16:55,811 - INFO - 
Arrhenius Analysis Results:
2024-12-25 17:16:55,811 - INFO - Activation Energy: 0.412 eV
2024-12-25 17:16:55,811 - INFO - Pre-exponential factor: 2.80e-03 cm²/s
2024-12-25 17:16:55,811 - INFO - R-squared: 0.9702
2024-12-25 17:16:55,812 - INFO - Analysis completed successfully
2024-12-25 17:17:01,270 - INFO - Parsing MD results from: pretraining_md_results
2024-12-25 17:17:01,270 - INFO - Found main log file: pretraining_md_results/logs/pretraining_md_simulation.log
2024-12-25 17:17:01,270 - INFO - Found diffusion coefficient for 700.0K: 2.92e-06 cm²/s
2024-12-25 17:17:01,271 - INFO - Found diffusion coefficient for 800.0K: 5.91e-06 cm²/s
2024-12-25 17:17:01,271 - INFO - Found diffusion coefficient for 900.0K: 1.11e-05 cm²/s
2024-12-25 17:17:01,271 - INFO - Found diffusion coefficient for 1000.0K: 2.93e-05 cm²/s
2024-12-25 17:17:01,271 - INFO - Found diffusion coefficient for 1100.0K: 3.28e-05 cm²/s
2024-12-25 17:17:01,271 - INFO - 
Extracted diffusion coefficients:
2024-12-25 17:17:01,271 - INFO - Temperature (K) | Diffusion Coefficient (cm²/s)
2024-12-25 17:17:01,271 - INFO - --------------------------------------------------
2024-12-25 17:17:01,271 - INFO -         700.0 | 2.915000e-06
2024-12-25 17:17:01,271 - INFO -         800.0 | 5.905400e-06
2024-12-25 17:17:01,271 - INFO -         900.0 | 1.110500e-05
2024-12-25 17:17:01,271 - INFO -        1000.0 | 2.930000e-05
2024-12-25 17:17:01,271 - INFO -        1100.0 | 3.280000e-05
2024-12-25 17:17:01,974 - INFO - 
Arrhenius Analysis Results:
2024-12-25 17:17:01,974 - INFO - Activation Energy: 0.429 eV
2024-12-25 17:17:01,974 - INFO - Pre-exponential factor: 3.27e-03 cm²/s
2024-12-25 17:17:01,974 - INFO - R-squared: 0.9732
2024-12-25 17:17:01,974 - INFO - Analysis completed successfully
2024-12-25 17:17:12,737 - INFO - Parsing MD results from: pretraining_md_results
2024-12-25 17:17:12,738 - INFO - Found main log file: pretraining_md_results/logs/pretraining_md_simulation.log
2024-12-25 17:17:12,738 - INFO - Found diffusion coefficient for 700.0K: 2.92e-06 cm²/s
2024-12-25 17:17:12,738 - INFO - Found diffusion coefficient for 800.0K: 4.91e-06 cm²/s
2024-12-25 17:17:12,738 - INFO - Found diffusion coefficient for 900.0K: 1.11e-05 cm²/s
2024-12-25 17:17:12,738 - INFO - Found diffusion coefficient for 1000.0K: 2.93e-05 cm²/s
2024-12-25 17:17:12,738 - INFO - Found diffusion coefficient for 1100.0K: 3.28e-05 cm²/s
2024-12-25 17:17:12,738 - INFO - 
Extracted diffusion coefficients:
2024-12-25 17:17:12,738 - INFO - Temperature (K) | Diffusion Coefficient (cm²/s)
2024-12-25 17:17:12,738 - INFO - --------------------------------------------------
2024-12-25 17:17:12,739 - INFO -         700.0 | 2.915000e-06
2024-12-25 17:17:12,739 - INFO -         800.0 | 4.905400e-06
2024-12-25 17:17:12,739 - INFO -         900.0 | 1.110500e-05
2024-12-25 17:17:12,739 - INFO -        1000.0 | 2.930000e-05
2024-12-25 17:17:12,739 - INFO -        1100.0 | 3.280000e-05
2024-12-25 17:17:13,479 - INFO - 
Arrhenius Analysis Results:
2024-12-25 17:17:13,479 - INFO - Activation Energy: 0.439 eV
2024-12-25 17:17:13,479 - INFO - Pre-exponential factor: 3.62e-03 cm²/s
2024-12-25 17:17:13,479 - INFO - R-squared: 0.9611
2024-12-25 17:17:13,480 - INFO - Analysis completed successfully
2024-12-25 17:17:31,953 - INFO - Parsing MD results from: pretraining_md_results
2024-12-25 17:17:31,953 - INFO - Found main log file: pretraining_md_results/logs/pretraining_md_simulation.log
2024-12-25 17:17:31,953 - INFO - Found diffusion coefficient for 700.0K: 2.92e-06 cm²/s
2024-12-25 17:17:31,953 - INFO - Found diffusion coefficient for 800.0K: 9.05e-06 cm²/s
2024-12-25 17:17:31,953 - INFO - Found diffusion coefficient for 900.0K: 1.11e-05 cm²/s
2024-12-25 17:17:31,953 - INFO - Found diffusion coefficient for 1000.0K: 2.93e-05 cm²/s
2024-12-25 17:17:31,953 - INFO - Found diffusion coefficient for 1100.0K: 3.28e-05 cm²/s
2024-12-25 17:17:31,953 - INFO - 
Extracted diffusion coefficients:
2024-12-25 17:17:31,953 - INFO - Temperature (K) | Diffusion Coefficient (cm²/s)
2024-12-25 17:17:31,953 - INFO - --------------------------------------------------
2024-12-25 17:17:31,954 - INFO -         700.0 | 2.915000e-06
2024-12-25 17:17:31,954 - INFO -         800.0 | 9.054000e-06
2024-12-25 17:17:31,954 - INFO -         900.0 | 1.110500e-05
2024-12-25 17:17:31,954 - INFO -        1000.0 | 2.930000e-05
2024-12-25 17:17:31,954 - INFO -        1100.0 | 3.280000e-05
2024-12-25 17:17:32,676 - INFO - 
Arrhenius Analysis Results:
2024-12-25 17:17:32,676 - INFO - Activation Energy: 0.405 eV
2024-12-25 17:17:32,676 - INFO - Pre-exponential factor: 2.60e-03 cm²/s
2024-12-25 17:17:32,676 - INFO - R-squared: 0.9581
2024-12-25 17:17:32,677 - INFO - Analysis completed successfully
2024-12-25 17:17:43,271 - INFO - Parsing MD results from: pretraining_md_results
2024-12-25 17:17:43,272 - INFO - Found main log file: pretraining_md_results/logs/pretraining_md_simulation.log
2024-12-25 17:17:43,272 - INFO - Found diffusion coefficient for 700.0K: 2.92e-06 cm²/s
2024-12-25 17:17:43,272 - INFO - Found diffusion coefficient for 800.0K: 4.91e-06 cm²/s
2024-12-25 17:17:43,272 - INFO - Found diffusion coefficient for 900.0K: 1.11e-05 cm²/s
2024-12-25 17:17:43,272 - INFO - Found diffusion coefficient for 1000.0K: 2.93e-05 cm²/s
2024-12-25 17:17:43,272 - INFO - Found diffusion coefficient for 1100.0K: 3.28e-05 cm²/s
2024-12-25 17:17:43,272 - INFO - 
Extracted diffusion coefficients:
2024-12-25 17:17:43,272 - INFO - Temperature (K) | Diffusion Coefficient (cm²/s)
2024-12-25 17:17:43,272 - INFO - --------------------------------------------------
2024-12-25 17:17:43,273 - INFO -         700.0 | 2.915000e-06
2024-12-25 17:17:43,273 - INFO -         800.0 | 4.905400e-06
2024-12-25 17:17:43,273 - INFO -         900.0 | 1.110500e-05
2024-12-25 17:17:43,273 - INFO -        1000.0 | 2.930000e-05
2024-12-25 17:17:43,273 - INFO -        1100.0 | 3.280000e-05
2024-12-25 17:17:43,999 - INFO - 
Arrhenius Analysis Results:
2024-12-25 17:17:43,999 - INFO - Activation Energy: 0.439 eV
2024-12-25 17:17:43,999 - INFO - Pre-exponential factor: 3.62e-03 cm²/s
2024-12-25 17:17:43,999 - INFO - R-squared: 0.9611
2024-12-25 17:17:44,000 - INFO - Analysis completed successfully
2024-12-25 17:17:50,347 - INFO - Parsing MD results from: pretraining_md_results
2024-12-25 17:17:50,347 - INFO - Found main log file: pretraining_md_results/logs/pretraining_md_simulation.log
2024-12-25 17:17:50,347 - INFO - Found diffusion coefficient for 700.0K: 2.92e-06 cm²/s
2024-12-25 17:17:50,347 - INFO - Found diffusion coefficient for 800.0K: 5.91e-06 cm²/s
2024-12-25 17:17:50,347 - INFO - Found diffusion coefficient for 900.0K: 1.11e-05 cm²/s
2024-12-25 17:17:50,347 - INFO - Found diffusion coefficient for 1000.0K: 2.93e-05 cm²/s
2024-12-25 17:17:50,347 - INFO - Found diffusion coefficient for 1100.0K: 3.28e-05 cm²/s
2024-12-25 17:17:50,347 - INFO - 
Extracted diffusion coefficients:
2024-12-25 17:17:50,347 - INFO - Temperature (K) | Diffusion Coefficient (cm²/s)
2024-12-25 17:17:50,347 - INFO - --------------------------------------------------
2024-12-25 17:17:50,348 - INFO -         700.0 | 2.915000e-06
2024-12-25 17:17:50,348 - INFO -         800.0 | 5.905400e-06
2024-12-25 17:17:50,348 - INFO -         900.0 | 1.110500e-05
2024-12-25 17:17:50,348 - INFO -        1000.0 | 2.930000e-05
2024-12-25 17:17:50,348 - INFO -        1100.0 | 3.280000e-05
2024-12-25 17:17:51,075 - INFO - 
Arrhenius Analysis Results:
2024-12-25 17:17:51,075 - INFO - Activation Energy: 0.429 eV
2024-12-25 17:17:51,076 - INFO - Pre-exponential factor: 3.27e-03 cm²/s
2024-12-25 17:17:51,076 - INFO - R-squared: 0.9732
2024-12-25 17:17:51,076 - INFO - Analysis completed successfully
2024-12-25 17:18:10,917 - INFO - Parsing MD results from: pretraining_md_results
2024-12-25 17:18:10,918 - INFO - Found main log file: pretraining_md_results/logs/pretraining_md_simulation.log
2024-12-25 17:18:10,918 - INFO - Found diffusion coefficient for 700.0K: 2.92e-06 cm²/s
2024-12-25 17:18:10,918 - INFO - Found diffusion coefficient for 800.0K: 5.91e-06 cm²/s
2024-12-25 17:18:10,918 - INFO - Found diffusion coefficient for 900.0K: 1.11e-05 cm²/s
2024-12-25 17:18:10,918 - INFO - Found diffusion coefficient for 1000.0K: 1.93e-05 cm²/s
2024-12-25 17:18:10,918 - INFO - Found diffusion coefficient for 1100.0K: 3.28e-05 cm²/s
2024-12-25 17:18:10,918 - INFO - 
Extracted diffusion coefficients:
2024-12-25 17:18:10,918 - INFO - Temperature (K) | Diffusion Coefficient (cm²/s)
2024-12-25 17:18:10,918 - INFO - --------------------------------------------------
2024-12-25 17:18:10,918 - INFO -         700.0 | 2.915000e-06
2024-12-25 17:18:10,918 - INFO -         800.0 | 5.905400e-06
2024-12-25 17:18:10,919 - INFO -         900.0 | 1.110500e-05
2024-12-25 17:18:10,919 - INFO -        1000.0 | 1.930000e-05
2024-12-25 17:18:10,919 - INFO -        1100.0 | 3.280000e-05
2024-12-25 17:18:11,652 - INFO - 
Arrhenius Analysis Results:
2024-12-25 17:18:11,652 - INFO - Activation Energy: 0.399 eV
2024-12-25 17:18:11,652 - INFO - Pre-exponential factor: 2.03e-03 cm²/s
2024-12-25 17:18:11,652 - INFO - R-squared: 0.9947
2024-12-25 17:18:11,653 - INFO - Analysis completed successfully
2024-12-25 17:18:21,185 - INFO - Parsing MD results from: pretraining_md_results
2024-12-25 17:18:21,185 - INFO - Found main log file: pretraining_md_results/logs/pretraining_md_simulation.log
2024-12-25 17:18:21,186 - INFO - Found diffusion coefficient for 700.0K: 2.92e-06 cm²/s
2024-12-25 17:18:21,186 - INFO - Found diffusion coefficient for 800.0K: 5.91e-06 cm²/s
2024-12-25 17:18:21,186 - INFO - Found diffusion coefficient for 900.0K: 1.11e-05 cm²/s
2024-12-25 17:18:21,186 - INFO - Found diffusion coefficient for 1000.0K: 2.93e-05 cm²/s
2024-12-25 17:18:21,186 - INFO - Found diffusion coefficient for 1100.0K: 3.28e-05 cm²/s
2024-12-25 17:18:21,186 - INFO - 
Extracted diffusion coefficients:
2024-12-25 17:18:21,186 - INFO - Temperature (K) | Diffusion Coefficient (cm²/s)
2024-12-25 17:18:21,186 - INFO - --------------------------------------------------
2024-12-25 17:18:21,186 - INFO -         700.0 | 2.915000e-06
2024-12-25 17:18:21,186 - INFO -         800.0 | 5.905400e-06
2024-12-25 17:18:21,186 - INFO -         900.0 | 1.110500e-05
2024-12-25 17:18:21,186 - INFO -        1000.0 | 2.930000e-05
2024-12-25 17:18:21,186 - INFO -        1100.0 | 3.280000e-05
2024-12-25 17:18:21,921 - INFO - 
Arrhenius Analysis Results:
2024-12-25 17:18:21,921 - INFO - Activation Energy: 0.429 eV
2024-12-25 17:18:21,921 - INFO - Pre-exponential factor: 3.27e-03 cm²/s
2024-12-25 17:18:21,921 - INFO - R-squared: 0.9732
2024-12-25 17:18:21,921 - INFO - Analysis completed successfully
2024-12-25 17:18:31,095 - INFO - Parsing MD results from: pretraining_md_results
2024-12-25 17:18:31,096 - INFO - Found main log file: pretraining_md_results/logs/pretraining_md_simulation.log
2024-12-25 17:18:31,096 - INFO - Found diffusion coefficient for 700.0K: 2.92e-06 cm²/s
2024-12-25 17:18:31,096 - INFO - Found diffusion coefficient for 800.0K: 5.91e-06 cm²/s
2024-12-25 17:18:31,096 - INFO - Found diffusion coefficient for 900.0K: 1.11e-05 cm²/s
2024-12-25 17:18:31,096 - INFO - Found diffusion coefficient for 1000.0K: 2.73e-05 cm²/s
2024-12-25 17:18:31,096 - INFO - Found diffusion coefficient for 1100.0K: 3.28e-05 cm²/s
2024-12-25 17:18:31,096 - INFO - 
Extracted diffusion coefficients:
2024-12-25 17:18:31,096 - INFO - Temperature (K) | Diffusion Coefficient (cm²/s)
2024-12-25 17:18:31,096 - INFO - --------------------------------------------------
2024-12-25 17:18:31,096 - INFO -         700.0 | 2.915000e-06
2024-12-25 17:18:31,097 - INFO -         800.0 | 5.905400e-06
2024-12-25 17:18:31,097 - INFO -         900.0 | 1.110500e-05
2024-12-25 17:18:31,097 - INFO -        1000.0 | 2.730000e-05
2024-12-25 17:18:31,097 - INFO -        1100.0 | 3.280000e-05
2024-12-25 17:18:31,823 - INFO - 
Arrhenius Analysis Results:
2024-12-25 17:18:31,823 - INFO - Activation Energy: 0.424 eV
2024-12-25 17:18:31,823 - INFO - Pre-exponential factor: 3.02e-03 cm²/s
2024-12-25 17:18:31,823 - INFO - R-squared: 0.9803
2024-12-25 17:18:31,824 - INFO - Analysis completed successfully
2024-12-25 17:18:47,772 - INFO - Parsing MD results from: pretraining_md_results
2024-12-25 17:18:47,772 - INFO - Found main log file: pretraining_md_results/logs/pretraining_md_simulation.log
2024-12-25 17:18:47,772 - INFO - Found diffusion coefficient for 700.0K: 2.92e-06 cm²/s
2024-12-25 17:18:47,772 - INFO - Found diffusion coefficient for 800.0K: 5.91e-06 cm²/s
2024-12-25 17:18:47,773 - INFO - Found diffusion coefficient for 900.0K: 1.11e-05 cm²/s
2024-12-25 17:18:47,773 - INFO - Found diffusion coefficient for 1000.0K: 3.03e-05 cm²/s
2024-12-25 17:18:47,773 - INFO - Found diffusion coefficient for 1100.0K: 3.28e-05 cm²/s
2024-12-25 17:18:47,773 - INFO - 
Extracted diffusion coefficients:
2024-12-25 17:18:47,773 - INFO - Temperature (K) | Diffusion Coefficient (cm²/s)
2024-12-25 17:18:47,773 - INFO - --------------------------------------------------
2024-12-25 17:18:47,773 - INFO -         700.0 | 2.915000e-06
2024-12-25 17:18:47,773 - INFO -         800.0 | 5.905400e-06
2024-12-25 17:18:47,773 - INFO -         900.0 | 1.110500e-05
2024-12-25 17:18:47,773 - INFO -        1000.0 | 3.030000e-05
2024-12-25 17:18:47,773 - INFO -        1100.0 | 3.280000e-05
2024-12-25 17:18:48,495 - INFO - 
Arrhenius Analysis Results:
2024-12-25 17:18:48,496 - INFO - Activation Energy: 0.431 eV
2024-12-25 17:18:48,496 - INFO - Pre-exponential factor: 3.40e-03 cm²/s
2024-12-25 17:18:48,496 - INFO - R-squared: 0.9694
2024-12-25 17:18:48,496 - INFO - Analysis completed successfully
2024-12-25 17:18:53,601 - INFO - Parsing MD results from: pretraining_md_results
2024-12-25 17:18:53,601 - INFO - Found main log file: pretraining_md_results/logs/pretraining_md_simulation.log
2024-12-25 17:18:53,601 - INFO - Found diffusion coefficient for 700.0K: 2.92e-06 cm²/s
2024-12-25 17:18:53,601 - INFO - Found diffusion coefficient for 800.0K: 5.91e-06 cm²/s
2024-12-25 17:18:53,601 - INFO - Found diffusion coefficient for 900.0K: 1.11e-05 cm²/s
2024-12-25 17:18:53,601 - INFO - Found diffusion coefficient for 1000.0K: 2.93e-05 cm²/s
2024-12-25 17:18:53,601 - INFO - Found diffusion coefficient for 1100.0K: 3.28e-05 cm²/s
2024-12-25 17:18:53,601 - INFO - 
Extracted diffusion coefficients:
2024-12-25 17:18:53,601 - INFO - Temperature (K) | Diffusion Coefficient (cm²/s)
2024-12-25 17:18:53,601 - INFO - --------------------------------------------------
2024-12-25 17:18:53,602 - INFO -         700.0 | 2.915000e-06
2024-12-25 17:18:53,602 - INFO -         800.0 | 5.905400e-06
2024-12-25 17:18:53,602 - INFO -         900.0 | 1.110500e-05
2024-12-25 17:18:53,602 - INFO -        1000.0 | 2.930000e-05
2024-12-25 17:18:53,602 - INFO -        1100.0 | 3.280000e-05
2024-12-25 17:18:54,317 - INFO - 
Arrhenius Analysis Results:
2024-12-25 17:18:54,317 - INFO - Activation Energy: 0.429 eV
2024-12-25 17:18:54,317 - INFO - Pre-exponential factor: 3.27e-03 cm²/s
2024-12-25 17:18:54,317 - INFO - R-squared: 0.9732
2024-12-25 17:18:54,317 - INFO - Analysis completed successfully
2024-12-25 17:19:12,635 - INFO - Parsing MD results from: pretraining_md_results
2024-12-25 17:19:12,636 - INFO - Found main log file: pretraining_md_results/logs/pretraining_md_simulation.log
2024-12-25 17:19:12,636 - INFO - Found diffusion coefficient for 700.0K: 2.92e-06 cm²/s
2024-12-25 17:19:12,636 - INFO - Found diffusion coefficient for 800.0K: 4.91e-06 cm²/s
2024-12-25 17:19:12,636 - INFO - Found diffusion coefficient for 900.0K: 1.11e-05 cm²/s
2024-12-25 17:19:12,636 - INFO - Found diffusion coefficient for 1000.0K: 2.93e-05 cm²/s
2024-12-25 17:19:12,636 - INFO - Found diffusion coefficient for 1100.0K: 3.28e-05 cm²/s
2024-12-25 17:19:12,636 - INFO - 
Extracted diffusion coefficients:
2024-12-25 17:19:12,637 - INFO - Temperature (K) | Diffusion Coefficient (cm²/s)
2024-12-25 17:19:12,637 - INFO - --------------------------------------------------
2024-12-25 17:19:12,637 - INFO -         700.0 | 2.915000e-06
2024-12-25 17:19:12,637 - INFO -         800.0 | 4.905400e-06
2024-12-25 17:19:12,637 - INFO -         900.0 | 1.110500e-05
2024-12-25 17:19:12,637 - INFO -        1000.0 | 2.930000e-05
2024-12-25 17:19:12,637 - INFO -        1100.0 | 3.280000e-05
2024-12-25 17:19:13,386 - INFO - 
Arrhenius Analysis Results:
2024-12-25 17:19:13,386 - INFO - Activation Energy: 0.439 eV
2024-12-25 17:19:13,386 - INFO - Pre-exponential factor: 3.62e-03 cm²/s
2024-12-25 17:19:13,386 - INFO - R-squared: 0.9611
2024-12-25 17:19:13,387 - INFO - Analysis completed successfully
2024-12-25 17:19:20,446 - INFO - Parsing MD results from: pretraining_md_results
2024-12-25 17:19:20,446 - INFO - Found main log file: pretraining_md_results/logs/pretraining_md_simulation.log
2024-12-25 17:19:20,446 - INFO - Found diffusion coefficient for 700.0K: 2.92e-06 cm²/s
2024-12-25 17:19:20,446 - INFO - Found diffusion coefficient for 800.0K: 5.91e-06 cm²/s
2024-12-25 17:19:20,446 - INFO - Found diffusion coefficient for 900.0K: 1.11e-05 cm²/s
2024-12-25 17:19:20,446 - INFO - Found diffusion coefficient for 1000.0K: 2.93e-05 cm²/s
2024-12-25 17:19:20,446 - INFO - Found diffusion coefficient for 1100.0K: 3.28e-05 cm²/s
2024-12-25 17:19:20,446 - INFO - 
Extracted diffusion coefficients:
2024-12-25 17:19:20,446 - INFO - Temperature (K) | Diffusion Coefficient (cm²/s)
2024-12-25 17:19:20,446 - INFO - --------------------------------------------------
2024-12-25 17:19:20,447 - INFO -         700.0 | 2.915000e-06
2024-12-25 17:19:20,447 - INFO -         800.0 | 5.905400e-06
2024-12-25 17:19:20,447 - INFO -         900.0 | 1.110500e-05
2024-12-25 17:19:20,447 - INFO -        1000.0 | 2.930000e-05
2024-12-25 17:19:20,447 - INFO -        1100.0 | 3.280000e-05
2024-12-25 17:19:21,171 - INFO - 
Arrhenius Analysis Results:
2024-12-25 17:19:21,171 - INFO - Activation Energy: 0.429 eV
2024-12-25 17:19:21,171 - INFO - Pre-exponential factor: 3.27e-03 cm²/s
2024-12-25 17:19:21,171 - INFO - R-squared: 0.9732
2024-12-25 17:19:21,171 - INFO - Analysis completed successfully
2024-12-25 17:19:26,156 - INFO - Parsing MD results from: pretraining_md_results
2024-12-25 17:19:26,156 - INFO - Found main log file: pretraining_md_results/logs/pretraining_md_simulation.log
2024-12-25 17:19:26,157 - INFO - Found diffusion coefficient for 700.0K: 2.92e-06 cm²/s
2024-12-25 17:19:26,157 - INFO - Found diffusion coefficient for 800.0K: 6.91e-06 cm²/s
2024-12-25 17:19:26,157 - INFO - Found diffusion coefficient for 900.0K: 1.11e-05 cm²/s
2024-12-25 17:19:26,157 - INFO - Found diffusion coefficient for 1000.0K: 2.93e-05 cm²/s
2024-12-25 17:19:26,157 - INFO - Found diffusion coefficient for 1100.0K: 3.28e-05 cm²/s
2024-12-25 17:19:26,157 - INFO - 
Extracted diffusion coefficients:
2024-12-25 17:19:26,157 - INFO - Temperature (K) | Diffusion Coefficient (cm²/s)
2024-12-25 17:19:26,157 - INFO - --------------------------------------------------
2024-12-25 17:19:26,157 - INFO -         700.0 | 2.915000e-06
2024-12-25 17:19:26,157 - INFO -         800.0 | 6.905400e-06
2024-12-25 17:19:26,157 - INFO -         900.0 | 1.110500e-05
2024-12-25 17:19:26,157 - INFO -        1000.0 | 2.930000e-05
2024-12-25 17:19:26,157 - INFO -        1100.0 | 3.280000e-05
2024-12-25 17:19:26,854 - INFO - 
Arrhenius Analysis Results:
2024-12-25 17:19:26,854 - INFO - Activation Energy: 0.420 eV
2024-12-25 17:19:26,854 - INFO - Pre-exponential factor: 3.01e-03 cm²/s
2024-12-25 17:19:26,854 - INFO - R-squared: 0.9752
2024-12-25 17:19:26,855 - INFO - Analysis completed successfully
