2024-12-13 12:55:32,632 - INFO - Loading BaZrO3 structure...
2024-12-13 12:55:34,039 - INFO - Successfully loaded BaZrO3 structure
2024-12-13 12:55:34,040 - INFO - Loading potential model...
2024-12-13 12:55:34,278 - INFO - Loaded fine-tuned model from ./finetuned_model/final_model
2024-12-13 12:55:34,282 - INFO - Added proton 1/1:
2024-12-13 12:55:34,282 - INFO -   Near O atom: 2
2024-12-13 12:55:34,282 - INFO -   Position: [1.70611025 3.4122205  1.70611025]
2024-12-13 12:55:34,282 - INFO -   OH distance: 0.980 Å
2024-12-13 12:55:34,282 - INFO - Successfully added 1 protons
2024-12-13 12:55:34,282 - INFO - Final composition: HBaO3Zr
2024-12-13 12:55:34,282 - INFO - Starting energy minimization...
2024-12-13 12:55:35,327 - INFO - Energy minimization completed in 22 steps
2024-12-13 12:55:35,329 - INFO - 
Starting simulation at 1000K...
2024-12-13 12:55:35,333 - INFO - Running MD at 1000K...
2024-12-13 12:55:35,394 - INFO - Temperature 1000K - Step 0/2000
2024-12-13 12:55:38,374 - INFO - Temperature 1000K - Step 100/2000
2024-12-13 12:55:41,368 - INFO - Temperature 1000K - Step 200/2000
2024-12-13 12:55:44,279 - INFO - Temperature 1000K - Step 300/2000
2024-12-13 12:55:47,362 - INFO - Temperature 1000K - Step 400/2000
2024-12-13 12:55:50,941 - INFO - Temperature 1000K - Step 500/2000
2024-12-13 12:55:54,310 - INFO - Temperature 1000K - Step 600/2000
2024-12-13 12:55:57,379 - INFO - Temperature 1000K - Step 700/2000
2024-12-13 12:56:00,677 - INFO - Temperature 1000K - Step 800/2000
2024-12-13 12:56:03,700 - INFO - Temperature 1000K - Step 900/2000
2024-12-13 12:56:06,721 - INFO - Temperature 1000K - Step 1000/2000
2024-12-13 12:56:09,751 - INFO - Temperature 1000K - Step 1100/2000
2024-12-13 12:56:12,802 - INFO - Temperature 1000K - Step 1200/2000
2024-12-13 12:56:15,845 - INFO - Temperature 1000K - Step 1300/2000
2024-12-13 12:56:20,136 - INFO - Temperature 1000K - Step 1400/2000
2024-12-13 12:56:24,259 - INFO - Temperature 1000K - Step 1500/2000
2024-12-13 12:56:28,186 - INFO - Temperature 1000K - Step 1600/2000
2024-12-13 12:56:31,826 - INFO - Temperature 1000K - Step 1700/2000
2024-12-13 12:56:34,886 - INFO - Temperature 1000K - Step 1800/2000
2024-12-13 12:56:37,786 - INFO - Temperature 1000K - Step 1900/2000
2024-12-13 12:56:41,649 - INFO - Analyzing trajectory for 1000K...
2024-12-13 12:56:42,045 - INFO - Results for 1000K (x-direction):
2024-12-13 12:56:42,046 - INFO -   Diffusion coefficient: 1.3924e-05 [cm²/s]
2024-12-13 12:56:42,046 - INFO -   Maximum MSD: 2.20 Å²
2024-12-13 12:56:42,046 - INFO -   Average MSD: 1.06 Å²
2024-12-13 12:56:42,047 - INFO - Results for 1000K (y-direction):
2024-12-13 12:56:42,047 - INFO -   Diffusion coefficient: 1.4591e-04 [cm²/s]
2024-12-13 12:56:42,047 - INFO -   Maximum MSD: 2.69 Å²
2024-12-13 12:56:42,047 - INFO -   Average MSD: 1.18 Å²
2024-12-13 12:56:42,049 - INFO - Results for 1000K (z-direction):
2024-12-13 12:56:42,049 - INFO -   Diffusion coefficient: 6.5389e-05 [cm²/s]
2024-12-13 12:56:42,049 - INFO -   Maximum MSD: 1.06 Å²
2024-12-13 12:56:42,049 - INFO -   Average MSD: 0.56 Å²
2024-12-13 12:56:42,050 - INFO - Results for 1000K (total-direction):
2024-12-13 12:56:42,050 - INFO -   Diffusion coefficient: 7.5075e-05 [cm²/s]
2024-12-13 12:56:42,050 - INFO -   Maximum MSD: 4.61 Å²
2024-12-13 12:56:42,050 - INFO -   Average MSD: 2.81 Å²
2024-12-13 12:56:45,574 - INFO - Total Results for 1000K:
2024-12-13 12:56:45,574 - INFO -   Diffusion coefficient: 7.5075e-05 [cm²/s]
2024-12-13 12:56:46,197 - INFO - 
MD simulations completed for all temperatures
2024-12-13 12:59:29,963 - INFO - Loading BaZrO3 structure...
2024-12-13 12:59:31,552 - INFO - Successfully loaded BaZrO3 structure
2024-12-13 12:59:31,552 - INFO - Loading potential model...
2024-12-13 12:59:31,779 - INFO - Loaded fine-tuned model from ./finetuned_model/final_model
2024-12-13 12:59:31,782 - INFO - Added proton 1/1:
2024-12-13 12:59:31,782 - INFO -   Near O atom: 2
2024-12-13 12:59:31,782 - INFO -   Position: [1.70611025 3.4122205  1.70611025]
2024-12-13 12:59:31,782 - INFO -   OH distance: 0.980 Å
2024-12-13 12:59:31,782 - INFO - Successfully added 1 protons
2024-12-13 12:59:31,783 - INFO - Final composition: HBaO3Zr
2024-12-13 12:59:31,783 - INFO - Starting energy minimization...
2024-12-13 12:59:32,793 - INFO - Energy minimization completed in 22 steps
2024-12-13 12:59:32,795 - INFO - 
Starting simulation at 1000K...
2024-12-13 12:59:32,797 - INFO - Running MD at 1000K...
2024-12-13 12:59:32,863 - INFO - Temperature 1000K - Step 0/8000
2024-12-13 12:59:35,890 - INFO - Temperature 1000K - Step 100/8000
2024-12-13 12:59:38,732 - INFO - Temperature 1000K - Step 200/8000
2024-12-13 12:59:41,612 - INFO - Temperature 1000K - Step 300/8000
2024-12-13 12:59:44,439 - INFO - Temperature 1000K - Step 400/8000
2024-12-13 12:59:47,552 - INFO - Temperature 1000K - Step 500/8000
2024-12-13 12:59:50,468 - INFO - Temperature 1000K - Step 600/8000
2024-12-13 12:59:53,334 - INFO - Temperature 1000K - Step 700/8000
2024-12-13 12:59:56,210 - INFO - Temperature 1000K - Step 800/8000
2024-12-13 12:59:59,216 - INFO - Temperature 1000K - Step 900/8000
2024-12-13 13:00:02,274 - INFO - Temperature 1000K - Step 1000/8000
2024-12-13 13:00:05,167 - INFO - Temperature 1000K - Step 1100/8000
2024-12-13 13:00:08,109 - INFO - Temperature 1000K - Step 1200/8000
2024-12-13 13:00:10,995 - INFO - Temperature 1000K - Step 1300/8000
2024-12-13 13:00:13,945 - INFO - Temperature 1000K - Step 1400/8000
2024-12-13 13:00:17,059 - INFO - Temperature 1000K - Step 1500/8000
2024-12-13 13:00:20,112 - INFO - Temperature 1000K - Step 1600/8000
2024-12-13 13:00:22,976 - INFO - Temperature 1000K - Step 1700/8000
2024-12-13 13:00:25,865 - INFO - Temperature 1000K - Step 1800/8000
2024-12-13 13:00:28,892 - INFO - Temperature 1000K - Step 1900/8000
2024-12-13 13:00:31,891 - INFO - Temperature 1000K - Step 2000/8000
2024-12-13 13:00:34,756 - INFO - Temperature 1000K - Step 2100/8000
2024-12-13 13:00:37,660 - INFO - Temperature 1000K - Step 2200/8000
2024-12-13 13:00:40,506 - INFO - Temperature 1000K - Step 2300/8000
2024-12-13 13:00:43,370 - INFO - Temperature 1000K - Step 2400/8000
2024-12-13 13:00:46,282 - INFO - Temperature 1000K - Step 2500/8000
2024-12-13 13:00:49,208 - INFO - Temperature 1000K - Step 2600/8000
2024-12-13 13:00:52,153 - INFO - Temperature 1000K - Step 2700/8000
2024-12-13 13:00:54,990 - INFO - Temperature 1000K - Step 2800/8000
2024-12-13 13:00:57,857 - INFO - Temperature 1000K - Step 2900/8000
2024-12-13 13:01:00,724 - INFO - Temperature 1000K - Step 3000/8000
2024-12-13 13:01:03,861 - INFO - Temperature 1000K - Step 3100/8000
2024-12-13 13:01:07,183 - INFO - Temperature 1000K - Step 3200/8000
2024-12-13 13:01:10,485 - INFO - Temperature 1000K - Step 3300/8000
2024-12-13 13:01:13,620 - INFO - Temperature 1000K - Step 3400/8000
2024-12-13 13:01:16,607 - INFO - Temperature 1000K - Step 3500/8000
2024-12-13 13:01:19,637 - INFO - Temperature 1000K - Step 3600/8000
2024-12-13 13:01:22,569 - INFO - Temperature 1000K - Step 3700/8000
2024-12-13 13:01:25,447 - INFO - Temperature 1000K - Step 3800/8000
2024-12-13 13:01:28,480 - INFO - Temperature 1000K - Step 3900/8000
2024-12-13 13:01:31,379 - INFO - Temperature 1000K - Step 4000/8000
2024-12-13 13:01:34,394 - INFO - Temperature 1000K - Step 4100/8000
2024-12-13 13:01:37,273 - INFO - Temperature 1000K - Step 4200/8000
2024-12-13 13:01:40,170 - INFO - Temperature 1000K - Step 4300/8000
2024-12-13 13:01:43,245 - INFO - Temperature 1000K - Step 4400/8000
2024-12-13 13:01:46,137 - INFO - Temperature 1000K - Step 4500/8000
2024-12-13 13:01:49,094 - INFO - Temperature 1000K - Step 4600/8000
2024-12-13 13:01:52,047 - INFO - Temperature 1000K - Step 4700/8000
2024-12-13 13:01:54,894 - INFO - Temperature 1000K - Step 4800/8000
2024-12-13 13:01:57,776 - INFO - Temperature 1000K - Step 4900/8000
2024-12-13 13:02:00,943 - INFO - Temperature 1000K - Step 5000/8000
2024-12-13 13:02:04,022 - INFO - Temperature 1000K - Step 5100/8000
2024-12-13 13:02:06,957 - INFO - Temperature 1000K - Step 5200/8000
2024-12-13 13:02:09,931 - INFO - Temperature 1000K - Step 5300/8000
2024-12-13 13:02:12,907 - INFO - Temperature 1000K - Step 5400/8000
2024-12-13 13:02:15,908 - INFO - Temperature 1000K - Step 5500/8000
2024-12-13 13:02:18,922 - INFO - Temperature 1000K - Step 5600/8000
2024-12-13 13:02:22,221 - INFO - Temperature 1000K - Step 5700/8000
2024-12-13 13:02:25,736 - INFO - Temperature 1000K - Step 5800/8000
2024-12-13 13:02:28,933 - INFO - Temperature 1000K - Step 5900/8000
2024-12-13 13:02:31,908 - INFO - Temperature 1000K - Step 6000/8000
2024-12-13 13:02:34,784 - INFO - Temperature 1000K - Step 6100/8000
2024-12-13 13:02:37,699 - INFO - Temperature 1000K - Step 6200/8000
2024-12-13 13:02:40,626 - INFO - Temperature 1000K - Step 6300/8000
2024-12-13 13:02:43,621 - INFO - Temperature 1000K - Step 6400/8000
2024-12-13 13:02:46,566 - INFO - Temperature 1000K - Step 6500/8000
2024-12-13 13:02:49,439 - INFO - Temperature 1000K - Step 6600/8000
2024-12-13 13:02:52,334 - INFO - Temperature 1000K - Step 6700/8000
2024-12-13 13:02:55,179 - INFO - Temperature 1000K - Step 6800/8000
2024-12-13 13:02:58,129 - INFO - Temperature 1000K - Step 6900/8000
2024-12-13 13:03:01,104 - INFO - Temperature 1000K - Step 7000/8000
2024-12-13 13:03:04,020 - INFO - Temperature 1000K - Step 7100/8000
2024-12-13 13:03:06,929 - INFO - Temperature 1000K - Step 7200/8000
2024-12-13 13:03:09,819 - INFO - Temperature 1000K - Step 7300/8000
2024-12-13 13:03:12,817 - INFO - Temperature 1000K - Step 7400/8000
2024-12-13 13:03:15,714 - INFO - Temperature 1000K - Step 7500/8000
2024-12-13 13:03:18,609 - INFO - Temperature 1000K - Step 7600/8000
2024-12-13 13:03:21,479 - INFO - Temperature 1000K - Step 7700/8000
2024-12-13 13:03:24,497 - INFO - Temperature 1000K - Step 7800/8000
2024-12-13 13:03:27,349 - INFO - Temperature 1000K - Step 7900/8000
2024-12-13 13:03:31,160 - INFO - Analyzing trajectory for 1000K...
2024-12-13 13:03:32,455 - INFO - Results for 1000K (x-direction):
2024-12-13 13:03:32,455 - INFO -   Diffusion coefficient: 7.8809e-05 [cm²/s]
2024-12-13 13:03:32,455 - INFO -   Maximum MSD: 5.29 Å²
2024-12-13 13:03:32,456 - INFO -   Average MSD: 2.46 Å²
2024-12-13 13:03:32,457 - INFO - Results for 1000K (y-direction):
2024-12-13 13:03:32,457 - INFO -   Diffusion coefficient: 3.3582e-04 [cm²/s]
2024-12-13 13:03:32,457 - INFO -   Maximum MSD: 13.95 Å²
2024-12-13 13:03:32,457 - INFO -   Average MSD: 5.89 Å²
2024-12-13 13:03:32,459 - INFO - Results for 1000K (z-direction):
2024-12-13 13:03:32,459 - INFO -   Diffusion coefficient: 1.7538e-04 [cm²/s]
2024-12-13 13:03:32,459 - INFO -   Maximum MSD: 7.93 Å²
2024-12-13 13:03:32,459 - INFO -   Average MSD: 3.40 Å²
2024-12-13 13:03:32,461 - INFO - Results for 1000K (total-direction):
2024-12-13 13:03:32,461 - INFO -   Diffusion coefficient: 1.9667e-04 [cm²/s]
2024-12-13 13:03:32,461 - INFO -   Maximum MSD: 24.83 Å²
2024-12-13 13:03:32,461 - INFO -   Average MSD: 11.74 Å²
2024-12-13 13:03:36,863 - INFO - Total Results for 1000K:
2024-12-13 13:03:36,864 - INFO -   Diffusion coefficient: 1.9667e-04 [cm²/s]
2024-12-13 13:03:37,502 - INFO - 
MD simulations completed for all temperatures
