2024-12-06 13:34:05,503 - INFO - Loading BaZrO3 structure...
2024-12-06 13:34:07,943 - INFO - Successfully loaded BaZrO3 structure
2024-12-06 13:34:07,943 - INFO - Loading potential model...
2024-12-06 13:34:08,194 - INFO - Loaded fine-tuned model from ../vasp_json_training_finetuning_m3gnet_potential/finetuned_model/final_model
2024-12-06 13:34:08,196 - INFO - Added proton 1/1:
2024-12-06 13:34:08,197 - INFO -   Near O atom: 2
2024-12-06 13:34:08,197 - INFO -   Position: [1.70611025 3.4122205  1.70611025]
2024-12-06 13:34:08,197 - INFO -   OH distance: 0.980 Å
2024-12-06 13:34:08,197 - INFO - Successfully added 1 protons
2024-12-06 13:34:08,197 - INFO - Final composition: HBaO3Zr
2024-12-06 13:34:08,200 - INFO - 
Starting simulation at 900K...
2024-12-06 13:34:08,201 - INFO - Running MD at 900K...
2024-12-06 13:34:08,332 - INFO - Temperature 900K - Step 0/2000
2024-12-06 13:34:12,446 - INFO - Temperature 900K - Step 100/2000
2024-12-06 13:34:17,007 - INFO - Temperature 900K - Step 200/2000
2024-12-06 13:34:21,090 - INFO - Temperature 900K - Step 300/2000
2024-12-06 13:34:25,671 - INFO - Temperature 900K - Step 400/2000
2024-12-06 13:34:29,712 - INFO - Temperature 900K - Step 500/2000
2024-12-06 13:34:35,244 - INFO - Temperature 900K - Step 600/2000
2024-12-06 13:34:41,023 - INFO - Temperature 900K - Step 700/2000
2024-12-06 13:34:44,946 - INFO - Temperature 900K - Step 800/2000
2024-12-06 13:34:49,250 - INFO - Temperature 900K - Step 900/2000
2024-12-06 13:34:53,910 - INFO - Temperature 900K - Step 1000/2000
2024-12-06 13:34:57,844 - INFO - Temperature 900K - Step 1100/2000
2024-12-06 13:35:02,775 - INFO - Temperature 900K - Step 1200/2000
2024-12-06 13:35:06,878 - INFO - Temperature 900K - Step 1300/2000
2024-12-06 13:35:11,185 - INFO - Temperature 900K - Step 1400/2000
2024-12-06 13:35:15,558 - INFO - Temperature 900K - Step 1500/2000
2024-12-06 13:35:19,602 - INFO - Temperature 900K - Step 1600/2000
2024-12-06 13:35:23,885 - INFO - Temperature 900K - Step 1700/2000
2024-12-06 13:35:29,329 - INFO - Temperature 900K - Step 1800/2000
2024-12-06 13:35:34,496 - INFO - Temperature 900K - Step 1900/2000
2024-12-06 13:35:39,675 - INFO - Analyzing trajectory for 900K...
2024-12-06 13:35:40,213 - INFO - Results for 900K:
2024-12-06 13:35:40,213 - INFO -   Diffusion coefficient: 1.8018e-03 [cm^2/s]
2024-12-06 13:35:40,214 - INFO -   Maximum MSD: 196.26 Å²
2024-12-06 13:35:40,214 - INFO -   Average MSD: 127.37 Å²
2024-12-06 13:35:40,955 - INFO - 
MD simulations completed successfully
